2025-02-20 01:08:16,385 DEBUG    root            Loaded Command Group: ['gcloud', 'compute']
2025-02-20 01:08:16,403 DEBUG    root            Loaded Command Group: ['gcloud', 'compute', 'firewall_rules']
2025-02-20 01:08:16,439 DEBUG    root            Loaded Command Group: ['gcloud', 'compute', 'firewall-rules', 'list']
2025-02-20 01:08:16,467 DEBUG    root            Running [gcloud.compute.firewall-rules.list] with arguments: []
2025-02-20 01:08:16,612 DEBUG    google.auth.transport.requests Making request: GET http://metadata.google.internal/computeMetadata/v1/instance/service-accounts/service-account-1@triple-silo-451301-k8.iam.gserviceaccount.com/?recursive=true
2025-02-20 01:08:16,618 DEBUG    urllib3.connectionpool Starting new HTTP connection (1): metadata.google.internal:80
2025-02-20 01:08:16,620 DEBUG    urllib3.connectionpool http://metadata.google.internal:80 "GET /computeMetadata/v1/instance/service-accounts/service-account-1@triple-silo-451301-k8.iam.gserviceaccount.com/?recursive=true HTTP/11" 200 142
2025-02-20 01:08:16,646 DEBUG    google.auth.transport.requests Making request: GET http://metadata.google.internal/computeMetadata/v1/instance/service-accounts/service-account-1@triple-silo-451301-k8.iam.gserviceaccount.com/token
2025-02-20 01:08:16,649 DEBUG    urllib3.connectionpool http://metadata.google.internal:80 "GET /computeMetadata/v1/instance/service-accounts/service-account-1@triple-silo-451301-k8.iam.gserviceaccount.com/token HTTP/11" 200 867
2025-02-20 01:08:17,010 DEBUG    root            Chosen display Format:    table(
      name,
      network.basename(),
      direction,
      priority,
      allowed[].map().firewall_rule().list():label=ALLOW,
      denied[].map().firewall_rule().list():label=DENY,
      disabled
    )
2025-02-20 01:08:17,012 INFO     root            Display format: "    table(
      name,
      network.basename(),
      direction,
      priority,
      allowed[].map().firewall_rule().list():label=ALLOW,
      denied[].map().firewall_rule().list():label=DENY,
      disabled
    )"
2025-02-20 01:08:17,014 DEBUG    urllib3.connectionpool Starting new HTTPS connection (1): compute.googleapis.com:443
2025-02-20 01:08:17,216 DEBUG    urllib3.connectionpool https://compute.googleapis.com:443 "GET /compute/v1/projects/triple-silo-451301-k8/global/firewalls?alt=json&maxResults=500 HTTP/11" 200 None
2025-02-20 01:08:17,280 INFO     root            cache collection=compute.firewalls api_version=v1 params=['project', 'firewall']
2025-02-20 01:08:17,336 INFO     ___FILE_ONLY___ NAME
2025-02-20 01:08:17,336 INFO     ___FILE_ONLY___                     
2025-02-20 01:08:17,336 INFO     ___FILE_ONLY___ NETWORK
2025-02-20 01:08:17,336 INFO     ___FILE_ONLY___   
2025-02-20 01:08:17,336 INFO     ___FILE_ONLY___ DIRECTION
2025-02-20 01:08:17,336 INFO     ___FILE_ONLY___   
2025-02-20 01:08:17,336 INFO     ___FILE_ONLY___ PRIORITY
2025-02-20 01:08:17,336 INFO     ___FILE_ONLY___   
2025-02-20 01:08:17,337 INFO     ___FILE_ONLY___ ALLOW
2025-02-20 01:08:17,337 INFO     ___FILE_ONLY___                          
2025-02-20 01:08:17,337 INFO     ___FILE_ONLY___ DENY
2025-02-20 01:08:17,337 INFO     ___FILE_ONLY___   
2025-02-20 01:08:17,337 INFO     ___FILE_ONLY___ DISABLED
2025-02-20 01:08:17,337 INFO     ___FILE_ONLY___ 

2025-02-20 01:08:17,337 INFO     ___FILE_ONLY___ allow-fastapi
2025-02-20 01:08:17,337 INFO     ___FILE_ONLY___            
2025-02-20 01:08:17,337 INFO     ___FILE_ONLY___ default
2025-02-20 01:08:17,337 INFO     ___FILE_ONLY___   
2025-02-20 01:08:17,337 INFO     ___FILE_ONLY___ INGRESS
2025-02-20 01:08:17,337 INFO     ___FILE_ONLY___     
2025-02-20 01:08:17,337 INFO     ___FILE_ONLY___ 1000
2025-02-20 01:08:17,338 INFO     ___FILE_ONLY___       
2025-02-20 01:08:17,338 INFO     ___FILE_ONLY___ tcp:8000
2025-02-20 01:08:17,338 INFO     ___FILE_ONLY___                             
2025-02-20 01:08:17,338 INFO     ___FILE_ONLY___ False
2025-02-20 01:08:17,338 INFO     ___FILE_ONLY___ 

2025-02-20 01:08:17,338 INFO     ___FILE_ONLY___ allow-http
2025-02-20 01:08:17,338 INFO     ___FILE_ONLY___               
2025-02-20 01:08:17,338 INFO     ___FILE_ONLY___ default
2025-02-20 01:08:17,338 INFO     ___FILE_ONLY___   
2025-02-20 01:08:17,338 INFO     ___FILE_ONLY___ INGRESS
2025-02-20 01:08:17,338 INFO     ___FILE_ONLY___     
2025-02-20 01:08:17,338 INFO     ___FILE_ONLY___ 1000
2025-02-20 01:08:17,339 INFO     ___FILE_ONLY___       
2025-02-20 01:08:17,339 INFO     ___FILE_ONLY___ tcp:80
2025-02-20 01:08:17,339 INFO     ___FILE_ONLY___                               
2025-02-20 01:08:17,339 INFO     ___FILE_ONLY___ False
2025-02-20 01:08:17,339 INFO     ___FILE_ONLY___ 

2025-02-20 01:08:17,339 INFO     ___FILE_ONLY___ allow-https
2025-02-20 01:08:17,339 INFO     ___FILE_ONLY___              
2025-02-20 01:08:17,339 INFO     ___FILE_ONLY___ default
2025-02-20 01:08:17,339 INFO     ___FILE_ONLY___   
2025-02-20 01:08:17,339 INFO     ___FILE_ONLY___ INGRESS
2025-02-20 01:08:17,339 INFO     ___FILE_ONLY___     
2025-02-20 01:08:17,339 INFO     ___FILE_ONLY___ 1000
2025-02-20 01:08:17,339 INFO     ___FILE_ONLY___       
2025-02-20 01:08:17,340 INFO     ___FILE_ONLY___ tcp:443
2025-02-20 01:08:17,340 INFO     ___FILE_ONLY___                              
2025-02-20 01:08:17,340 INFO     ___FILE_ONLY___ False
2025-02-20 01:08:17,340 INFO     ___FILE_ONLY___ 

2025-02-20 01:08:17,340 INFO     ___FILE_ONLY___ allow-mc-server
2025-02-20 01:08:17,340 INFO     ___FILE_ONLY___          
2025-02-20 01:08:17,340 INFO     ___FILE_ONLY___ default
2025-02-20 01:08:17,340 INFO     ___FILE_ONLY___   
2025-02-20 01:08:17,340 INFO     ___FILE_ONLY___ INGRESS
2025-02-20 01:08:17,340 INFO     ___FILE_ONLY___     
2025-02-20 01:08:17,340 INFO     ___FILE_ONLY___ 1000
2025-02-20 01:08:17,340 INFO     ___FILE_ONLY___       
2025-02-20 01:08:17,341 INFO     ___FILE_ONLY___ tcp:25565
2025-02-20 01:08:17,341 INFO     ___FILE_ONLY___                            
2025-02-20 01:08:17,341 INFO     ___FILE_ONLY___ False
2025-02-20 01:08:17,341 INFO     ___FILE_ONLY___ 

2025-02-20 01:08:17,341 INFO     ___FILE_ONLY___ allow-pls
2025-02-20 01:08:17,341 INFO     ___FILE_ONLY___                
2025-02-20 01:08:17,341 INFO     ___FILE_ONLY___ default
2025-02-20 01:08:17,341 INFO     ___FILE_ONLY___   
2025-02-20 01:08:17,341 INFO     ___FILE_ONLY___ INGRESS
2025-02-20 01:08:17,341 INFO     ___FILE_ONLY___     
2025-02-20 01:08:17,341 INFO     ___FILE_ONLY___ 1000
2025-02-20 01:08:17,341 INFO     ___FILE_ONLY___       
2025-02-20 01:08:17,341 INFO     ___FILE_ONLY___ tcp:3000
2025-02-20 01:08:17,341 INFO     ___FILE_ONLY___                             
2025-02-20 01:08:17,342 INFO     ___FILE_ONLY___ False
2025-02-20 01:08:17,342 INFO     ___FILE_ONLY___ 

2025-02-20 01:08:17,342 INFO     ___FILE_ONLY___ allow-vite
2025-02-20 01:08:17,342 INFO     ___FILE_ONLY___               
2025-02-20 01:08:17,342 INFO     ___FILE_ONLY___ default
2025-02-20 01:08:17,342 INFO     ___FILE_ONLY___   
2025-02-20 01:08:17,342 INFO     ___FILE_ONLY___ INGRESS
2025-02-20 01:08:17,342 INFO     ___FILE_ONLY___     
2025-02-20 01:08:17,342 INFO     ___FILE_ONLY___ 1000
2025-02-20 01:08:17,342 INFO     ___FILE_ONLY___       
2025-02-20 01:08:17,342 INFO     ___FILE_ONLY___ tcp:5173
2025-02-20 01:08:17,342 INFO     ___FILE_ONLY___                             
2025-02-20 01:08:17,342 INFO     ___FILE_ONLY___ False
2025-02-20 01:08:17,342 INFO     ___FILE_ONLY___ 

2025-02-20 01:08:17,343 INFO     ___FILE_ONLY___ default-allow-http
2025-02-20 01:08:17,343 INFO     ___FILE_ONLY___       
2025-02-20 01:08:17,343 INFO     ___FILE_ONLY___ default
2025-02-20 01:08:17,343 INFO     ___FILE_ONLY___   
2025-02-20 01:08:17,343 INFO     ___FILE_ONLY___ INGRESS
2025-02-20 01:08:17,343 INFO     ___FILE_ONLY___     
2025-02-20 01:08:17,343 INFO     ___FILE_ONLY___ 1000
2025-02-20 01:08:17,343 INFO     ___FILE_ONLY___       
2025-02-20 01:08:17,343 INFO     ___FILE_ONLY___ tcp:80
2025-02-20 01:08:17,343 INFO     ___FILE_ONLY___                               
2025-02-20 01:08:17,343 INFO     ___FILE_ONLY___ False
2025-02-20 01:08:17,343 INFO     ___FILE_ONLY___ 

2025-02-20 01:08:17,343 INFO     ___FILE_ONLY___ default-allow-https
2025-02-20 01:08:17,344 INFO     ___FILE_ONLY___      
2025-02-20 01:08:17,344 INFO     ___FILE_ONLY___ default
2025-02-20 01:08:17,344 INFO     ___FILE_ONLY___   
2025-02-20 01:08:17,344 INFO     ___FILE_ONLY___ INGRESS
2025-02-20 01:08:17,344 INFO     ___FILE_ONLY___     
2025-02-20 01:08:17,344 INFO     ___FILE_ONLY___ 1000
2025-02-20 01:08:17,344 INFO     ___FILE_ONLY___       
2025-02-20 01:08:17,344 INFO     ___FILE_ONLY___ tcp:443
2025-02-20 01:08:17,344 INFO     ___FILE_ONLY___                              
2025-02-20 01:08:17,344 INFO     ___FILE_ONLY___ False
2025-02-20 01:08:17,344 INFO     ___FILE_ONLY___ 

2025-02-20 01:08:17,344 INFO     ___FILE_ONLY___ default-allow-icmp
2025-02-20 01:08:17,344 INFO     ___FILE_ONLY___       
2025-02-20 01:08:17,344 INFO     ___FILE_ONLY___ default
2025-02-20 01:08:17,345 INFO     ___FILE_ONLY___   
2025-02-20 01:08:17,345 INFO     ___FILE_ONLY___ INGRESS
2025-02-20 01:08:17,345 INFO     ___FILE_ONLY___     
2025-02-20 01:08:17,345 INFO     ___FILE_ONLY___ 65534
2025-02-20 01:08:17,345 INFO     ___FILE_ONLY___      
2025-02-20 01:08:17,345 INFO     ___FILE_ONLY___ icmp
2025-02-20 01:08:17,345 INFO     ___FILE_ONLY___                                 
2025-02-20 01:08:17,345 INFO     ___FILE_ONLY___ False
2025-02-20 01:08:17,345 INFO     ___FILE_ONLY___ 

2025-02-20 01:08:17,345 INFO     ___FILE_ONLY___ default-allow-internal
2025-02-20 01:08:17,345 INFO     ___FILE_ONLY___   
2025-02-20 01:08:17,345 INFO     ___FILE_ONLY___ default
2025-02-20 01:08:17,345 INFO     ___FILE_ONLY___   
2025-02-20 01:08:17,345 INFO     ___FILE_ONLY___ INGRESS
2025-02-20 01:08:17,345 INFO     ___FILE_ONLY___     
2025-02-20 01:08:17,346 INFO     ___FILE_ONLY___ 65534
2025-02-20 01:08:17,346 INFO     ___FILE_ONLY___      
2025-02-20 01:08:17,346 INFO     ___FILE_ONLY___ tcp:0-65535,udp:0-65535,icmp
2025-02-20 01:08:17,346 INFO     ___FILE_ONLY___         
2025-02-20 01:08:17,346 INFO     ___FILE_ONLY___ False
2025-02-20 01:08:17,346 INFO     ___FILE_ONLY___ 

2025-02-20 01:08:17,346 INFO     ___FILE_ONLY___ default-allow-rdp
2025-02-20 01:08:17,346 INFO     ___FILE_ONLY___        
2025-02-20 01:08:17,346 INFO     ___FILE_ONLY___ default
2025-02-20 01:08:17,346 INFO     ___FILE_ONLY___   
2025-02-20 01:08:17,346 INFO     ___FILE_ONLY___ INGRESS
2025-02-20 01:08:17,346 INFO     ___FILE_ONLY___     
2025-02-20 01:08:17,346 INFO     ___FILE_ONLY___ 65534
2025-02-20 01:08:17,346 INFO     ___FILE_ONLY___      
2025-02-20 01:08:17,346 INFO     ___FILE_ONLY___ tcp:3389
2025-02-20 01:08:17,347 INFO     ___FILE_ONLY___                             
2025-02-20 01:08:17,347 INFO     ___FILE_ONLY___ False
2025-02-20 01:08:17,347 INFO     ___FILE_ONLY___ 

2025-02-20 01:08:17,347 INFO     ___FILE_ONLY___ default-allow-ssh
2025-02-20 01:08:17,347 INFO     ___FILE_ONLY___        
2025-02-20 01:08:17,347 INFO     ___FILE_ONLY___ default
2025-02-20 01:08:17,347 INFO     ___FILE_ONLY___   
2025-02-20 01:08:17,347 INFO     ___FILE_ONLY___ INGRESS
2025-02-20 01:08:17,347 INFO     ___FILE_ONLY___     
2025-02-20 01:08:17,347 INFO     ___FILE_ONLY___ 65534
2025-02-20 01:08:17,347 INFO     ___FILE_ONLY___      
2025-02-20 01:08:17,347 INFO     ___FILE_ONLY___ tcp:22
2025-02-20 01:08:17,347 INFO     ___FILE_ONLY___                               
2025-02-20 01:08:17,347 INFO     ___FILE_ONLY___ False
2025-02-20 01:08:17,348 INFO     ___FILE_ONLY___ 

2025-02-20 01:08:17,348 INFO     ___FILE_ONLY___ 
To show all fields of the firewall, please show in JSON format: --format=json
To show all fields in table format, please see the examples in --help.


2025-02-20 01:08:17,348 DEBUG    root            SDK update checks are disabled.
