0 verbose cli /usr/bin/node /usr/lib/node_modules/npm/bin/npm-cli.js
1 info using npm@10.8.2
2 info using node@v18.20.6
3 silly config load:file:/usr/lib/node_modules/npm/npmrc
4 silly config load:file:/home/rodriguezcasmarialuisa/blog-backend/.npmrc
5 silly config load:file:/home/rodriguezcasmarialuisa/.npmrc
6 silly config load:file:/usr/etc/npmrc
7 verbose title npm exec create-vite@latest blog-frontend --template react
8 verbose argv "exec" "--" "create-vite@latest" "blog-frontend" "--template" "react"
9 verbose logfile logs-max:10 dir:/home/rodriguezcasmarialuisa/.npm/_logs/2025-02-18T17_23_01_610Z-
10 verbose logfile /home/rodriguezcasmarialuisa/.npm/_logs/2025-02-18T17_23_01_610Z-debug-0.log
11 silly logfile done cleaning log files
12 silly packumentCache heap:2102132736 maxSize:525533184 maxEntrySize:262766592
13 http fetch GET 200 https://registry.npmjs.org/create-vite 178ms (cache updated)
14 silly packumentCache heap:2102132736 maxSize:525533184 maxEntrySize:262766592
15 silly packumentCache heap:2102132736 maxSize:525533184 maxEntrySize:262766592
16 verbose cwd /home/rodriguezcasmarialuisa/blog-backend
17 verbose os Linux 6.8.0-1021-gcp
18 verbose node v18.20.6
19 verbose npm  v10.8.2
20 verbose exit 0
21 info ok
