0 verbose cli /usr/bin/node /usr/bin/npm
1 info using npm@10.8.2
2 info using node@v18.20.6
3 silly config load:file:/usr/lib/node_modules/npm/npmrc
4 silly config load:file:/home/rodriguezcasmarialuisa/blog-frontend/.npmrc
5 silly config load:file:/home/rodriguezcasmarialuisa/.npmrc
6 silly config load:file:/usr/etc/npmrc
7 verbose title npm install @tinymce/tinymce-react
8 verbose argv "install" "@tinymce/tinymce-react"
9 verbose logfile logs-max:10 dir:/home/rodriguezcasmarialuisa/.npm/_logs/2025-02-20T02_24_09_611Z-
10 verbose logfile /home/rodriguezcasmarialuisa/.npm/_logs/2025-02-20T02_24_09_611Z-debug-0.log
11 silly packumentCache heap:2102132736 maxSize:525533184 maxEntrySize:262766592
12 silly logfile start cleaning logs, removing 1 files
13 silly logfile done cleaning log files
14 silly idealTree buildDeps
15 silly fetch manifest @tinymce/tinymce-react@^5.1.1
16 silly packumentCache full:https://registry.npmjs.org/@tinymce%2ftinymce-react cache-miss
17 verbose shrinkwrap failed to load node_modules/.package-lock.json out of date, updated: node_modules
18 http fetch GET 200 https://registry.npmjs.org/@tinymce%2ftinymce-react 1107ms (cache updated)
19 silly packumentCache full:https://registry.npmjs.org/@tinymce%2ftinymce-react set size:undefined disposed:false
20 silly fetch manifest react@^18.3.1
21 silly packumentCache full:https://registry.npmjs.org/react cache-miss
22 http fetch GET 200 https://registry.npmjs.org/react 199ms (cache updated)
23 silly packumentCache full:https://registry.npmjs.org/react set size:undefined disposed:false
24 silly fetch manifest react-dom@^18.3.1
25 silly packumentCache full:https://registry.npmjs.org/react-dom cache-miss
26 http fetch GET 200 https://registry.npmjs.org/react-dom 216ms (cache updated)
27 silly packumentCache full:https://registry.npmjs.org/react-dom set size:undefined disposed:false
28 silly placeDep ROOT @tinymce/tinymce-react@5.1.1 REPLACE for: blog-frontend@0.0.0 want: ^5.1.1
29 silly reify moves {}
30 silly audit bulk request {
30 silly audit   '@ampproject/remapping': [ '2.3.0' ],
30 silly audit   '@babel/code-frame': [ '7.26.2' ],
30 silly audit   '@babel/compat-data': [ '7.26.8' ],
30 silly audit   '@babel/core': [ '7.26.9' ],
30 silly audit   '@babel/generator': [ '7.26.9' ],
30 silly audit   '@babel/helper-compilation-targets': [ '7.26.5' ],
30 silly audit   '@babel/helper-module-imports': [ '7.25.9' ],
30 silly audit   '@babel/helper-module-transforms': [ '7.26.0' ],
30 silly audit   '@babel/helper-plugin-utils': [ '7.26.5' ],
30 silly audit   '@babel/helper-string-parser': [ '7.25.9' ],
30 silly audit   '@babel/helper-validator-identifier': [ '7.25.9' ],
30 silly audit   '@babel/helper-validator-option': [ '7.25.9' ],
30 silly audit   '@babel/helpers': [ '7.26.9' ],
30 silly audit   '@babel/parser': [ '7.26.9' ],
30 silly audit   '@babel/plugin-transform-react-jsx-self': [ '7.25.9' ],
30 silly audit   '@babel/plugin-transform-react-jsx-source': [ '7.25.9' ],
30 silly audit   '@babel/template': [ '7.26.9' ],
30 silly audit   '@babel/traverse': [ '7.26.9' ],
30 silly audit   globals: [ '11.12.0', '14.0.0', '15.15.0' ],
30 silly audit   '@babel/types': [ '7.26.9' ],
30 silly audit   '@esbuild/aix-ppc64': [ '0.24.2' ],
30 silly audit   '@esbuild/android-arm': [ '0.24.2' ],
30 silly audit   '@esbuild/android-arm64': [ '0.24.2' ],
30 silly audit   '@esbuild/android-x64': [ '0.24.2' ],
30 silly audit   '@esbuild/darwin-arm64': [ '0.24.2' ],
30 silly audit   '@esbuild/darwin-x64': [ '0.24.2' ],
30 silly audit   '@esbuild/freebsd-arm64': [ '0.24.2' ],
30 silly audit   '@esbuild/freebsd-x64': [ '0.24.2' ],
30 silly audit   '@esbuild/linux-arm': [ '0.24.2' ],
30 silly audit   '@esbuild/linux-arm64': [ '0.24.2' ],
30 silly audit   '@esbuild/linux-ia32': [ '0.24.2' ],
30 silly audit   '@esbuild/linux-loong64': [ '0.24.2' ],
30 silly audit   '@esbuild/linux-mips64el': [ '0.24.2' ],
30 silly audit   '@esbuild/linux-ppc64': [ '0.24.2' ],
30 silly audit   '@esbuild/linux-riscv64': [ '0.24.2' ],
30 silly audit   '@esbuild/linux-s390x': [ '0.24.2' ],
30 silly audit   '@esbuild/linux-x64': [ '0.24.2' ],
30 silly audit   '@esbuild/netbsd-arm64': [ '0.24.2' ],
30 silly audit   '@esbuild/netbsd-x64': [ '0.24.2' ],
30 silly audit   '@esbuild/openbsd-arm64': [ '0.24.2' ],
30 silly audit   '@esbuild/openbsd-x64': [ '0.24.2' ],
30 silly audit   '@esbuild/sunos-x64': [ '0.24.2' ],
30 silly audit   '@esbuild/win32-arm64': [ '0.24.2' ],
30 silly audit   '@esbuild/win32-ia32': [ '0.24.2' ],
30 silly audit   '@esbuild/win32-x64': [ '0.24.2' ],
30 silly audit   '@eslint-community/eslint-utils': [ '4.4.1' ],
30 silly audit   'eslint-visitor-keys': [ '3.4.3', '4.2.0' ],
30 silly audit   '@eslint-community/regexpp': [ '4.12.1' ],
30 silly audit   '@eslint/config-array': [ '0.19.2' ],
30 silly audit   '@eslint/core': [ '0.11.0' ],
30 silly audit   '@eslint/eslintrc': [ '3.2.0' ],
30 silly audit   '@eslint/js': [ '9.20.0' ],
30 silly audit   '@eslint/object-schema': [ '2.1.6' ],
30 silly audit   '@eslint/plugin-kit': [ '0.2.6' ],
30 silly audit   '@humanfs/core': [ '0.19.1' ],
30 silly audit   '@humanfs/node': [ '0.16.6' ],
30 silly audit   '@humanwhocodes/retry': [ '0.3.1', '0.4.2' ],
30 silly audit   '@humanwhocodes/module-importer': [ '1.0.1' ],
30 silly audit   '@jridgewell/gen-mapping': [ '0.3.8' ],
30 silly audit   '@jridgewell/resolve-uri': [ '3.1.2' ],
30 silly audit   '@jridgewell/set-array': [ '1.2.1' ],
30 silly audit   '@jridgewell/sourcemap-codec': [ '1.5.0' ],
30 silly audit   '@jridgewell/trace-mapping': [ '0.3.25' ],
30 silly audit   '@remix-run/router': [ '1.22.0' ],
30 silly audit   '@rollup/rollup-android-arm-eabi': [ '4.34.8' ],
30 silly audit   '@rollup/rollup-android-arm64': [ '4.34.8' ],
30 silly audit   '@rollup/rollup-darwin-arm64': [ '4.34.8' ],
30 silly audit   '@rollup/rollup-darwin-x64': [ '4.34.8' ],
30 silly audit   '@rollup/rollup-freebsd-arm64': [ '4.34.8' ],
30 silly audit   '@rollup/rollup-freebsd-x64': [ '4.34.8' ],
30 silly audit   '@rollup/rollup-linux-arm-gnueabihf': [ '4.34.8' ],
30 silly audit   '@rollup/rollup-linux-arm-musleabihf': [ '4.34.8' ],
30 silly audit   '@rollup/rollup-linux-arm64-gnu': [ '4.34.8' ],
30 silly audit   '@rollup/rollup-linux-arm64-musl': [ '4.34.8' ],
30 silly audit   '@rollup/rollup-linux-loongarch64-gnu': [ '4.34.8' ],
30 silly audit   '@rollup/rollup-linux-powerpc64le-gnu': [ '4.34.8' ],
30 silly audit   '@rollup/rollup-linux-riscv64-gnu': [ '4.34.8' ],
30 silly audit   '@rollup/rollup-linux-s390x-gnu': [ '4.34.8' ],
30 silly audit   '@rollup/rollup-linux-x64-gnu': [ '4.34.8' ],
30 silly audit   '@rollup/rollup-linux-x64-musl': [ '4.34.8' ],
30 silly audit   '@rollup/rollup-win32-arm64-msvc': [ '4.34.8' ],
30 silly audit   '@rollup/rollup-win32-ia32-msvc': [ '4.34.8' ],
30 silly audit   '@rollup/rollup-win32-x64-msvc': [ '4.34.8' ],
30 silly audit   '@types/babel__core': [ '7.20.5' ],
30 silly audit   '@types/babel__generator': [ '7.6.8' ],
30 silly audit   '@types/babel__template': [ '7.4.4' ],
30 silly audit   '@types/babel__traverse': [ '7.20.6' ],
30 silly audit   '@types/estree': [ '1.0.6' ],
30 silly audit   '@types/json-schema': [ '7.0.15' ],
30 silly audit   '@types/react': [ '19.0.10' ],
30 silly audit   '@types/react-dom': [ '19.0.4' ],
30 silly audit   '@vitejs/plugin-react': [ '4.3.4' ],
30 silly audit   acorn: [ '8.14.0' ],
30 silly audit   'acorn-jsx': [ '5.3.2' ],
30 silly audit   ajv: [ '6.12.6' ],
30 silly audit   'ansi-styles': [ '4.3.0' ],
30 silly audit   argparse: [ '2.0.1' ],
30 silly audit   'array-buffer-byte-length': [ '1.0.2' ],
30 silly audit   'array-includes': [ '3.1.8' ],
30 silly audit   'array.prototype.findlast': [ '1.2.5' ],
30 silly audit   'array.prototype.flat': [ '1.3.3' ],
30 silly audit   'array.prototype.flatmap': [ '1.3.3' ],
30 silly audit   'array.prototype.tosorted': [ '1.1.4' ],
30 silly audit   'arraybuffer.prototype.slice': [ '1.0.4' ],
30 silly audit   'async-function': [ '1.0.0' ],
30 silly audit   asynckit: [ '0.4.0' ],
30 silly audit   'available-typed-arrays': [ '1.0.7' ],
30 silly audit   axios: [ '1.7.9' ],
30 silly audit   'balanced-match': [ '1.0.2' ],
30 silly audit   'brace-expansion': [ '1.1.11' ],
30 silly audit   browserslist: [ '4.24.4' ],
30 silly audit   'call-bind': [ '1.0.8' ],
30 silly audit   'call-bind-apply-helpers': [ '1.0.2' ],
30 silly audit   'call-bound': [ '1.0.3' ],
30 silly audit   callsites: [ '3.1.0' ],
30 silly audit   'caniuse-lite': [ '1.0.30001700' ],
30 silly audit   chalk: [ '4.1.2' ],
30 silly audit   'color-convert': [ '2.0.1' ],
30 silly audit   'color-name': [ '1.1.4' ],
30 silly audit   'combined-stream': [ '1.0.8' ],
30 silly audit   'concat-map': [ '0.0.1' ],
30 silly audit   'convert-source-map': [ '2.0.0' ],
30 silly audit   'cross-spawn': [ '7.0.6' ],
30 silly audit   csstype: [ '3.1.3' ],
30 silly audit   'data-view-buffer': [ '1.0.2' ],
30 silly audit   'data-view-byte-length': [ '1.0.2' ],
30 silly audit   'data-view-byte-offset': [ '1.0.1' ],
30 silly audit   debug: [ '4.4.0' ],
30 silly audit   'deep-is': [ '0.1.4' ],
30 silly audit   'define-data-property': [ '1.1.4' ],
30 silly audit   'define-properties': [ '1.2.1' ],
30 silly audit   'delayed-stream': [ '1.0.0' ],
30 silly audit   doctrine: [ '2.1.0' ],
30 silly audit   'dunder-proto': [ '1.0.1' ],
30 silly audit   'electron-to-chromium': [ '1.5.102' ],
30 silly audit   'es-abstract': [ '1.23.9' ],
30 silly audit   'es-define-property': [ '1.0.1' ],
30 silly audit   'es-errors': [ '1.3.0' ],
30 silly audit   'es-iterator-helpers': [ '1.2.1' ],
30 silly audit   'es-object-atoms': [ '1.1.1' ],
30 silly audit   'es-set-tostringtag': [ '2.1.0' ],
30 silly audit   'es-shim-unscopables': [ '1.1.0' ],
30 silly audit   'es-to-primitive': [ '1.3.0' ],
30 silly audit   esbuild: [ '0.24.2' ],
30 silly audit   escalade: [ '3.2.0' ],
30 silly audit   'escape-string-regexp': [ '4.0.0' ],
30 silly audit   eslint: [ '9.20.1' ],
30 silly audit   'eslint-plugin-react': [ '7.37.4' ],
30 silly audit   'eslint-plugin-react-hooks': [ '5.1.0' ],
30 silly audit   'eslint-plugin-react-refresh': [ '0.4.19' ],
30 silly audit   'eslint-scope': [ '8.2.0' ],
30 silly audit   espree: [ '10.3.0' ],
30 silly audit   esquery: [ '1.6.0' ],
30 silly audit   esrecurse: [ '4.3.0' ],
30 silly audit   estraverse: [ '5.3.0' ],
30 silly audit   esutils: [ '2.0.3' ],
30 silly audit   'fast-deep-equal': [ '3.1.3' ],
30 silly audit   'fast-json-stable-stringify': [ '2.1.0' ],
30 silly audit   'fast-levenshtein': [ '2.0.6' ],
30 silly audit   'file-entry-cache': [ '8.0.0' ],
30 silly audit   'find-up': [ '5.0.0' ],
30 silly audit   'flat-cache': [ '4.0.1' ],
30 silly audit   flatted: [ '3.3.3' ],
30 silly audit   'follow-redirects': [ '1.15.9' ],
30 silly audit   'for-each': [ '0.3.5' ],
30 silly audit   'form-data': [ '4.0.2' ],
30 silly audit   fsevents: [ '2.3.3' ],
30 silly audit   'function-bind': [ '1.1.2' ],
30 silly audit   'function.prototype.name': [ '1.1.8' ],
30 silly audit   'functions-have-names': [ '1.2.3' ],
30 silly audit   gensync: [ '1.0.0-beta.2' ],
30 silly audit   'get-intrinsic': [ '1.2.7' ],
30 silly audit   'get-proto': [ '1.0.1' ],
30 silly audit   'get-symbol-description': [ '1.1.0' ],
30 silly audit   'glob-parent': [ '6.0.2' ],
30 silly audit   globalthis: [ '1.0.4' ],
30 silly audit   gopd: [ '1.2.0' ],
30 silly audit   'has-bigints': [ '1.1.0' ],
30 silly audit   'has-flag': [ '4.0.0' ],
30 silly audit   'has-property-descriptors': [ '1.0.2' ],
30 silly audit   'has-proto': [ '1.2.0' ],
30 silly audit   'has-symbols': [ '1.1.0' ],
30 silly audit   'has-tostringtag': [ '1.0.2' ],
30 silly audit   hasown: [ '2.0.2' ],
30 silly audit   ignore: [ '5.3.2' ],
30 silly audit   'import-fresh': [ '3.3.1' ],
30 silly audit   imurmurhash: [ '0.1.4' ],
30 silly audit   'internal-slot': [ '1.1.0' ],
30 silly audit   'is-array-buffer': [ '3.0.5' ],
30 silly audit   'is-async-function': [ '2.1.1' ],
30 silly audit   'is-bigint': [ '1.1.0' ],
30 silly audit   'is-boolean-object': [ '1.2.2' ],
30 silly audit   'is-callable': [ '1.2.7' ],
30 silly audit   'is-core-module': [ '2.16.1' ],
30 silly audit   'is-data-view': [ '1.0.2' ],
30 silly audit   'is-date-object': [ '1.1.0' ],
30 silly audit   'is-extglob': [ '2.1.1' ],
30 silly audit   'is-finalizationregistry': [ '1.1.1' ],
30 silly audit   'is-generator-function': [ '1.1.0' ],
30 silly audit   'is-glob': [ '4.0.3' ],
30 silly audit   'is-map': [ '2.0.3' ],
30 silly audit   'is-number-object': [ '1.1.1' ],
30 silly audit   'is-regex': [ '1.2.1' ],
30 silly audit   'is-set': [ '2.0.3' ],
30 silly audit   'is-shared-array-buffer': [ '1.0.4' ],
30 silly audit   'is-string': [ '1.1.1' ],
30 silly audit   'is-symbol': [ '1.1.1' ],
30 silly audit   'is-typed-array': [ '1.1.15' ],
30 silly audit   'is-weakmap': [ '2.0.2' ],
30 silly audit   'is-weakref': [ '1.1.1' ],
30 silly audit   'is-weakset': [ '2.0.4' ],
30 silly audit   isarray: [ '2.0.5' ],
30 silly audit   isexe: [ '2.0.0' ],
30 silly audit   'iterator.prototype': [ '1.1.5' ],
30 silly audit   'js-tokens': [ '4.0.0' ],
30 silly audit   'js-yaml': [ '4.1.0' ],
30 silly audit   jsesc: [ '3.1.0' ],
30 silly audit   'json-buffer': [ '3.0.1' ],
30 silly audit   'json-schema-traverse': [ '0.4.1' ],
30 silly audit   'json-stable-stringify-without-jsonify': [ '1.0.1' ],
30 silly audit   json5: [ '2.2.3' ],
30 silly audit   'jsx-ast-utils': [ '3.3.5' ],
30 silly audit   keyv: [ '4.5.4' ],
30 silly audit   levn: [ '0.4.1' ],
30 silly audit   'locate-path': [ '6.0.0' ],
30 silly audit   'lodash.merge': [ '4.6.2' ],
30 silly audit   'loose-envify': [ '1.4.0' ],
30 silly audit   'lru-cache': [ '5.1.1' ],
30 silly audit   'math-intrinsics': [ '1.1.0' ],
30 silly audit   'mime-db': [ '1.52.0' ],
30 silly audit   'mime-types': [ '2.1.35' ],
30 silly audit   minimatch: [ '3.1.2' ],
30 silly audit   ms: [ '2.1.3' ],
30 silly audit   nanoid: [ '3.3.8' ],
30 silly audit   'natural-compare': [ '1.4.0' ],
30 silly audit   'node-releases': [ '2.0.19' ],
30 silly audit   'object-assign': [ '4.1.1' ],
30 silly audit   'object-inspect': [ '1.13.4' ],
30 silly audit   'object-keys': [ '1.1.1' ],
30 silly audit   'object.assign': [ '4.1.7' ],
30 silly audit   'object.entries': [ '1.1.8' ],
30 silly audit   'object.fromentries': [ '2.0.8' ],
30 silly audit   'object.values': [ '1.2.1' ],
30 silly audit   optionator: [ '0.9.4' ],
30 silly audit   'own-keys': [ '1.0.1' ],
30 silly audit   'p-limit': [ '3.1.0' ],
30 silly audit   'p-locate': [ '5.0.0' ],
30 silly audit   'parent-module': [ '1.0.1' ],
30 silly audit   'path-exists': [ '4.0.0' ],
30 silly audit   'path-key': [ '3.1.1' ],
30 silly audit   'path-parse': [ '1.0.7' ],
30 silly audit   picocolors: [ '1.1.1' ],
30 silly audit   'possible-typed-array-names': [ '1.1.0' ],
30 silly audit   postcss: [ '8.5.3' ],
30 silly audit   'prelude-ls': [ '1.2.1' ],
30 silly audit   'prop-types': [ '15.8.1' ],
30 silly audit   'proxy-from-env': [ '1.1.0' ],
30 silly audit   punycode: [ '2.3.1' ],
30 silly audit   react: [ '18.3.1' ],
30 silly audit   'react-dom': [ '18.3.1' ],
30 silly audit   'react-is': [ '16.13.1' ],
30 silly audit   'react-refresh': [ '0.14.2' ],
30 silly audit   'react-router': [ '6.29.0' ],
30 silly audit   'react-router-dom': [ '6.29.0' ],
30 silly audit   'reflect.getprototypeof': [ '1.0.10' ],
30 silly audit   'regexp.prototype.flags': [ '1.5.4' ],
30 silly audit   resolve: [ '2.0.0-next.5' ],
30 silly audit   'resolve-from': [ '4.0.0' ],
30 silly audit   rollup: [ '4.34.8' ],
30 silly audit   'safe-array-concat': [ '1.1.3' ],
30 silly audit   'safe-push-apply': [ '1.0.0' ],
30 silly audit   'safe-regex-test': [ '1.1.0' ],
30 silly audit   scheduler: [ '0.23.2' ],
30 silly audit   semver: [ '6.3.1' ],
30 silly audit   'set-function-length': [ '1.2.2' ],
30 silly audit   'set-function-name': [ '2.0.2' ],
30 silly audit   'set-proto': [ '1.0.0' ],
30 silly audit   'shebang-command': [ '2.0.0' ],
30 silly audit   'shebang-regex': [ '3.0.0' ],
30 silly audit   'side-channel': [ '1.1.0' ],
30 silly audit   'side-channel-list': [ '1.0.0' ],
30 silly audit   'side-channel-map': [ '1.0.1' ],
30 silly audit   'side-channel-weakmap': [ '1.0.2' ],
30 silly audit   'source-map-js': [ '1.2.1' ],
30 silly audit   'string.prototype.matchall': [ '4.0.12' ],
30 silly audit   'string.prototype.repeat': [ '1.0.0' ],
30 silly audit   'string.prototype.trim': [ '1.2.10' ],
30 silly audit   'string.prototype.trimend': [ '1.0.9' ],
30 silly audit   'string.prototype.trimstart': [ '1.0.8' ],
30 silly audit   'strip-json-comments': [ '3.1.1' ],
30 silly audit   'supports-color': [ '7.2.0' ],
30 silly audit   'supports-preserve-symlinks-flag': [ '1.0.0' ],
30 silly audit   tinymce: [ '7.6.1' ],
30 silly audit   'type-check': [ '0.4.0' ],
30 silly audit   'typed-array-buffer': [ '1.0.3' ],
30 silly audit   'typed-array-byte-length': [ '1.0.3' ],
30 silly audit   'typed-array-byte-offset': [ '1.0.4' ],
30 silly audit   'typed-array-length': [ '1.0.7' ],
30 silly audit   'unbox-primitive': [ '1.1.0' ],
30 silly audit   'update-browserslist-db': [ '1.1.2' ],
30 silly audit   'uri-js': [ '4.4.1' ],
30 silly audit   vite: [ '6.1.1' ],
30 silly audit   which: [ '2.0.2' ],
30 silly audit   'which-boxed-primitive': [ '1.1.1' ],
30 silly audit   'which-builtin-type': [ '1.2.1' ],
30 silly audit   'which-collection': [ '1.0.2' ],
30 silly audit   'which-typed-array': [ '1.1.18' ],
30 silly audit   'word-wrap': [ '1.2.5' ],
30 silly audit   yallist: [ '3.1.1' ],
30 silly audit   'yocto-queue': [ '0.1.0' ],
30 silly audit   '@tinymce/tinymce-react': [ '5.1.1' ]
30 silly audit }
31 verbose reify failed optional dependency /home/rodriguezcasmarialuisa/blog-frontend/node_modules/fsevents
32 silly reify mark deleted [ '/home/rodriguezcasmarialuisa/blog-frontend/node_modules/fsevents' ]
33 verbose reify failed optional dependency /home/rodriguezcasmarialuisa/blog-frontend/node_modules/@rollup/rollup-win32-x64-msvc
34 silly reify mark deleted [
34 silly reify   '/home/rodriguezcasmarialuisa/blog-frontend/node_modules/@rollup/rollup-win32-x64-msvc'
34 silly reify ]
35 verbose reify failed optional dependency /home/rodriguezcasmarialuisa/blog-frontend/node_modules/@rollup/rollup-win32-ia32-msvc
36 silly reify mark deleted [
36 silly reify   '/home/rodriguezcasmarialuisa/blog-frontend/node_modules/@rollup/rollup-win32-ia32-msvc'
36 silly reify ]
37 verbose reify failed optional dependency /home/rodriguezcasmarialuisa/blog-frontend/node_modules/@rollup/rollup-win32-arm64-msvc
38 silly reify mark deleted [
38 silly reify   '/home/rodriguezcasmarialuisa/blog-frontend/node_modules/@rollup/rollup-win32-arm64-msvc'
38 silly reify ]
39 verbose reify failed optional dependency /home/rodriguezcasmarialuisa/blog-frontend/node_modules/@rollup/rollup-linux-s390x-gnu
40 silly reify mark deleted [
40 silly reify   '/home/rodriguezcasmarialuisa/blog-frontend/node_modules/@rollup/rollup-linux-s390x-gnu'
40 silly reify ]
41 verbose reify failed optional dependency /home/rodriguezcasmarialuisa/blog-frontend/node_modules/@rollup/rollup-linux-riscv64-gnu
42 silly reify mark deleted [
42 silly reify   '/home/rodriguezcasmarialuisa/blog-frontend/node_modules/@rollup/rollup-linux-riscv64-gnu'
42 silly reify ]
43 verbose reify failed optional dependency /home/rodriguezcasmarialuisa/blog-frontend/node_modules/@rollup/rollup-linux-powerpc64le-gnu
44 silly reify mark deleted [
44 silly reify   '/home/rodriguezcasmarialuisa/blog-frontend/node_modules/@rollup/rollup-linux-powerpc64le-gnu'
44 silly reify ]
45 verbose reify failed optional dependency /home/rodriguezcasmarialuisa/blog-frontend/node_modules/@rollup/rollup-linux-loongarch64-gnu
46 silly reify mark deleted [
46 silly reify   '/home/rodriguezcasmarialuisa/blog-frontend/node_modules/@rollup/rollup-linux-loongarch64-gnu'
46 silly reify ]
47 verbose reify failed optional dependency /home/rodriguezcasmarialuisa/blog-frontend/node_modules/@rollup/rollup-linux-arm64-musl
48 silly reify mark deleted [
48 silly reify   '/home/rodriguezcasmarialuisa/blog-frontend/node_modules/@rollup/rollup-linux-arm64-musl'
48 silly reify ]
49 verbose reify failed optional dependency /home/rodriguezcasmarialuisa/blog-frontend/node_modules/@rollup/rollup-linux-arm64-gnu
50 silly reify mark deleted [
50 silly reify   '/home/rodriguezcasmarialuisa/blog-frontend/node_modules/@rollup/rollup-linux-arm64-gnu'
50 silly reify ]
51 verbose reify failed optional dependency /home/rodriguezcasmarialuisa/blog-frontend/node_modules/@rollup/rollup-linux-arm-musleabihf
52 silly reify mark deleted [
52 silly reify   '/home/rodriguezcasmarialuisa/blog-frontend/node_modules/@rollup/rollup-linux-arm-musleabihf'
52 silly reify ]
53 verbose reify failed optional dependency /home/rodriguezcasmarialuisa/blog-frontend/node_modules/@rollup/rollup-linux-arm-gnueabihf
54 silly reify mark deleted [
54 silly reify   '/home/rodriguezcasmarialuisa/blog-frontend/node_modules/@rollup/rollup-linux-arm-gnueabihf'
54 silly reify ]
55 verbose reify failed optional dependency /home/rodriguezcasmarialuisa/blog-frontend/node_modules/@rollup/rollup-freebsd-x64
56 silly reify mark deleted [
56 silly reify   '/home/rodriguezcasmarialuisa/blog-frontend/node_modules/@rollup/rollup-freebsd-x64'
56 silly reify ]
57 verbose reify failed optional dependency /home/rodriguezcasmarialuisa/blog-frontend/node_modules/@rollup/rollup-freebsd-arm64
58 silly reify mark deleted [
58 silly reify   '/home/rodriguezcasmarialuisa/blog-frontend/node_modules/@rollup/rollup-freebsd-arm64'
58 silly reify ]
59 verbose reify failed optional dependency /home/rodriguezcasmarialuisa/blog-frontend/node_modules/@rollup/rollup-darwin-x64
60 silly reify mark deleted [
60 silly reify   '/home/rodriguezcasmarialuisa/blog-frontend/node_modules/@rollup/rollup-darwin-x64'
60 silly reify ]
61 verbose reify failed optional dependency /home/rodriguezcasmarialuisa/blog-frontend/node_modules/@rollup/rollup-darwin-arm64
62 silly reify mark deleted [
62 silly reify   '/home/rodriguezcasmarialuisa/blog-frontend/node_modules/@rollup/rollup-darwin-arm64'
62 silly reify ]
63 verbose reify failed optional dependency /home/rodriguezcasmarialuisa/blog-frontend/node_modules/@rollup/rollup-android-arm64
64 silly reify mark deleted [
64 silly reify   '/home/rodriguezcasmarialuisa/blog-frontend/node_modules/@rollup/rollup-android-arm64'
64 silly reify ]
65 verbose reify failed optional dependency /home/rodriguezcasmarialuisa/blog-frontend/node_modules/@rollup/rollup-android-arm-eabi
66 silly reify mark deleted [
66 silly reify   '/home/rodriguezcasmarialuisa/blog-frontend/node_modules/@rollup/rollup-android-arm-eabi'
66 silly reify ]
67 verbose reify failed optional dependency /home/rodriguezcasmarialuisa/blog-frontend/node_modules/@esbuild/win32-x64
68 silly reify mark deleted [
68 silly reify   '/home/rodriguezcasmarialuisa/blog-frontend/node_modules/@esbuild/win32-x64'
68 silly reify ]
69 verbose reify failed optional dependency /home/rodriguezcasmarialuisa/blog-frontend/node_modules/@esbuild/win32-ia32
70 silly reify mark deleted [
70 silly reify   '/home/rodriguezcasmarialuisa/blog-frontend/node_modules/@esbuild/win32-ia32'
70 silly reify ]
71 verbose reify failed optional dependency /home/rodriguezcasmarialuisa/blog-frontend/node_modules/@esbuild/win32-arm64
72 silly reify mark deleted [
72 silly reify   '/home/rodriguezcasmarialuisa/blog-frontend/node_modules/@esbuild/win32-arm64'
72 silly reify ]
73 verbose reify failed optional dependency /home/rodriguezcasmarialuisa/blog-frontend/node_modules/@esbuild/sunos-x64
74 silly reify mark deleted [
74 silly reify   '/home/rodriguezcasmarialuisa/blog-frontend/node_modules/@esbuild/sunos-x64'
74 silly reify ]
75 verbose reify failed optional dependency /home/rodriguezcasmarialuisa/blog-frontend/node_modules/@esbuild/openbsd-x64
76 silly reify mark deleted [
76 silly reify   '/home/rodriguezcasmarialuisa/blog-frontend/node_modules/@esbuild/openbsd-x64'
76 silly reify ]
77 verbose reify failed optional dependency /home/rodriguezcasmarialuisa/blog-frontend/node_modules/@esbuild/openbsd-arm64
78 silly reify mark deleted [
78 silly reify   '/home/rodriguezcasmarialuisa/blog-frontend/node_modules/@esbuild/openbsd-arm64'
78 silly reify ]
79 verbose reify failed optional dependency /home/rodriguezcasmarialuisa/blog-frontend/node_modules/@esbuild/netbsd-x64
80 silly reify mark deleted [
80 silly reify   '/home/rodriguezcasmarialuisa/blog-frontend/node_modules/@esbuild/netbsd-x64'
80 silly reify ]
81 verbose reify failed optional dependency /home/rodriguezcasmarialuisa/blog-frontend/node_modules/@esbuild/netbsd-arm64
82 silly reify mark deleted [
82 silly reify   '/home/rodriguezcasmarialuisa/blog-frontend/node_modules/@esbuild/netbsd-arm64'
82 silly reify ]
83 verbose reify failed optional dependency /home/rodriguezcasmarialuisa/blog-frontend/node_modules/@esbuild/linux-s390x
84 silly reify mark deleted [
84 silly reify   '/home/rodriguezcasmarialuisa/blog-frontend/node_modules/@esbuild/linux-s390x'
84 silly reify ]
85 verbose reify failed optional dependency /home/rodriguezcasmarialuisa/blog-frontend/node_modules/@esbuild/linux-riscv64
86 silly reify mark deleted [
86 silly reify   '/home/rodriguezcasmarialuisa/blog-frontend/node_modules/@esbuild/linux-riscv64'
86 silly reify ]
87 verbose reify failed optional dependency /home/rodriguezcasmarialuisa/blog-frontend/node_modules/@esbuild/linux-ppc64
88 silly reify mark deleted [
88 silly reify   '/home/rodriguezcasmarialuisa/blog-frontend/node_modules/@esbuild/linux-ppc64'
88 silly reify ]
89 verbose reify failed optional dependency /home/rodriguezcasmarialuisa/blog-frontend/node_modules/@esbuild/linux-mips64el
90 silly reify mark deleted [
90 silly reify   '/home/rodriguezcasmarialuisa/blog-frontend/node_modules/@esbuild/linux-mips64el'
90 silly reify ]
91 verbose reify failed optional dependency /home/rodriguezcasmarialuisa/blog-frontend/node_modules/@esbuild/linux-loong64
92 silly reify mark deleted [
92 silly reify   '/home/rodriguezcasmarialuisa/blog-frontend/node_modules/@esbuild/linux-loong64'
92 silly reify ]
93 verbose reify failed optional dependency /home/rodriguezcasmarialuisa/blog-frontend/node_modules/@esbuild/linux-ia32
94 silly reify mark deleted [
94 silly reify   '/home/rodriguezcasmarialuisa/blog-frontend/node_modules/@esbuild/linux-ia32'
94 silly reify ]
95 verbose reify failed optional dependency /home/rodriguezcasmarialuisa/blog-frontend/node_modules/@esbuild/linux-arm64
96 silly reify mark deleted [
96 silly reify   '/home/rodriguezcasmarialuisa/blog-frontend/node_modules/@esbuild/linux-arm64'
96 silly reify ]
97 verbose reify failed optional dependency /home/rodriguezcasmarialuisa/blog-frontend/node_modules/@esbuild/linux-arm
98 silly reify mark deleted [
98 silly reify   '/home/rodriguezcasmarialuisa/blog-frontend/node_modules/@esbuild/linux-arm'
98 silly reify ]
99 verbose reify failed optional dependency /home/rodriguezcasmarialuisa/blog-frontend/node_modules/@esbuild/freebsd-x64
100 silly reify mark deleted [
100 silly reify   '/home/rodriguezcasmarialuisa/blog-frontend/node_modules/@esbuild/freebsd-x64'
100 silly reify ]
101 verbose reify failed optional dependency /home/rodriguezcasmarialuisa/blog-frontend/node_modules/@esbuild/freebsd-arm64
102 silly reify mark deleted [
102 silly reify   '/home/rodriguezcasmarialuisa/blog-frontend/node_modules/@esbuild/freebsd-arm64'
102 silly reify ]
103 verbose reify failed optional dependency /home/rodriguezcasmarialuisa/blog-frontend/node_modules/@esbuild/darwin-x64
104 silly reify mark deleted [
104 silly reify   '/home/rodriguezcasmarialuisa/blog-frontend/node_modules/@esbuild/darwin-x64'
104 silly reify ]
105 verbose reify failed optional dependency /home/rodriguezcasmarialuisa/blog-frontend/node_modules/@esbuild/darwin-arm64
106 silly reify mark deleted [
106 silly reify   '/home/rodriguezcasmarialuisa/blog-frontend/node_modules/@esbuild/darwin-arm64'
106 silly reify ]
107 verbose reify failed optional dependency /home/rodriguezcasmarialuisa/blog-frontend/node_modules/@esbuild/android-x64
108 silly reify mark deleted [
108 silly reify   '/home/rodriguezcasmarialuisa/blog-frontend/node_modules/@esbuild/android-x64'
108 silly reify ]
109 verbose reify failed optional dependency /home/rodriguezcasmarialuisa/blog-frontend/node_modules/@esbuild/android-arm64
110 silly reify mark deleted [
110 silly reify   '/home/rodriguezcasmarialuisa/blog-frontend/node_modules/@esbuild/android-arm64'
110 silly reify ]
111 verbose reify failed optional dependency /home/rodriguezcasmarialuisa/blog-frontend/node_modules/@esbuild/android-arm
112 silly reify mark deleted [
112 silly reify   '/home/rodriguezcasmarialuisa/blog-frontend/node_modules/@esbuild/android-arm'
112 silly reify ]
113 verbose reify failed optional dependency /home/rodriguezcasmarialuisa/blog-frontend/node_modules/@esbuild/aix-ppc64
114 silly reify mark deleted [
114 silly reify   '/home/rodriguezcasmarialuisa/blog-frontend/node_modules/@esbuild/aix-ppc64'
114 silly reify ]
115 http fetch POST 200 https://registry.npmjs.org/-/npm/v1/security/advisories/bulk 117ms
116 silly audit report {
116 silly audit report   esbuild: [
116 silly audit report     {
116 silly audit report       id: 1102341,
116 silly audit report       url: 'https://github.com/advisories/GHSA-67mh-4wv8-2f99',
116 silly audit report       title: 'esbuild enables any website to send any requests to the development server and read the response',
116 silly audit report       severity: 'moderate',
116 silly audit report       vulnerable_versions: '<=0.24.2',
116 silly audit report       cwe: [Array],
116 silly audit report       cvss: [Object]
116 silly audit report     }
116 silly audit report   ]
116 silly audit report }
117 silly packumentCache corgi:https://registry.npmjs.org/esbuild cache-miss
118 http fetch GET 200 https://registry.npmjs.org/esbuild 404ms (cache updated)
119 silly packumentCache corgi:https://registry.npmjs.org/esbuild set size:undefined disposed:false
120 silly packumentCache corgi:https://registry.npmjs.org/vite cache-miss
121 http fetch GET 200 https://registry.npmjs.org/vite 83ms (cache updated)
122 silly packumentCache corgi:https://registry.npmjs.org/vite set size:undefined disposed:false
123 silly packumentCache corgi:https://registry.npmjs.org/@vitejs%2fplugin-react cache-miss
124 http fetch GET 200 https://registry.npmjs.org/@vitejs%2fplugin-react 159ms (cache updated)
125 silly packumentCache corgi:https://registry.npmjs.org/@vitejs%2fplugin-react set size:undefined disposed:false
126 silly ADD
127 silly ADD
128 silly ADD
129 silly ADD
130 silly ADD node_modules/@rollup/rollup-linux-x64-musl
131 silly ADD
132 silly ADD
133 silly ADD
134 silly ADD
135 silly ADD
136 silly ADD
137 silly ADD
138 silly ADD
139 silly ADD
140 silly ADD
141 silly ADD
142 silly ADD
143 silly ADD
144 silly ADD
145 silly ADD
146 silly ADD
147 silly ADD
148 silly ADD
149 silly ADD
150 silly ADD
151 silly ADD
152 silly ADD
153 silly ADD
154 silly ADD
155 silly ADD
156 silly ADD
157 silly ADD
158 silly ADD
159 silly ADD
160 silly ADD
161 silly ADD
162 silly ADD
163 silly ADD
164 silly ADD
165 silly ADD
166 silly ADD
167 silly ADD
168 silly ADD
169 verbose cwd /home/rodriguezcasmarialuisa/blog-frontend
170 verbose os Linux 6.8.0-1021-gcp
171 verbose node v18.20.6
172 verbose npm  v10.8.2
173 verbose exit 0
174 info ok
