0 verbose cli /usr/bin/node /usr/bin/npm
1 info using npm@10.8.2
2 info using node@v18.20.6
3 silly config load:file:/usr/lib/node_modules/npm/npmrc
4 silly config load:file:/home/rodriguezcasmarialuisa/blog-frontend/.npmrc
5 silly config load:file:/home/rodriguezcasmarialuisa/.npmrc
6 silly config load:file:/usr/etc/npmrc
7 verbose title npm install
8 verbose argv "install"
9 verbose logfile logs-max:10 dir:/home/rodriguezcasmarialuisa/.npm/_logs/2025-03-03T00_57_00_097Z-
10 verbose logfile /home/rodriguezcasmarialuisa/.npm/_logs/2025-03-03T00_57_00_097Z-debug-0.log
11 silly packumentCache heap:2102132736 maxSize:525533184 maxEntrySize:262766592
12 silly logfile start cleaning logs, removing 8 files
13 silly idealTree buildDeps
14 silly fetch manifest react@^18.2.0
15 silly packumentCache full:https://registry.npmjs.org/react cache-miss
16 silly logfile done cleaning log files
17 http fetch GET 200 https://registry.npmjs.org/react 391ms (cache updated)
18 silly packumentCache full:https://registry.npmjs.org/react set size:undefined disposed:false
19 silly fetch manifest react-dom@^18.2.0
20 silly packumentCache full:https://registry.npmjs.org/react-dom cache-miss
21 http fetch GET 200 https://registry.npmjs.org/react-dom 236ms (cache updated)
22 silly packumentCache full:https://registry.npmjs.org/react-dom set size:undefined disposed:false
23 silly fetch manifest vite@^5.0.0
24 silly packumentCache full:https://registry.npmjs.org/vite cache-miss
25 http fetch GET 200 https://registry.npmjs.org/vite 1072ms (cache updated)
26 silly packumentCache full:https://registry.npmjs.org/vite set size:undefined disposed:false
27 silly fetch manifest @types/node@^18.0.0 || >=20.0.0
28 silly packumentCache full:https://registry.npmjs.org/@types%2fnode cache-miss
29 http fetch GET 200 https://registry.npmjs.org/@types%2fnode 249ms (cache updated)
30 silly packumentCache full:https://registry.npmjs.org/@types%2fnode set size:undefined disposed:false
31 silly fetch manifest less@*
32 silly packumentCache full:https://registry.npmjs.org/less cache-miss
33 http fetch GET 200 https://registry.npmjs.org/less 144ms (cache updated)
34 silly packumentCache full:https://registry.npmjs.org/less set size:undefined disposed:false
35 silly fetch manifest lightningcss@^1.21.0
36 silly packumentCache full:https://registry.npmjs.org/lightningcss cache-miss
37 http fetch GET 200 https://registry.npmjs.org/lightningcss 50ms (cache updated)
38 silly packumentCache full:https://registry.npmjs.org/lightningcss set size:undefined disposed:false
39 silly fetch manifest sass@*
40 silly packumentCache full:https://registry.npmjs.org/sass cache-miss
41 http fetch GET 200 https://registry.npmjs.org/sass 58ms (cache updated)
42 silly packumentCache full:https://registry.npmjs.org/sass set size:undefined disposed:false
43 silly fetch manifest sass-embedded@*
44 silly packumentCache full:https://registry.npmjs.org/sass-embedded cache-miss
45 http fetch GET 200 https://registry.npmjs.org/sass-embedded 57ms (cache updated)
46 silly packumentCache full:https://registry.npmjs.org/sass-embedded set size:undefined disposed:false
47 silly fetch manifest stylus@*
48 silly packumentCache full:https://registry.npmjs.org/stylus cache-miss
49 http fetch GET 200 https://registry.npmjs.org/stylus 59ms (cache updated)
50 silly packumentCache full:https://registry.npmjs.org/stylus set size:undefined disposed:false
51 silly fetch manifest sugarss@*
52 silly packumentCache full:https://registry.npmjs.org/sugarss cache-miss
53 http fetch GET 200 https://registry.npmjs.org/sugarss 46ms (cache updated)
54 silly packumentCache full:https://registry.npmjs.org/sugarss set size:undefined disposed:false
55 silly fetch manifest postcss@^8.3.3
56 silly packumentCache full:https://registry.npmjs.org/postcss cache-miss
57 http fetch GET 200 https://registry.npmjs.org/postcss 61ms (cache updated)
58 silly packumentCache full:https://registry.npmjs.org/postcss set size:undefined disposed:false
59 silly fetch manifest terser@^5.4.0
60 silly packumentCache full:https://registry.npmjs.org/terser cache-miss
61 http fetch GET 200 https://registry.npmjs.org/terser 59ms (cache updated)
62 silly packumentCache full:https://registry.npmjs.org/terser set size:undefined disposed:false
63 silly fetch manifest eslint@^8.56.0
64 silly packumentCache full:https://registry.npmjs.org/eslint cache-miss
65 http fetch GET 200 https://registry.npmjs.org/eslint 86ms (cache updated)
66 silly packumentCache full:https://registry.npmjs.org/eslint set size:undefined disposed:false
67 silly fetch manifest eslint-plugin-react-hooks@^4.6.0
68 silly packumentCache full:https://registry.npmjs.org/eslint-plugin-react-hooks cache-miss
69 http fetch GET 200 https://registry.npmjs.org/eslint-plugin-react-hooks 152ms (cache updated)
70 silly packumentCache full:https://registry.npmjs.org/eslint-plugin-react-hooks set size:undefined disposed:false
71 silly placeDep ROOT eslint@8.57.1 REPLACE for: blog-frontend@1.0.0 want: ^8.56.0
72 silly placeDep ROOT eslint-plugin-react-hooks@4.6.2 REPLACE for: blog-frontend@1.0.0 want: ^4.6.0
73 silly placeDep ROOT react@18.3.1 REPLACE for: blog-frontend@1.0.0 want: ^18.2.0
74 warn ERESOLVE overriding peer dependency {
74 warn ERESOLVE   code: 'ERESOLVE',
74 warn ERESOLVE   edge: {
74 warn ERESOLVE     type: 'peer',
74 warn ERESOLVE     name: 'react',
74 warn ERESOLVE     spec: '^19.0.0',
74 warn ERESOLVE     from: {
74 warn ERESOLVE       name: 'react-dom',
74 warn ERESOLVE       version: '19.0.0',
74 warn ERESOLVE       location: 'node_modules/react-dom',
74 warn ERESOLVE       isWorkspace: false,
74 warn ERESOLVE       dependents: [Array]
74 warn ERESOLVE     }
74 warn ERESOLVE   },
74 warn ERESOLVE   dep: {
74 warn ERESOLVE     name: 'react',
74 warn ERESOLVE     version: '18.3.1',
74 warn ERESOLVE     whileInstalling: {
74 warn ERESOLVE       name: 'blog-frontend',
74 warn ERESOLVE       version: '1.0.0',
74 warn ERESOLVE       path: '/home/rodriguezcasmarialuisa/blog-frontend'
74 warn ERESOLVE     },
74 warn ERESOLVE     location: 'node_modules/react',
74 warn ERESOLVE     isWorkspace: false,
74 warn ERESOLVE     dependents: [ [Object] ]
74 warn ERESOLVE   },
74 warn ERESOLVE   force: false,
74 warn ERESOLVE   isMine: true,
74 warn ERESOLVE   strictPeerDeps: false,
74 warn ERESOLVE   current: {
74 warn ERESOLVE     name: 'react',
74 warn ERESOLVE     version: '19.0.0',
74 warn ERESOLVE     location: 'node_modules/react',
74 warn ERESOLVE     isWorkspace: false,
74 warn ERESOLVE     dependents: [ [Object], [Object], [Object], [Object] ]
74 warn ERESOLVE   }
74 warn ERESOLVE }
75 silly placeDep ROOT react-dom@18.3.1 REPLACE for: blog-frontend@1.0.0 want: ^18.2.0
76 silly placeDep ROOT vite@5.4.14 REPLACE for: blog-frontend@1.0.0 want: ^5.0.0
77 silly fetch manifest ajv@^6.12.4
78 silly packumentCache full:https://registry.npmjs.org/ajv cache-miss
79 http fetch GET 200 https://registry.npmjs.org/ajv 59ms (cache updated)
80 silly packumentCache full:https://registry.npmjs.org/ajv set size:undefined disposed:false
81 silly fetch manifest espree@^9.6.1
82 silly packumentCache full:https://registry.npmjs.org/espree cache-miss
83 http fetch GET 200 https://registry.npmjs.org/espree 45ms (cache updated)
84 silly packumentCache full:https://registry.npmjs.org/espree set size:undefined disposed:false
85 silly fetch manifest ignore@^5.2.0
86 silly packumentCache full:https://registry.npmjs.org/ignore cache-miss
87 http fetch GET 200 https://registry.npmjs.org/ignore 55ms (cache updated)
88 silly packumentCache full:https://registry.npmjs.org/ignore set size:undefined disposed:false
89 silly fetch manifest globals@^13.19.0
90 silly packumentCache full:https://registry.npmjs.org/globals cache-miss
91 http fetch GET 200 https://registry.npmjs.org/globals 139ms (cache updated)
92 silly packumentCache full:https://registry.npmjs.org/globals set size:undefined disposed:false
93 silly fetch manifest js-yaml@^4.1.0
94 silly packumentCache full:https://registry.npmjs.org/js-yaml cache-miss
95 http fetch GET 200 https://registry.npmjs.org/js-yaml 48ms (cache updated)
96 silly packumentCache full:https://registry.npmjs.org/js-yaml set size:undefined disposed:false
97 silly fetch manifest doctrine@^3.0.0
98 silly packumentCache full:https://registry.npmjs.org/doctrine cache-miss
99 http fetch GET 200 https://registry.npmjs.org/doctrine 40ms (cache updated)
100 silly packumentCache full:https://registry.npmjs.org/doctrine set size:undefined disposed:false
101 silly fetch manifest graphemer@^1.4.0
102 silly packumentCache full:https://registry.npmjs.org/graphemer cache-miss
103 http fetch GET 200 https://registry.npmjs.org/graphemer 40ms (cache miss)
104 silly packumentCache full:https://registry.npmjs.org/graphemer set size:undefined disposed:false
105 silly fetch manifest @eslint/js@8.57.1
106 silly packumentCache full:https://registry.npmjs.org/@eslint%2fjs cache-miss
107 http fetch GET 200 https://registry.npmjs.org/@eslint%2fjs 62ms (cache updated)
108 silly packumentCache full:https://registry.npmjs.org/@eslint%2fjs set size:undefined disposed:false
109 silly fetch manifest strip-ansi@^6.0.1
110 silly packumentCache full:https://registry.npmjs.org/strip-ansi cache-miss
111 http fetch GET 200 https://registry.npmjs.org/strip-ansi 44ms (cache miss)
112 silly packumentCache full:https://registry.npmjs.org/strip-ansi set size:undefined disposed:false
113 silly fetch manifest text-table@^0.2.0
114 silly packumentCache full:https://registry.npmjs.org/text-table cache-miss
115 http fetch GET 200 https://registry.npmjs.org/text-table 57ms (cache miss)
116 silly packumentCache full:https://registry.npmjs.org/text-table set size:undefined disposed:false
117 silly fetch manifest eslint-scope@^7.2.2
118 silly packumentCache full:https://registry.npmjs.org/eslint-scope cache-miss
119 http fetch GET 200 https://registry.npmjs.org/eslint-scope 50ms (cache updated)
120 silly packumentCache full:https://registry.npmjs.org/eslint-scope set size:undefined disposed:false
121 silly fetch manifest is-path-inside@^3.0.3
122 silly packumentCache full:https://registry.npmjs.org/is-path-inside cache-miss
123 http fetch GET 200 https://registry.npmjs.org/is-path-inside 44ms (cache miss)
124 silly packumentCache full:https://registry.npmjs.org/is-path-inside set size:undefined disposed:false
125 silly fetch manifest fast-deep-equal@^3.1.3
126 silly packumentCache full:https://registry.npmjs.org/fast-deep-equal cache-miss
127 http fetch GET 200 https://registry.npmjs.org/fast-deep-equal 51ms (cache updated)
128 silly packumentCache full:https://registry.npmjs.org/fast-deep-equal set size:undefined disposed:false
129 silly fetch manifest @eslint/eslintrc@^2.1.4
130 silly packumentCache full:https://registry.npmjs.org/@eslint%2feslintrc cache-miss
131 http fetch GET 200 https://registry.npmjs.org/@eslint%2feslintrc 65ms (cache updated)
132 silly packumentCache full:https://registry.npmjs.org/@eslint%2feslintrc set size:undefined disposed:false
133 silly fetch manifest @nodelib/fs.walk@^1.2.8
134 silly packumentCache full:https://registry.npmjs.org/@nodelib%2ffs.walk cache-miss
135 http fetch GET 200 https://registry.npmjs.org/@nodelib%2ffs.walk 62ms (cache miss)
136 silly packumentCache full:https://registry.npmjs.org/@nodelib%2ffs.walk set size:undefined disposed:false
137 silly fetch manifest file-entry-cache@^6.0.1
138 silly packumentCache full:https://registry.npmjs.org/file-entry-cache cache-miss
139 http fetch GET 200 https://registry.npmjs.org/file-entry-cache 46ms (cache updated)
140 silly packumentCache full:https://registry.npmjs.org/file-entry-cache set size:undefined disposed:false
141 silly fetch manifest eslint-visitor-keys@^3.4.3
142 silly packumentCache full:https://registry.npmjs.org/eslint-visitor-keys cache-miss
143 http fetch GET 200 https://registry.npmjs.org/eslint-visitor-keys 42ms (cache updated)
144 silly packumentCache full:https://registry.npmjs.org/eslint-visitor-keys set size:undefined disposed:false
145 silly fetch manifest @ungap/structured-clone@^1.2.0
146 silly packumentCache full:https://registry.npmjs.org/@ungap%2fstructured-clone cache-miss
147 http fetch GET 200 https://registry.npmjs.org/@ungap%2fstructured-clone 70ms (cache miss)
148 silly packumentCache full:https://registry.npmjs.org/@ungap%2fstructured-clone set size:undefined disposed:false
149 silly fetch manifest @humanwhocodes/config-array@^0.13.0
150 silly packumentCache full:https://registry.npmjs.org/@humanwhocodes%2fconfig-array cache-miss
151 http fetch GET 200 https://registry.npmjs.org/@humanwhocodes%2fconfig-array 70ms (cache miss)
152 silly packumentCache full:https://registry.npmjs.org/@humanwhocodes%2fconfig-array set size:undefined disposed:false
153 silly fetch manifest scheduler@^0.23.2
154 silly packumentCache full:https://registry.npmjs.org/scheduler cache-miss
155 http fetch GET 200 https://registry.npmjs.org/scheduler 149ms (cache updated)
156 silly packumentCache full:https://registry.npmjs.org/scheduler set size:undefined disposed:false
157 silly fetch manifest esbuild@^0.21.3
158 silly packumentCache full:https://registry.npmjs.org/esbuild cache-miss
159 http fetch GET 200 https://registry.npmjs.org/esbuild 70ms (cache updated)
160 silly packumentCache full:https://registry.npmjs.org/esbuild set size:undefined disposed:false
161 silly placeDep ROOT @eslint/eslintrc@2.1.4 OK for: eslint@8.57.1 want: ^2.1.4
162 silly placeDep ROOT @eslint/js@8.57.1 OK for: eslint@8.57.1 want: 8.57.1
163 silly placeDep ROOT @humanwhocodes/config-array@0.13.0 OK for: eslint@8.57.1 want: ^0.13.0
164 silly placeDep ROOT @nodelib/fs.walk@1.2.8 OK for: eslint@8.57.1 want: ^1.2.8
165 silly placeDep ROOT @ungap/structured-clone@1.3.0 OK for: eslint@8.57.1 want: ^1.2.0
166 silly placeDep ROOT ajv@6.12.6 OK for: eslint@8.57.1 want: ^6.12.4
167 silly placeDep node_modules/eslint doctrine@3.0.0 OK for: eslint@8.57.1 want: ^3.0.0
168 silly placeDep ROOT eslint-scope@7.2.2 OK for: eslint@8.57.1 want: ^7.2.2
169 silly placeDep ROOT eslint-visitor-keys@3.4.3 OK for: eslint@8.57.1 want: ^3.4.3
170 silly placeDep ROOT espree@9.6.1 OK for: eslint@8.57.1 want: ^9.6.1
171 silly placeDep ROOT fast-deep-equal@3.1.3 OK for: eslint@8.57.1 want: ^3.1.3
172 silly placeDep ROOT file-entry-cache@6.0.1 OK for: eslint@8.57.1 want: ^6.0.1
173 silly placeDep ROOT globals@13.24.0 OK for: eslint@8.57.1 want: ^13.19.0
174 silly placeDep ROOT graphemer@1.4.0 OK for: eslint@8.57.1 want: ^1.4.0
175 silly placeDep ROOT ignore@5.3.2 OK for: eslint@8.57.1 want: ^5.2.0
176 silly placeDep ROOT is-path-inside@3.0.3 OK for: eslint@8.57.1 want: ^3.0.3
177 silly placeDep ROOT js-yaml@4.1.0 OK for: eslint@8.57.1 want: ^4.1.0
178 silly placeDep ROOT strip-ansi@6.0.1 OK for: eslint@8.57.1 want: ^6.0.1
179 silly placeDep ROOT text-table@0.2.0 OK for: eslint@8.57.1 want: ^0.2.0
180 silly fetch manifest espree@^9.6.0
181 silly packumentCache full:https://registry.npmjs.org/espree cache-miss
182 http fetch GET 200 https://registry.npmjs.org/espree 26ms (cache hit)
183 silly packumentCache full:https://registry.npmjs.org/espree set size:311465 disposed:false
184 silly fetch manifest import-fresh@^3.2.1
185 silly packumentCache full:https://registry.npmjs.org/import-fresh cache-miss
186 http fetch GET 200 https://registry.npmjs.org/import-fresh 54ms (cache updated)
187 silly packumentCache full:https://registry.npmjs.org/import-fresh set size:undefined disposed:false
188 silly fetch manifest strip-json-comments@^3.1.1
189 silly packumentCache full:https://registry.npmjs.org/strip-json-comments cache-miss
190 http fetch GET 200 https://registry.npmjs.org/strip-json-comments 44ms (cache updated)
191 silly packumentCache full:https://registry.npmjs.org/strip-json-comments set size:undefined disposed:false
192 silly fetch manifest @humanwhocodes/object-schema@^2.0.3
193 silly packumentCache full:https://registry.npmjs.org/@humanwhocodes%2fobject-schema cache-miss
194 http fetch GET 200 https://registry.npmjs.org/@humanwhocodes%2fobject-schema 63ms (cache miss)
195 silly packumentCache full:https://registry.npmjs.org/@humanwhocodes%2fobject-schema set size:undefined disposed:false
196 silly fetch manifest fastq@^1.6.0
197 silly packumentCache full:https://registry.npmjs.org/fastq cache-miss
198 http fetch GET 200 https://registry.npmjs.org/fastq 50ms (cache miss)
199 silly packumentCache full:https://registry.npmjs.org/fastq set size:undefined disposed:false
200 silly fetch manifest @nodelib/fs.scandir@2.1.5
201 silly packumentCache full:https://registry.npmjs.org/@nodelib%2ffs.scandir cache-miss
202 http fetch GET 200 https://registry.npmjs.org/@nodelib%2ffs.scandir 63ms (cache miss)
203 silly packumentCache full:https://registry.npmjs.org/@nodelib%2ffs.scandir set size:undefined disposed:false
204 silly fetch manifest uri-js@^4.2.2
205 silly packumentCache full:https://registry.npmjs.org/uri-js cache-miss
206 http fetch GET 200 https://registry.npmjs.org/uri-js 40ms (cache updated)
207 silly packumentCache full:https://registry.npmjs.org/uri-js set size:undefined disposed:false
208 silly fetch manifest fast-deep-equal@^3.1.1
209 silly packumentCache full:https://registry.npmjs.org/fast-deep-equal cache-miss
210 http fetch GET 200 https://registry.npmjs.org/fast-deep-equal 6ms (cache hit)
211 silly packumentCache full:https://registry.npmjs.org/fast-deep-equal set size:48634 disposed:false
212 silly fetch manifest json-schema-traverse@^0.4.1
213 silly packumentCache full:https://registry.npmjs.org/json-schema-traverse cache-miss
214 http fetch GET 200 https://registry.npmjs.org/json-schema-traverse 42ms (cache updated)
215 silly packumentCache full:https://registry.npmjs.org/json-schema-traverse set size:undefined disposed:false
216 silly fetch manifest fast-json-stable-stringify@^2.0.0
217 silly packumentCache full:https://registry.npmjs.org/fast-json-stable-stringify cache-miss
218 http fetch GET 200 https://registry.npmjs.org/fast-json-stable-stringify 48ms (cache updated)
219 silly packumentCache full:https://registry.npmjs.org/fast-json-stable-stringify set size:undefined disposed:false
220 silly fetch manifest esrecurse@^4.3.0
221 silly packumentCache full:https://registry.npmjs.org/esrecurse cache-miss
222 http fetch GET 200 https://registry.npmjs.org/esrecurse 42ms (cache updated)
223 silly packumentCache full:https://registry.npmjs.org/esrecurse set size:undefined disposed:false
224 silly fetch manifest acorn@^8.9.0
225 silly packumentCache full:https://registry.npmjs.org/acorn cache-miss
226 http fetch GET 200 https://registry.npmjs.org/acorn 47ms (cache updated)
227 silly packumentCache full:https://registry.npmjs.org/acorn set size:undefined disposed:false
228 silly fetch manifest acorn-jsx@^5.3.2
229 silly packumentCache full:https://registry.npmjs.org/acorn-jsx cache-miss
230 http fetch GET 200 https://registry.npmjs.org/acorn-jsx 58ms (cache updated)
231 silly packumentCache full:https://registry.npmjs.org/acorn-jsx set size:undefined disposed:false
232 silly fetch manifest flat-cache@^3.0.4
233 silly packumentCache full:https://registry.npmjs.org/flat-cache cache-miss
234 http fetch GET 200 https://registry.npmjs.org/flat-cache 49ms (cache updated)
235 silly packumentCache full:https://registry.npmjs.org/flat-cache set size:undefined disposed:false
236 silly fetch manifest type-fest@^0.20.2
237 silly packumentCache full:https://registry.npmjs.org/type-fest cache-miss
238 http fetch GET 200 https://registry.npmjs.org/type-fest 54ms (cache miss)
239 silly packumentCache full:https://registry.npmjs.org/type-fest set size:undefined disposed:false
240 silly fetch manifest argparse@^2.0.1
241 silly packumentCache full:https://registry.npmjs.org/argparse cache-miss
242 http fetch GET 200 https://registry.npmjs.org/argparse 44ms (cache updated)
243 silly packumentCache full:https://registry.npmjs.org/argparse set size:undefined disposed:false
244 silly fetch manifest ansi-regex@^5.0.1
245 silly packumentCache full:https://registry.npmjs.org/ansi-regex cache-miss
246 http fetch GET 200 https://registry.npmjs.org/ansi-regex 40ms (cache miss)
247 silly packumentCache full:https://registry.npmjs.org/ansi-regex set size:undefined disposed:false
248 silly placeDep ROOT import-fresh@3.3.1 OK for: @eslint/eslintrc@2.1.4 want: ^3.2.1
249 silly placeDep ROOT strip-json-comments@3.1.1 OK for: @eslint/eslintrc@2.1.4 want: ^3.1.1
250 silly fetch manifest parent-module@^1.0.0
251 silly packumentCache full:https://registry.npmjs.org/parent-module cache-miss
252 http fetch GET 200 https://registry.npmjs.org/parent-module 54ms (cache updated)
253 silly packumentCache full:https://registry.npmjs.org/parent-module set size:undefined disposed:false
254 silly fetch manifest resolve-from@^4.0.0
255 silly packumentCache full:https://registry.npmjs.org/resolve-from cache-miss
256 http fetch GET 200 https://registry.npmjs.org/resolve-from 40ms (cache updated)
257 silly packumentCache full:https://registry.npmjs.org/resolve-from set size:undefined disposed:false
258 silly placeDep ROOT @humanwhocodes/object-schema@2.0.3 OK for: @humanwhocodes/config-array@0.13.0 want: ^2.0.3
259 silly placeDep ROOT @nodelib/fs.scandir@2.1.5 OK for: @nodelib/fs.walk@1.2.8 want: 2.1.5
260 silly placeDep ROOT fastq@1.19.1 OK for: @nodelib/fs.walk@1.2.8 want: ^1.6.0
261 silly fetch manifest run-parallel@^1.1.9
262 silly packumentCache full:https://registry.npmjs.org/run-parallel cache-miss
263 http fetch GET 200 https://registry.npmjs.org/run-parallel 39ms (cache miss)
264 silly packumentCache full:https://registry.npmjs.org/run-parallel set size:undefined disposed:false
265 silly fetch manifest @nodelib/fs.stat@2.0.5
266 silly packumentCache full:https://registry.npmjs.org/@nodelib%2ffs.stat cache-miss
267 http fetch GET 200 https://registry.npmjs.org/@nodelib%2ffs.stat 58ms (cache miss)
268 silly packumentCache full:https://registry.npmjs.org/@nodelib%2ffs.stat set size:undefined disposed:false
269 silly fetch manifest reusify@^1.0.4
270 silly packumentCache full:https://registry.npmjs.org/reusify cache-miss
271 http fetch GET 200 https://registry.npmjs.org/reusify 39ms (cache miss)
272 silly packumentCache full:https://registry.npmjs.org/reusify set size:undefined disposed:false
273 silly placeDep ROOT @nodelib/fs.stat@2.0.5 OK for: @nodelib/fs.scandir@2.1.5 want: 2.0.5
274 silly placeDep ROOT run-parallel@1.2.0 OK for: @nodelib/fs.scandir@2.1.5 want: ^1.1.9
275 silly fetch manifest queue-microtask@^1.2.2
276 silly packumentCache full:https://registry.npmjs.org/queue-microtask cache-miss
277 http fetch GET 200 https://registry.npmjs.org/queue-microtask 36ms (cache miss)
278 silly packumentCache full:https://registry.npmjs.org/queue-microtask set size:undefined disposed:false
279 silly placeDep ROOT fast-json-stable-stringify@2.1.0 OK for: ajv@6.12.6 want: ^2.0.0
280 silly placeDep ROOT json-schema-traverse@0.4.1 OK for: ajv@6.12.6 want: ^0.4.1
281 silly placeDep ROOT uri-js@4.4.1 OK for: ajv@6.12.6 want: ^4.2.2
282 silly fetch manifest punycode@^2.1.0
283 silly packumentCache full:https://registry.npmjs.org/punycode cache-miss
284 http fetch GET 200 https://registry.npmjs.org/punycode 50ms (cache updated)
285 silly packumentCache full:https://registry.npmjs.org/punycode set size:undefined disposed:false
286 silly placeDep ROOT esrecurse@4.3.0 OK for: eslint-scope@7.2.2 want: ^4.3.0
287 silly placeDep ROOT acorn@8.14.0 OK for: espree@9.6.1 want: ^8.9.0
288 silly placeDep ROOT acorn-jsx@5.3.2 OK for: espree@9.6.1 want: ^5.3.2
289 silly placeDep ROOT reusify@1.1.0 OK for: fastq@1.19.1 want: ^1.0.4
290 silly placeDep ROOT flat-cache@3.2.0 OK for: file-entry-cache@6.0.1 want: ^3.0.4
291 silly fetch manifest keyv@^4.5.3
292 silly packumentCache full:https://registry.npmjs.org/keyv cache-miss
293 http fetch GET 200 https://registry.npmjs.org/keyv 60ms (cache updated)
294 silly packumentCache full:https://registry.npmjs.org/keyv set size:undefined disposed:false
295 silly fetch manifest rimraf@^3.0.2
296 silly packumentCache full:https://registry.npmjs.org/rimraf cache-miss
297 http fetch GET 200 https://registry.npmjs.org/rimraf 43ms (cache miss)
298 silly packumentCache full:https://registry.npmjs.org/rimraf set size:undefined disposed:false
299 silly fetch manifest flatted@^3.2.9
300 silly packumentCache full:https://registry.npmjs.org/flatted cache-miss
301 http fetch GET 200 https://registry.npmjs.org/flatted 45ms (cache updated)
302 silly packumentCache full:https://registry.npmjs.org/flatted set size:undefined disposed:false
303 silly placeDep ROOT flatted@3.3.3 OK for: flat-cache@3.2.0 want: ^3.2.9
304 silly placeDep ROOT keyv@4.5.4 OK for: flat-cache@3.2.0 want: ^4.5.3
305 silly placeDep ROOT rimraf@3.0.2 OK for: flat-cache@3.2.0 want: ^3.0.2
306 silly fetch manifest json-buffer@3.0.1
307 silly packumentCache full:https://registry.npmjs.org/json-buffer cache-miss
308 http fetch GET 200 https://registry.npmjs.org/json-buffer 41ms (cache updated)
309 silly packumentCache full:https://registry.npmjs.org/json-buffer set size:undefined disposed:false
310 silly fetch manifest glob@^7.1.3
311 silly packumentCache full:https://registry.npmjs.org/glob cache-miss
312 http fetch GET 200 https://registry.npmjs.org/glob 83ms (cache miss)
313 silly packumentCache full:https://registry.npmjs.org/glob set size:undefined disposed:false
314 silly placeDep ROOT type-fest@0.20.2 OK for: globals@13.24.0 want: ^0.20.2
315 silly placeDep ROOT parent-module@1.0.1 OK for: import-fresh@3.3.1 want: ^1.0.0
316 silly placeDep ROOT resolve-from@4.0.0 OK for: import-fresh@3.3.1 want: ^4.0.0
317 silly fetch manifest callsites@^3.0.0
318 silly packumentCache full:https://registry.npmjs.org/callsites cache-miss
319 http fetch GET 200 https://registry.npmjs.org/callsites 43ms (cache updated)
320 silly packumentCache full:https://registry.npmjs.org/callsites set size:undefined disposed:false
321 silly placeDep ROOT argparse@2.0.1 OK for: js-yaml@4.1.0 want: ^2.0.1
322 silly placeDep ROOT json-buffer@3.0.1 OK for: keyv@4.5.4 want: 3.0.1
323 silly placeDep ROOT callsites@3.1.0 OK for: parent-module@1.0.1 want: ^3.0.0
324 silly placeDep ROOT scheduler@0.23.2 OK for: react-dom@18.3.1 want: ^0.23.2
325 silly placeDep ROOT glob@7.2.3 OK for: rimraf@3.0.2 want: ^7.1.3
326 silly fetch manifest once@^1.3.0
327 silly packumentCache full:https://registry.npmjs.org/once cache-miss
328 http fetch GET 200 https://registry.npmjs.org/once 36ms (cache miss)
329 silly packumentCache full:https://registry.npmjs.org/once set size:undefined disposed:false
330 silly fetch manifest inflight@^1.0.4
331 silly packumentCache full:https://registry.npmjs.org/inflight cache-miss
332 http fetch GET 200 https://registry.npmjs.org/inflight 40ms (cache miss)
333 silly packumentCache full:https://registry.npmjs.org/inflight set size:undefined disposed:false
334 silly fetch manifest inherits@2
335 silly packumentCache full:https://registry.npmjs.org/inherits cache-miss
336 http fetch GET 200 https://registry.npmjs.org/inherits 38ms (cache miss)
337 silly packumentCache full:https://registry.npmjs.org/inherits set size:undefined disposed:false
338 silly fetch manifest fs.realpath@^1.0.0
339 silly packumentCache full:https://registry.npmjs.org/fs.realpath cache-miss
340 http fetch GET 200 https://registry.npmjs.org/fs.realpath 42ms (cache miss)
341 silly packumentCache full:https://registry.npmjs.org/fs.realpath set size:undefined disposed:false
342 silly fetch manifest path-is-absolute@^1.0.0
343 silly packumentCache full:https://registry.npmjs.org/path-is-absolute cache-miss
344 http fetch GET 200 https://registry.npmjs.org/path-is-absolute 41ms (cache miss)
345 silly packumentCache full:https://registry.npmjs.org/path-is-absolute set size:undefined disposed:false
346 silly placeDep ROOT fs.realpath@1.0.0 OK for: glob@7.2.3 want: ^1.0.0
347 silly placeDep ROOT inflight@1.0.6 OK for: glob@7.2.3 want: ^1.0.4
348 silly placeDep ROOT inherits@2.0.4 OK for: glob@7.2.3 want: 2
349 silly placeDep ROOT once@1.4.0 OK for: glob@7.2.3 want: ^1.3.0
350 silly placeDep ROOT path-is-absolute@1.0.1 OK for: glob@7.2.3 want: ^1.0.0
351 silly fetch manifest wrappy@1
352 silly packumentCache full:https://registry.npmjs.org/wrappy cache-miss
353 http fetch GET 200 https://registry.npmjs.org/wrappy 50ms (cache miss)
354 silly packumentCache full:https://registry.npmjs.org/wrappy set size:undefined disposed:false
355 silly placeDep ROOT wrappy@1.0.2 OK for: inflight@1.0.6 want: 1
356 silly placeDep ROOT queue-microtask@1.2.3 OK for: run-parallel@1.2.0 want: ^1.2.2
357 silly placeDep ROOT ansi-regex@5.0.1 OK for: strip-ansi@6.0.1 want: ^5.0.1
358 silly placeDep ROOT punycode@2.3.1 OK for: uri-js@4.4.1 want: ^2.1.0
359 silly placeDep ROOT esbuild@0.21.5 OK for: vite@5.4.14 want: ^0.21.3
360 silly fetch manifest @esbuild/aix-ppc64@0.21.5
361 silly packumentCache full:https://registry.npmjs.org/@esbuild%2faix-ppc64 cache-miss
362 http fetch GET 200 https://registry.npmjs.org/@esbuild%2faix-ppc64 64ms (cache updated)
363 silly packumentCache full:https://registry.npmjs.org/@esbuild%2faix-ppc64 set size:undefined disposed:false
364 silly fetch manifest @esbuild/linux-arm@0.21.5
365 silly packumentCache full:https://registry.npmjs.org/@esbuild%2flinux-arm cache-miss
366 http fetch GET 200 https://registry.npmjs.org/@esbuild%2flinux-arm 63ms (cache updated)
367 silly packumentCache full:https://registry.npmjs.org/@esbuild%2flinux-arm set size:undefined disposed:false
368 silly fetch manifest @esbuild/linux-x64@0.21.5
369 silly packumentCache full:https://registry.npmjs.org/@esbuild%2flinux-x64 cache-miss
370 http fetch GET 200 https://registry.npmjs.org/@esbuild%2flinux-x64 62ms (cache updated)
371 silly packumentCache full:https://registry.npmjs.org/@esbuild%2flinux-x64 set size:undefined disposed:false
372 silly fetch manifest @esbuild/sunos-x64@0.21.5
373 silly packumentCache full:https://registry.npmjs.org/@esbuild%2fsunos-x64 cache-miss
374 http fetch GET 200 https://registry.npmjs.org/@esbuild%2fsunos-x64 60ms (cache updated)
375 silly packumentCache full:https://registry.npmjs.org/@esbuild%2fsunos-x64 set size:undefined disposed:false
376 silly fetch manifest @esbuild/win32-x64@0.21.5
377 silly packumentCache full:https://registry.npmjs.org/@esbuild%2fwin32-x64 cache-miss
378 http fetch GET 200 https://registry.npmjs.org/@esbuild%2fwin32-x64 72ms (cache updated)
379 silly packumentCache full:https://registry.npmjs.org/@esbuild%2fwin32-x64 set size:undefined disposed:false
380 silly fetch manifest @esbuild/darwin-x64@0.21.5
381 silly packumentCache full:https://registry.npmjs.org/@esbuild%2fdarwin-x64 cache-miss
382 http fetch GET 200 https://registry.npmjs.org/@esbuild%2fdarwin-x64 75ms (cache updated)
383 silly packumentCache full:https://registry.npmjs.org/@esbuild%2fdarwin-x64 set size:undefined disposed:false
384 silly fetch manifest @esbuild/linux-ia32@0.21.5
385 silly packumentCache full:https://registry.npmjs.org/@esbuild%2flinux-ia32 cache-miss
386 http fetch GET 200 https://registry.npmjs.org/@esbuild%2flinux-ia32 79ms (cache updated)
387 silly packumentCache full:https://registry.npmjs.org/@esbuild%2flinux-ia32 set size:undefined disposed:false
388 silly fetch manifest @esbuild/netbsd-x64@0.21.5
389 silly packumentCache full:https://registry.npmjs.org/@esbuild%2fnetbsd-x64 cache-miss
390 http fetch GET 200 https://registry.npmjs.org/@esbuild%2fnetbsd-x64 56ms (cache updated)
391 silly packumentCache full:https://registry.npmjs.org/@esbuild%2fnetbsd-x64 set size:undefined disposed:false
392 silly fetch manifest @esbuild/win32-ia32@0.21.5
393 silly packumentCache full:https://registry.npmjs.org/@esbuild%2fwin32-ia32 cache-miss
394 http fetch GET 200 https://registry.npmjs.org/@esbuild%2fwin32-ia32 79ms (cache updated)
395 silly packumentCache full:https://registry.npmjs.org/@esbuild%2fwin32-ia32 set size:undefined disposed:false
396 silly fetch manifest @esbuild/android-arm@0.21.5
397 silly packumentCache full:https://registry.npmjs.org/@esbuild%2fandroid-arm cache-miss
398 http fetch GET 200 https://registry.npmjs.org/@esbuild%2fandroid-arm 119ms (cache updated)
399 silly packumentCache full:https://registry.npmjs.org/@esbuild%2fandroid-arm set size:undefined disposed:false
400 silly fetch manifest @esbuild/android-x64@0.21.5
401 silly packumentCache full:https://registry.npmjs.org/@esbuild%2fandroid-x64 cache-miss
402 http fetch GET 200 https://registry.npmjs.org/@esbuild%2fandroid-x64 59ms (cache updated)
403 silly packumentCache full:https://registry.npmjs.org/@esbuild%2fandroid-x64 set size:undefined disposed:false
404 silly fetch manifest @esbuild/freebsd-x64@0.21.5
405 silly packumentCache full:https://registry.npmjs.org/@esbuild%2ffreebsd-x64 cache-miss
406 http fetch GET 200 https://registry.npmjs.org/@esbuild%2ffreebsd-x64 67ms (cache updated)
407 silly packumentCache full:https://registry.npmjs.org/@esbuild%2ffreebsd-x64 set size:undefined disposed:false
408 silly fetch manifest @esbuild/linux-arm64@0.21.5
409 silly packumentCache full:https://registry.npmjs.org/@esbuild%2flinux-arm64 cache-miss
410 http fetch GET 200 https://registry.npmjs.org/@esbuild%2flinux-arm64 57ms (cache updated)
411 silly packumentCache full:https://registry.npmjs.org/@esbuild%2flinux-arm64 set size:undefined disposed:false
412 silly fetch manifest @esbuild/linux-ppc64@0.21.5
413 silly packumentCache full:https://registry.npmjs.org/@esbuild%2flinux-ppc64 cache-miss
414 http fetch GET 200 https://registry.npmjs.org/@esbuild%2flinux-ppc64 58ms (cache updated)
415 silly packumentCache full:https://registry.npmjs.org/@esbuild%2flinux-ppc64 set size:undefined disposed:false
416 silly fetch manifest @esbuild/linux-s390x@0.21.5
417 silly packumentCache full:https://registry.npmjs.org/@esbuild%2flinux-s390x cache-miss
418 http fetch GET 200 https://registry.npmjs.org/@esbuild%2flinux-s390x 70ms (cache updated)
419 silly packumentCache full:https://registry.npmjs.org/@esbuild%2flinux-s390x set size:undefined disposed:false
420 silly fetch manifest @esbuild/openbsd-x64@0.21.5
421 silly packumentCache full:https://registry.npmjs.org/@esbuild%2fopenbsd-x64 cache-miss
422 http fetch GET 200 https://registry.npmjs.org/@esbuild%2fopenbsd-x64 72ms (cache updated)
423 silly packumentCache full:https://registry.npmjs.org/@esbuild%2fopenbsd-x64 set size:undefined disposed:false
424 silly fetch manifest @esbuild/win32-arm64@0.21.5
425 silly packumentCache full:https://registry.npmjs.org/@esbuild%2fwin32-arm64 cache-miss
426 http fetch GET 200 https://registry.npmjs.org/@esbuild%2fwin32-arm64 68ms (cache updated)
427 silly packumentCache full:https://registry.npmjs.org/@esbuild%2fwin32-arm64 set size:undefined disposed:false
428 silly fetch manifest @esbuild/darwin-arm64@0.21.5
429 silly packumentCache full:https://registry.npmjs.org/@esbuild%2fdarwin-arm64 cache-miss
430 http fetch GET 200 https://registry.npmjs.org/@esbuild%2fdarwin-arm64 70ms (cache updated)
431 silly packumentCache full:https://registry.npmjs.org/@esbuild%2fdarwin-arm64 set size:undefined disposed:false
432 silly fetch manifest @esbuild/android-arm64@0.21.5
433 silly packumentCache full:https://registry.npmjs.org/@esbuild%2fandroid-arm64 cache-miss
434 http fetch GET 200 https://registry.npmjs.org/@esbuild%2fandroid-arm64 103ms (cache updated)
435 silly packumentCache full:https://registry.npmjs.org/@esbuild%2fandroid-arm64 set size:undefined disposed:false
436 silly fetch manifest @esbuild/freebsd-arm64@0.21.5
437 silly packumentCache full:https://registry.npmjs.org/@esbuild%2ffreebsd-arm64 cache-miss
438 http fetch GET 200 https://registry.npmjs.org/@esbuild%2ffreebsd-arm64 70ms (cache updated)
439 silly packumentCache full:https://registry.npmjs.org/@esbuild%2ffreebsd-arm64 set size:undefined disposed:false
440 silly fetch manifest @esbuild/linux-loong64@0.21.5
441 silly packumentCache full:https://registry.npmjs.org/@esbuild%2flinux-loong64 cache-miss
442 http fetch GET 200 https://registry.npmjs.org/@esbuild%2flinux-loong64 75ms (cache updated)
443 silly packumentCache full:https://registry.npmjs.org/@esbuild%2flinux-loong64 set size:undefined disposed:false
444 silly fetch manifest @esbuild/linux-riscv64@0.21.5
445 silly packumentCache full:https://registry.npmjs.org/@esbuild%2flinux-riscv64 cache-miss
446 http fetch GET 200 https://registry.npmjs.org/@esbuild%2flinux-riscv64 72ms (cache updated)
447 silly packumentCache full:https://registry.npmjs.org/@esbuild%2flinux-riscv64 set size:undefined disposed:false
448 silly fetch manifest @esbuild/linux-mips64el@0.21.5
449 silly packumentCache full:https://registry.npmjs.org/@esbuild%2flinux-mips64el cache-miss
450 http fetch GET 200 https://registry.npmjs.org/@esbuild%2flinux-mips64el 74ms (cache updated)
451 silly packumentCache full:https://registry.npmjs.org/@esbuild%2flinux-mips64el set size:undefined disposed:false
452 silly placeDep ROOT @esbuild/aix-ppc64@0.21.5 OK for: esbuild@0.21.5 want: 0.21.5
453 silly placeDep ROOT @esbuild/android-arm@0.21.5 OK for: esbuild@0.21.5 want: 0.21.5
454 silly placeDep ROOT @esbuild/android-arm64@0.21.5 OK for: esbuild@0.21.5 want: 0.21.5
455 silly placeDep ROOT @esbuild/android-x64@0.21.5 OK for: esbuild@0.21.5 want: 0.21.5
456 silly placeDep ROOT @esbuild/darwin-arm64@0.21.5 OK for: esbuild@0.21.5 want: 0.21.5
457 silly placeDep ROOT @esbuild/darwin-x64@0.21.5 OK for: esbuild@0.21.5 want: 0.21.5
458 silly placeDep ROOT @esbuild/freebsd-arm64@0.21.5 OK for: esbuild@0.21.5 want: 0.21.5
459 silly placeDep ROOT @esbuild/freebsd-x64@0.21.5 OK for: esbuild@0.21.5 want: 0.21.5
460 silly placeDep ROOT @esbuild/linux-arm@0.21.5 OK for: esbuild@0.21.5 want: 0.21.5
461 silly placeDep ROOT @esbuild/linux-arm64@0.21.5 OK for: esbuild@0.21.5 want: 0.21.5
462 silly placeDep ROOT @esbuild/linux-ia32@0.21.5 OK for: esbuild@0.21.5 want: 0.21.5
463 silly placeDep ROOT @esbuild/linux-loong64@0.21.5 OK for: esbuild@0.21.5 want: 0.21.5
464 silly placeDep ROOT @esbuild/linux-mips64el@0.21.5 OK for: esbuild@0.21.5 want: 0.21.5
465 silly placeDep ROOT @esbuild/linux-ppc64@0.21.5 OK for: esbuild@0.21.5 want: 0.21.5
466 silly placeDep ROOT @esbuild/linux-riscv64@0.21.5 OK for: esbuild@0.21.5 want: 0.21.5
467 silly placeDep ROOT @esbuild/linux-s390x@0.21.5 OK for: esbuild@0.21.5 want: 0.21.5
468 silly placeDep ROOT @esbuild/linux-x64@0.21.5 OK for: esbuild@0.21.5 want: 0.21.5
469 silly placeDep ROOT @esbuild/netbsd-x64@0.21.5 OK for: esbuild@0.21.5 want: 0.21.5
470 silly placeDep ROOT @esbuild/openbsd-x64@0.21.5 OK for: esbuild@0.21.5 want: 0.21.5
471 silly placeDep ROOT @esbuild/sunos-x64@0.21.5 OK for: esbuild@0.21.5 want: 0.21.5
472 silly placeDep ROOT @esbuild/win32-arm64@0.21.5 OK for: esbuild@0.21.5 want: 0.21.5
473 silly placeDep ROOT @esbuild/win32-ia32@0.21.5 OK for: esbuild@0.21.5 want: 0.21.5
474 silly placeDep ROOT @esbuild/win32-x64@0.21.5 OK for: esbuild@0.21.5 want: 0.21.5
475 silly reify moves {}
476 silly audit bulk request {
476 silly audit   '@ampproject/remapping': [ '2.3.0' ],
476 silly audit   '@babel/code-frame': [ '7.26.2' ],
476 silly audit   '@babel/compat-data': [ '7.26.8' ],
476 silly audit   '@babel/core': [ '7.26.9' ],
476 silly audit   '@babel/generator': [ '7.26.9' ],
476 silly audit   '@babel/helper-compilation-targets': [ '7.26.5' ],
476 silly audit   '@babel/helper-module-imports': [ '7.25.9' ],
476 silly audit   '@babel/helper-module-transforms': [ '7.26.0' ],
476 silly audit   '@babel/helper-plugin-utils': [ '7.26.5' ],
476 silly audit   '@babel/helper-string-parser': [ '7.25.9' ],
476 silly audit   '@babel/helper-validator-identifier': [ '7.25.9' ],
476 silly audit   '@babel/helper-validator-option': [ '7.25.9' ],
476 silly audit   '@babel/helpers': [ '7.26.9' ],
476 silly audit   '@babel/parser': [ '7.26.9' ],
476 silly audit   '@babel/plugin-transform-react-jsx-self': [ '7.25.9' ],
476 silly audit   '@babel/plugin-transform-react-jsx-source': [ '7.25.9' ],
476 silly audit   '@babel/template': [ '7.26.9' ],
476 silly audit   '@babel/traverse': [ '7.26.9' ],
476 silly audit   globals: [ '11.12.0', '13.24.0' ],
476 silly audit   '@babel/types': [ '7.26.9' ],
476 silly audit   '@eslint-community/eslint-utils': [ '4.4.1' ],
476 silly audit   'eslint-visitor-keys': [ '3.4.3' ],
476 silly audit   '@eslint-community/regexpp': [ '4.12.1' ],
476 silly audit   '@humanwhocodes/module-importer': [ '1.0.1' ],
476 silly audit   '@jridgewell/gen-mapping': [ '0.3.8' ],
476 silly audit   '@jridgewell/resolve-uri': [ '3.1.2' ],
476 silly audit   '@jridgewell/set-array': [ '1.2.1' ],
476 silly audit   '@jridgewell/sourcemap-codec': [ '1.5.0' ],
476 silly audit   '@jridgewell/trace-mapping': [ '0.3.25' ],
476 silly audit   '@remix-run/router': [ '1.22.0' ],
476 silly audit   '@rollup/rollup-android-arm-eabi': [ '4.34.8' ],
476 silly audit   '@rollup/rollup-android-arm64': [ '4.34.8' ],
476 silly audit   '@rollup/rollup-darwin-arm64': [ '4.34.8' ],
476 silly audit   '@rollup/rollup-darwin-x64': [ '4.34.8' ],
476 silly audit   '@rollup/rollup-freebsd-arm64': [ '4.34.8' ],
476 silly audit   '@rollup/rollup-freebsd-x64': [ '4.34.8' ],
476 silly audit   '@rollup/rollup-linux-arm-gnueabihf': [ '4.34.8' ],
476 silly audit   '@rollup/rollup-linux-arm-musleabihf': [ '4.34.8' ],
476 silly audit   '@rollup/rollup-linux-arm64-gnu': [ '4.34.8' ],
476 silly audit   '@rollup/rollup-linux-arm64-musl': [ '4.34.8' ],
476 silly audit   '@rollup/rollup-linux-loongarch64-gnu': [ '4.34.8' ],
476 silly audit   '@rollup/rollup-linux-powerpc64le-gnu': [ '4.34.8' ],
476 silly audit   '@rollup/rollup-linux-riscv64-gnu': [ '4.34.8' ],
476 silly audit   '@rollup/rollup-linux-s390x-gnu': [ '4.34.8' ],
476 silly audit   '@rollup/rollup-linux-x64-gnu': [ '4.34.8' ],
476 silly audit   '@rollup/rollup-linux-x64-musl': [ '4.34.8' ],
476 silly audit   '@rollup/rollup-win32-arm64-msvc': [ '4.34.8' ],
476 silly audit   '@rollup/rollup-win32-ia32-msvc': [ '4.34.8' ],
476 silly audit   '@rollup/rollup-win32-x64-msvc': [ '4.34.8' ],
476 silly audit   '@types/babel__core': [ '7.20.5' ],
476 silly audit   '@types/babel__generator': [ '7.6.8' ],
476 silly audit   '@types/babel__template': [ '7.4.4' ],
476 silly audit   '@types/babel__traverse': [ '7.20.6' ],
476 silly audit   '@types/estree': [ '1.0.6' ],
476 silly audit   '@vitejs/plugin-react': [ '4.3.4' ],
476 silly audit   'ansi-styles': [ '4.3.0' ],
476 silly audit   'array-buffer-byte-length': [ '1.0.2' ],
476 silly audit   'array-includes': [ '3.1.8' ],
476 silly audit   'array.prototype.findlast': [ '1.2.5' ],
476 silly audit   'array.prototype.flat': [ '1.3.3' ],
476 silly audit   'array.prototype.flatmap': [ '1.3.3' ],
476 silly audit   'array.prototype.tosorted': [ '1.1.4' ],
476 silly audit   'arraybuffer.prototype.slice': [ '1.0.4' ],
476 silly audit   'async-function': [ '1.0.0' ],
476 silly audit   asynckit: [ '0.4.0' ],
476 silly audit   'available-typed-arrays': [ '1.0.7' ],
476 silly audit   axios: [ '1.7.9' ],
476 silly audit   'balanced-match': [ '1.0.2' ],
476 silly audit   'brace-expansion': [ '1.1.11' ],
476 silly audit   browserslist: [ '4.24.4' ],
476 silly audit   'call-bind': [ '1.0.8' ],
476 silly audit   'call-bind-apply-helpers': [ '1.0.2' ],
476 silly audit   'call-bound': [ '1.0.3' ],
476 silly audit   'caniuse-lite': [ '1.0.30001700' ],
476 silly audit   chalk: [ '4.1.2' ],
476 silly audit   'color-convert': [ '2.0.1' ],
476 silly audit   'color-name': [ '1.1.4' ],
476 silly audit   'combined-stream': [ '1.0.8' ],
476 silly audit   'concat-map': [ '0.0.1' ],
476 silly audit   'convert-source-map': [ '2.0.0' ],
476 silly audit   'cross-spawn': [ '7.0.6' ],
476 silly audit   'data-view-buffer': [ '1.0.2' ],
476 silly audit   'data-view-byte-length': [ '1.0.2' ],
476 silly audit   'data-view-byte-offset': [ '1.0.1' ],
476 silly audit   debug: [ '4.4.0' ],
476 silly audit   'deep-is': [ '0.1.4' ],
476 silly audit   'define-data-property': [ '1.1.4' ],
476 silly audit   'define-properties': [ '1.2.1' ],
476 silly audit   'delayed-stream': [ '1.0.0' ],
476 silly audit   doctrine: [ '2.1.0', '3.0.0' ],
476 silly audit   'dunder-proto': [ '1.0.1' ],
476 silly audit   'electron-to-chromium': [ '1.5.102' ],
476 silly audit   'es-abstract': [ '1.23.9' ],
476 silly audit   'es-define-property': [ '1.0.1' ],
476 silly audit   'es-errors': [ '1.3.0' ],
476 silly audit   'es-iterator-helpers': [ '1.2.1' ],
476 silly audit   'es-object-atoms': [ '1.1.1' ],
476 silly audit   'es-set-tostringtag': [ '2.1.0' ],
476 silly audit   'es-shim-unscopables': [ '1.1.0' ],
476 silly audit   'es-to-primitive': [ '1.3.0' ],
476 silly audit   escalade: [ '3.2.0' ],
476 silly audit   'escape-string-regexp': [ '4.0.0' ],
476 silly audit   'eslint-plugin-react': [ '7.37.4' ],
476 silly audit   'eslint-plugin-react-refresh': [ '0.4.19' ],
476 silly audit   esquery: [ '1.6.0' ],
476 silly audit   estraverse: [ '5.3.0' ],
476 silly audit   esutils: [ '2.0.3' ],
476 silly audit   'fast-levenshtein': [ '2.0.6' ],
476 silly audit   'find-up': [ '5.0.0' ],
476 silly audit   'follow-redirects': [ '1.15.9' ],
476 silly audit   'for-each': [ '0.3.5' ],
476 silly audit   'form-data': [ '4.0.2' ],
476 silly audit   fsevents: [ '2.3.3' ],
476 silly audit   'function-bind': [ '1.1.2' ],
476 silly audit   'function.prototype.name': [ '1.1.8' ],
476 silly audit   'functions-have-names': [ '1.2.3' ],
476 silly audit   gensync: [ '1.0.0-beta.2' ],
476 silly audit   'get-intrinsic': [ '1.2.7' ],
476 silly audit   'get-proto': [ '1.0.1' ],
476 silly audit   'get-symbol-description': [ '1.1.0' ],
476 silly audit   'glob-parent': [ '6.0.2' ],
476 silly audit   globalthis: [ '1.0.4' ],
476 silly audit   gopd: [ '1.2.0' ],
476 silly audit   'has-bigints': [ '1.1.0' ],
476 silly audit   'has-flag': [ '4.0.0' ],
476 silly audit   'has-property-descriptors': [ '1.0.2' ],
476 silly audit   'has-proto': [ '1.2.0' ],
476 silly audit   'has-symbols': [ '1.1.0' ],
476 silly audit   'has-tostringtag': [ '1.0.2' ],
476 silly audit   hasown: [ '2.0.2' ],
476 silly audit   imurmurhash: [ '0.1.4' ],
476 silly audit   'internal-slot': [ '1.1.0' ],
476 silly audit   'is-array-buffer': [ '3.0.5' ],
476 silly audit   'is-async-function': [ '2.1.1' ],
476 silly audit   'is-bigint': [ '1.1.0' ],
476 silly audit   'is-boolean-object': [ '1.2.2' ],
476 silly audit   'is-callable': [ '1.2.7' ],
476 silly audit   'is-core-module': [ '2.16.1' ],
476 silly audit   'is-data-view': [ '1.0.2' ],
476 silly audit   'is-date-object': [ '1.1.0' ],
476 silly audit   'is-extglob': [ '2.1.1' ],
476 silly audit   'is-finalizationregistry': [ '1.1.1' ],
476 silly audit   'is-generator-function': [ '1.1.0' ],
476 silly audit   'is-glob': [ '4.0.3' ],
476 silly audit   'is-map': [ '2.0.3' ],
476 silly audit   'is-number-object': [ '1.1.1' ],
476 silly audit   'is-regex': [ '1.2.1' ],
476 silly audit   'is-set': [ '2.0.3' ],
476 silly audit   'is-shared-array-buffer': [ '1.0.4' ],
476 silly audit   'is-string': [ '1.1.1' ],
476 silly audit   'is-symbol': [ '1.1.1' ],
476 silly audit   'is-typed-array': [ '1.1.15' ],
476 silly audit   'is-weakmap': [ '2.0.2' ],
476 silly audit   'is-weakref': [ '1.1.1' ],
476 silly audit   'is-weakset': [ '2.0.4' ],
476 silly audit   isarray: [ '2.0.5' ],
476 silly audit   isexe: [ '2.0.0' ],
476 silly audit   'iterator.prototype': [ '1.1.5' ],
476 silly audit   'js-tokens': [ '4.0.0' ],
476 silly audit   jsesc: [ '3.1.0' ],
476 silly audit   'json-stable-stringify-without-jsonify': [ '1.0.1' ],
476 silly audit   json5: [ '2.2.3' ],
476 silly audit   'jsx-ast-utils': [ '3.3.5' ],
476 silly audit   levn: [ '0.4.1' ],
476 silly audit   'locate-path': [ '6.0.0' ],
476 silly audit   'lodash.merge': [ '4.6.2' ],
476 silly audit   'loose-envify': [ '1.4.0' ],
476 silly audit   'lru-cache': [ '5.1.1' ],
476 silly audit   'math-intrinsics': [ '1.1.0' ],
476 silly audit   'mime-db': [ '1.52.0' ],
476 silly audit   'mime-types': [ '2.1.35' ],
476 silly audit   minimatch: [ '3.1.2' ],
476 silly audit   ms: [ '2.1.3' ],
476 silly audit   nanoid: [ '3.3.8' ],
476 silly audit   'natural-compare': [ '1.4.0' ],
476 silly audit   'node-releases': [ '2.0.19' ],
476 silly audit   'object-assign': [ '4.1.1' ],
476 silly audit   'object-inspect': [ '1.13.4' ],
476 silly audit   'object-keys': [ '1.1.1' ],
476 silly audit   'object.assign': [ '4.1.7' ],
476 silly audit   'object.entries': [ '1.1.8' ],
476 silly audit   'object.fromentries': [ '2.0.8' ],
476 silly audit   'object.values': [ '1.2.1' ],
476 silly audit   optionator: [ '0.9.4' ],
476 silly audit   'own-keys': [ '1.0.1' ],
476 silly audit   'p-limit': [ '3.1.0' ],
476 silly audit   'p-locate': [ '5.0.0' ],
476 silly audit   'path-exists': [ '4.0.0' ],
476 silly audit   'path-key': [ '3.1.1' ],
476 silly audit   'path-parse': [ '1.0.7' ],
476 silly audit   picocolors: [ '1.1.1' ],
476 silly audit   'possible-typed-array-names': [ '1.1.0' ],
476 silly audit   postcss: [ '8.5.2' ],
476 silly audit   'prelude-ls': [ '1.2.1' ],
476 silly audit   'prop-types': [ '15.8.1' ],
476 silly audit   'proxy-from-env': [ '1.1.0' ],
476 silly audit   'react-is': [ '16.13.1' ],
476 silly audit   'react-refresh': [ '0.14.2' ],
476 silly audit   'react-router': [ '6.29.0' ],
476 silly audit   'react-router-dom': [ '6.29.0' ],
476 silly audit   'reflect.getprototypeof': [ '1.0.10' ],
476 silly audit   'regexp.prototype.flags': [ '1.5.4' ],
476 silly audit   resolve: [ '2.0.0-next.5' ],
476 silly audit   rollup: [ '4.34.8' ],
476 silly audit   'safe-array-concat': [ '1.1.3' ],
476 silly audit   'safe-push-apply': [ '1.0.0' ],
476 silly audit   'safe-regex-test': [ '1.1.0' ],
476 silly audit   semver: [ '6.3.1' ],
476 silly audit   'set-function-length': [ '1.2.2' ],
476 silly audit   'set-function-name': [ '2.0.2' ],
476 silly audit   'set-proto': [ '1.0.0' ],
476 silly audit   'shebang-command': [ '2.0.0' ],
476 silly audit   'shebang-regex': [ '3.0.0' ],
476 silly audit   'side-channel': [ '1.1.0' ],
476 silly audit   'side-channel-list': [ '1.0.0' ],
476 silly audit   'side-channel-map': [ '1.0.1' ],
476 silly audit   'side-channel-weakmap': [ '1.0.2' ],
476 silly audit   'source-map-js': [ '1.2.1' ],
476 silly audit   'string.prototype.matchall': [ '4.0.12' ],
476 silly audit   'string.prototype.repeat': [ '1.0.0' ],
476 silly audit   'string.prototype.trim': [ '1.2.10' ],
476 silly audit   'string.prototype.trimend': [ '1.0.9' ],
476 silly audit   'string.prototype.trimstart': [ '1.0.8' ],
476 silly audit   'supports-color': [ '7.2.0' ],
476 silly audit   'supports-preserve-symlinks-flag': [ '1.0.0' ],
476 silly audit   'type-check': [ '0.4.0' ],
476 silly audit   'typed-array-buffer': [ '1.0.3' ],
476 silly audit   'typed-array-byte-length': [ '1.0.3' ],
476 silly audit   'typed-array-byte-offset': [ '1.0.4' ],
476 silly audit   'typed-array-length': [ '1.0.7' ],
476 silly audit   'unbox-primitive': [ '1.1.0' ],
476 silly audit   'update-browserslist-db': [ '1.1.2' ],
476 silly audit   which: [ '2.0.2' ],
476 silly audit   'which-boxed-primitive': [ '1.1.1' ],
476 silly audit   'which-builtin-type': [ '1.2.1' ],
476 silly audit   'which-collection': [ '1.0.2' ],
476 silly audit   'which-typed-array': [ '1.1.18' ],
476 silly audit   'word-wrap': [ '1.2.5' ],
476 silly audit   yallist: [ '3.1.1' ],
476 silly audit   'yocto-queue': [ '0.1.0' ],
476 silly audit   eslint: [ '8.57.1' ],
476 silly audit   'eslint-plugin-react-hooks': [ '4.6.2' ],
476 silly audit   react: [ '18.3.1' ],
476 silly audit   'react-dom': [ '18.3.1' ],
476 silly audit   vite: [ '5.4.14' ],
476 silly audit   '@eslint/eslintrc': [ '2.1.4' ],
476 silly audit   '@eslint/js': [ '8.57.1' ],
476 silly audit   '@humanwhocodes/config-array': [ '0.13.0' ],
476 silly audit   '@nodelib/fs.walk': [ '1.2.8' ],
476 silly audit   '@ungap/structured-clone': [ '1.3.0' ],
476 silly audit   ajv: [ '6.12.6' ],
476 silly audit   'eslint-scope': [ '7.2.2' ],
476 silly audit   espree: [ '9.6.1' ],
476 silly audit   'fast-deep-equal': [ '3.1.3' ],
476 silly audit   'file-entry-cache': [ '6.0.1' ],
476 silly audit   graphemer: [ '1.4.0' ],
476 silly audit   ignore: [ '5.3.2' ],
476 silly audit   'is-path-inside': [ '3.0.3' ],
476 silly audit   'js-yaml': [ '4.1.0' ],
476 silly audit   'strip-ansi': [ '6.0.1' ],
476 silly audit   'text-table': [ '0.2.0' ],
476 silly audit   'import-fresh': [ '3.3.1' ],
476 silly audit   'strip-json-comments': [ '3.1.1' ],
476 silly audit   '@humanwhocodes/object-schema': [ '2.0.3' ],
476 silly audit   '@nodelib/fs.scandir': [ '2.1.5' ],
476 silly audit   fastq: [ '1.19.1' ],
476 silly audit   '@nodelib/fs.stat': [ '2.0.5' ],
476 silly audit   'run-parallel': [ '1.2.0' ],
476 silly audit   'fast-json-stable-stringify': [ '2.1.0' ],
476 silly audit   'json-schema-traverse': [ '0.4.1' ],
476 silly audit   'uri-js': [ '4.4.1' ],
476 silly audit   esrecurse: [ '4.3.0' ],
476 silly audit   acorn: [ '8.14.0' ],
476 silly audit   'acorn-jsx': [ '5.3.2' ],
476 silly audit   reusify: [ '1.1.0' ],
476 silly audit   'flat-cache': [ '3.2.0' ],
476 silly audit   flatted: [ '3.3.3' ],
476 silly audit   keyv: [ '4.5.4' ],
476 silly audit   rimraf: [ '3.0.2' ],
476 silly audit   'type-fest': [ '0.20.2' ],
476 silly audit   'parent-module': [ '1.0.1' ],
476 silly audit   'resolve-from': [ '4.0.0' ],
476 silly audit   argparse: [ '2.0.1' ],
476 silly audit   'json-buffer': [ '3.0.1' ],
476 silly audit   callsites: [ '3.1.0' ],
476 silly audit   scheduler: [ '0.23.2' ],
476 silly audit   glob: [ '7.2.3' ],
476 silly audit   'fs.realpath': [ '1.0.0' ],
476 silly audit   inflight: [ '1.0.6' ],
476 silly audit   inherits: [ '2.0.4' ],
476 silly audit   once: [ '1.4.0' ],
476 silly audit   'path-is-absolute': [ '1.0.1' ],
476 silly audit   wrappy: [ '1.0.2' ],
476 silly audit   'queue-microtask': [ '1.2.3' ],
476 silly audit   'ansi-regex': [ '5.0.1' ],
476 silly audit   punycode: [ '2.3.1' ],
476 silly audit   esbuild: [ '0.21.5' ],
476 silly audit   '@esbuild/aix-ppc64': [ '0.21.5' ],
476 silly audit   '@esbuild/android-arm': [ '0.21.5' ],
476 silly audit   '@esbuild/android-arm64': [ '0.21.5' ],
476 silly audit   '@esbuild/android-x64': [ '0.21.5' ],
476 silly audit   '@esbuild/darwin-arm64': [ '0.21.5' ],
476 silly audit   '@esbuild/darwin-x64': [ '0.21.5' ],
476 silly audit   '@esbuild/freebsd-arm64': [ '0.21.5' ],
476 silly audit   '@esbuild/freebsd-x64': [ '0.21.5' ],
476 silly audit   '@esbuild/linux-arm': [ '0.21.5' ],
476 silly audit   '@esbuild/linux-arm64': [ '0.21.5' ],
476 silly audit   '@esbuild/linux-ia32': [ '0.21.5' ],
476 silly audit   '@esbuild/linux-loong64': [ '0.21.5' ],
476 silly audit   '@esbuild/linux-mips64el': [ '0.21.5' ],
476 silly audit   '@esbuild/linux-ppc64': [ '0.21.5' ],
476 silly audit   '@esbuild/linux-riscv64': [ '0.21.5' ],
476 silly audit   '@esbuild/linux-s390x': [ '0.21.5' ],
476 silly audit   '@esbuild/linux-x64': [ '0.21.5' ],
476 silly audit   '@esbuild/netbsd-x64': [ '0.21.5' ],
476 silly audit   '@esbuild/openbsd-x64': [ '0.21.5' ],
476 silly audit   '@esbuild/sunos-x64': [ '0.21.5' ],
476 silly audit   '@esbuild/win32-arm64': [ '0.21.5' ],
476 silly audit   '@esbuild/win32-ia32': [ '0.21.5' ],
476 silly audit   '@esbuild/win32-x64': [ '0.21.5' ]
476 silly audit }
477 verbose reify failed optional dependency /home/rodriguezcasmarialuisa/blog-frontend/node_modules/@esbuild/win32-x64
478 silly reify mark deleted [
478 silly reify   '/home/rodriguezcasmarialuisa/blog-frontend/node_modules/@esbuild/win32-x64'
478 silly reify ]
479 verbose reify failed optional dependency /home/rodriguezcasmarialuisa/blog-frontend/node_modules/@esbuild/win32-ia32
480 silly reify mark deleted [
480 silly reify   '/home/rodriguezcasmarialuisa/blog-frontend/node_modules/@esbuild/win32-ia32'
480 silly reify ]
481 verbose reify failed optional dependency /home/rodriguezcasmarialuisa/blog-frontend/node_modules/@esbuild/win32-arm64
482 silly reify mark deleted [
482 silly reify   '/home/rodriguezcasmarialuisa/blog-frontend/node_modules/@esbuild/win32-arm64'
482 silly reify ]
483 verbose reify failed optional dependency /home/rodriguezcasmarialuisa/blog-frontend/node_modules/@esbuild/sunos-x64
484 silly reify mark deleted [
484 silly reify   '/home/rodriguezcasmarialuisa/blog-frontend/node_modules/@esbuild/sunos-x64'
484 silly reify ]
485 verbose reify failed optional dependency /home/rodriguezcasmarialuisa/blog-frontend/node_modules/@esbuild/openbsd-x64
486 silly reify mark deleted [
486 silly reify   '/home/rodriguezcasmarialuisa/blog-frontend/node_modules/@esbuild/openbsd-x64'
486 silly reify ]
487 verbose reify failed optional dependency /home/rodriguezcasmarialuisa/blog-frontend/node_modules/@esbuild/netbsd-x64
488 silly reify mark deleted [
488 silly reify   '/home/rodriguezcasmarialuisa/blog-frontend/node_modules/@esbuild/netbsd-x64'
488 silly reify ]
489 verbose reify failed optional dependency /home/rodriguezcasmarialuisa/blog-frontend/node_modules/@esbuild/linux-s390x
490 silly reify mark deleted [
490 silly reify   '/home/rodriguezcasmarialuisa/blog-frontend/node_modules/@esbuild/linux-s390x'
490 silly reify ]
491 verbose reify failed optional dependency /home/rodriguezcasmarialuisa/blog-frontend/node_modules/@esbuild/linux-riscv64
492 silly reify mark deleted [
492 silly reify   '/home/rodriguezcasmarialuisa/blog-frontend/node_modules/@esbuild/linux-riscv64'
492 silly reify ]
493 verbose reify failed optional dependency /home/rodriguezcasmarialuisa/blog-frontend/node_modules/@esbuild/linux-ppc64
494 silly reify mark deleted [
494 silly reify   '/home/rodriguezcasmarialuisa/blog-frontend/node_modules/@esbuild/linux-ppc64'
494 silly reify ]
495 verbose reify failed optional dependency /home/rodriguezcasmarialuisa/blog-frontend/node_modules/@esbuild/linux-mips64el
496 silly reify mark deleted [
496 silly reify   '/home/rodriguezcasmarialuisa/blog-frontend/node_modules/@esbuild/linux-mips64el'
496 silly reify ]
497 verbose reify failed optional dependency /home/rodriguezcasmarialuisa/blog-frontend/node_modules/@esbuild/linux-loong64
498 silly reify mark deleted [
498 silly reify   '/home/rodriguezcasmarialuisa/blog-frontend/node_modules/@esbuild/linux-loong64'
498 silly reify ]
499 verbose reify failed optional dependency /home/rodriguezcasmarialuisa/blog-frontend/node_modules/@esbuild/linux-ia32
500 silly reify mark deleted [
500 silly reify   '/home/rodriguezcasmarialuisa/blog-frontend/node_modules/@esbuild/linux-ia32'
500 silly reify ]
501 verbose reify failed optional dependency /home/rodriguezcasmarialuisa/blog-frontend/node_modules/@esbuild/linux-arm64
502 silly reify mark deleted [
502 silly reify   '/home/rodriguezcasmarialuisa/blog-frontend/node_modules/@esbuild/linux-arm64'
502 silly reify ]
503 verbose reify failed optional dependency /home/rodriguezcasmarialuisa/blog-frontend/node_modules/@esbuild/linux-arm
504 silly reify mark deleted [
504 silly reify   '/home/rodriguezcasmarialuisa/blog-frontend/node_modules/@esbuild/linux-arm'
504 silly reify ]
505 verbose reify failed optional dependency /home/rodriguezcasmarialuisa/blog-frontend/node_modules/@esbuild/freebsd-x64
506 silly reify mark deleted [
506 silly reify   '/home/rodriguezcasmarialuisa/blog-frontend/node_modules/@esbuild/freebsd-x64'
506 silly reify ]
507 verbose reify failed optional dependency /home/rodriguezcasmarialuisa/blog-frontend/node_modules/@esbuild/freebsd-arm64
508 silly reify mark deleted [
508 silly reify   '/home/rodriguezcasmarialuisa/blog-frontend/node_modules/@esbuild/freebsd-arm64'
508 silly reify ]
509 verbose reify failed optional dependency /home/rodriguezcasmarialuisa/blog-frontend/node_modules/@esbuild/darwin-x64
510 silly reify mark deleted [
510 silly reify   '/home/rodriguezcasmarialuisa/blog-frontend/node_modules/@esbuild/darwin-x64'
510 silly reify ]
511 verbose reify failed optional dependency /home/rodriguezcasmarialuisa/blog-frontend/node_modules/@esbuild/darwin-arm64
512 silly reify mark deleted [
512 silly reify   '/home/rodriguezcasmarialuisa/blog-frontend/node_modules/@esbuild/darwin-arm64'
512 silly reify ]
513 verbose reify failed optional dependency /home/rodriguezcasmarialuisa/blog-frontend/node_modules/@esbuild/android-x64
514 silly reify mark deleted [
514 silly reify   '/home/rodriguezcasmarialuisa/blog-frontend/node_modules/@esbuild/android-x64'
514 silly reify ]
515 verbose reify failed optional dependency /home/rodriguezcasmarialuisa/blog-frontend/node_modules/@esbuild/android-arm64
516 silly reify mark deleted [
516 silly reify   '/home/rodriguezcasmarialuisa/blog-frontend/node_modules/@esbuild/android-arm64'
516 silly reify ]
517 verbose reify failed optional dependency /home/rodriguezcasmarialuisa/blog-frontend/node_modules/@esbuild/android-arm
518 silly reify mark deleted [
518 silly reify   '/home/rodriguezcasmarialuisa/blog-frontend/node_modules/@esbuild/android-arm'
518 silly reify ]
519 verbose reify failed optional dependency /home/rodriguezcasmarialuisa/blog-frontend/node_modules/@esbuild/aix-ppc64
520 silly reify mark deleted [
520 silly reify   '/home/rodriguezcasmarialuisa/blog-frontend/node_modules/@esbuild/aix-ppc64'
520 silly reify ]
521 verbose reify failed optional dependency /home/rodriguezcasmarialuisa/blog-frontend/node_modules/fsevents
522 silly reify mark deleted [ '/home/rodriguezcasmarialuisa/blog-frontend/node_modules/fsevents' ]
523 verbose reify failed optional dependency /home/rodriguezcasmarialuisa/blog-frontend/node_modules/@rollup/rollup-win32-x64-msvc
524 silly reify mark deleted [
524 silly reify   '/home/rodriguezcasmarialuisa/blog-frontend/node_modules/@rollup/rollup-win32-x64-msvc'
524 silly reify ]
525 verbose reify failed optional dependency /home/rodriguezcasmarialuisa/blog-frontend/node_modules/@rollup/rollup-win32-ia32-msvc
526 silly reify mark deleted [
526 silly reify   '/home/rodriguezcasmarialuisa/blog-frontend/node_modules/@rollup/rollup-win32-ia32-msvc'
526 silly reify ]
527 verbose reify failed optional dependency /home/rodriguezcasmarialuisa/blog-frontend/node_modules/@rollup/rollup-win32-arm64-msvc
528 silly reify mark deleted [
528 silly reify   '/home/rodriguezcasmarialuisa/blog-frontend/node_modules/@rollup/rollup-win32-arm64-msvc'
528 silly reify ]
529 verbose reify failed optional dependency /home/rodriguezcasmarialuisa/blog-frontend/node_modules/@rollup/rollup-linux-s390x-gnu
530 silly reify mark deleted [
530 silly reify   '/home/rodriguezcasmarialuisa/blog-frontend/node_modules/@rollup/rollup-linux-s390x-gnu'
530 silly reify ]
531 verbose reify failed optional dependency /home/rodriguezcasmarialuisa/blog-frontend/node_modules/@rollup/rollup-linux-riscv64-gnu
532 silly reify mark deleted [
532 silly reify   '/home/rodriguezcasmarialuisa/blog-frontend/node_modules/@rollup/rollup-linux-riscv64-gnu'
532 silly reify ]
533 verbose reify failed optional dependency /home/rodriguezcasmarialuisa/blog-frontend/node_modules/@rollup/rollup-linux-powerpc64le-gnu
534 silly reify mark deleted [
534 silly reify   '/home/rodriguezcasmarialuisa/blog-frontend/node_modules/@rollup/rollup-linux-powerpc64le-gnu'
534 silly reify ]
535 verbose reify failed optional dependency /home/rodriguezcasmarialuisa/blog-frontend/node_modules/@rollup/rollup-linux-loongarch64-gnu
536 silly reify mark deleted [
536 silly reify   '/home/rodriguezcasmarialuisa/blog-frontend/node_modules/@rollup/rollup-linux-loongarch64-gnu'
536 silly reify ]
537 verbose reify failed optional dependency /home/rodriguezcasmarialuisa/blog-frontend/node_modules/@rollup/rollup-linux-arm64-musl
538 silly reify mark deleted [
538 silly reify   '/home/rodriguezcasmarialuisa/blog-frontend/node_modules/@rollup/rollup-linux-arm64-musl'
538 silly reify ]
539 verbose reify failed optional dependency /home/rodriguezcasmarialuisa/blog-frontend/node_modules/@rollup/rollup-linux-arm64-gnu
540 silly reify mark deleted [
540 silly reify   '/home/rodriguezcasmarialuisa/blog-frontend/node_modules/@rollup/rollup-linux-arm64-gnu'
540 silly reify ]
541 verbose reify failed optional dependency /home/rodriguezcasmarialuisa/blog-frontend/node_modules/@rollup/rollup-linux-arm-musleabihf
542 silly reify mark deleted [
542 silly reify   '/home/rodriguezcasmarialuisa/blog-frontend/node_modules/@rollup/rollup-linux-arm-musleabihf'
542 silly reify ]
543 verbose reify failed optional dependency /home/rodriguezcasmarialuisa/blog-frontend/node_modules/@rollup/rollup-linux-arm-gnueabihf
544 silly reify mark deleted [
544 silly reify   '/home/rodriguezcasmarialuisa/blog-frontend/node_modules/@rollup/rollup-linux-arm-gnueabihf'
544 silly reify ]
545 verbose reify failed optional dependency /home/rodriguezcasmarialuisa/blog-frontend/node_modules/@rollup/rollup-freebsd-x64
546 silly reify mark deleted [
546 silly reify   '/home/rodriguezcasmarialuisa/blog-frontend/node_modules/@rollup/rollup-freebsd-x64'
546 silly reify ]
547 verbose reify failed optional dependency /home/rodriguezcasmarialuisa/blog-frontend/node_modules/@rollup/rollup-freebsd-arm64
548 silly reify mark deleted [
548 silly reify   '/home/rodriguezcasmarialuisa/blog-frontend/node_modules/@rollup/rollup-freebsd-arm64'
548 silly reify ]
549 verbose reify failed optional dependency /home/rodriguezcasmarialuisa/blog-frontend/node_modules/@rollup/rollup-darwin-x64
550 silly reify mark deleted [
550 silly reify   '/home/rodriguezcasmarialuisa/blog-frontend/node_modules/@rollup/rollup-darwin-x64'
550 silly reify ]
551 verbose reify failed optional dependency /home/rodriguezcasmarialuisa/blog-frontend/node_modules/@rollup/rollup-darwin-arm64
552 silly reify mark deleted [
552 silly reify   '/home/rodriguezcasmarialuisa/blog-frontend/node_modules/@rollup/rollup-darwin-arm64'
552 silly reify ]
553 verbose reify failed optional dependency /home/rodriguezcasmarialuisa/blog-frontend/node_modules/@rollup/rollup-android-arm64
554 silly reify mark deleted [
554 silly reify   '/home/rodriguezcasmarialuisa/blog-frontend/node_modules/@rollup/rollup-android-arm64'
554 silly reify ]
555 verbose reify failed optional dependency /home/rodriguezcasmarialuisa/blog-frontend/node_modules/@rollup/rollup-android-arm-eabi
556 silly reify mark deleted [
556 silly reify   '/home/rodriguezcasmarialuisa/blog-frontend/node_modules/@rollup/rollup-android-arm-eabi'
556 silly reify ]
557 silly tarball no local data for @esbuild/linux-x64@https://registry.npmjs.org/@esbuild/linux-x64/-/linux-x64-0.21.5.tgz. Extracting by manifest.
558 silly tarball no local data for esbuild@https://registry.npmjs.org/esbuild/-/esbuild-0.21.5.tgz. Extracting by manifest.
559 silly tarball no local data for ansi-regex@https://registry.npmjs.org/ansi-regex/-/ansi-regex-5.0.1.tgz. Extracting by manifest.
560 silly tarball no local data for path-is-absolute@https://registry.npmjs.org/path-is-absolute/-/path-is-absolute-1.0.1.tgz. Extracting by manifest.
561 silly tarball no local data for inherits@https://registry.npmjs.org/inherits/-/inherits-2.0.4.tgz. Extracting by manifest.
562 silly tarball no local data for inflight@https://registry.npmjs.org/inflight/-/inflight-1.0.6.tgz. Extracting by manifest.
563 silly tarball no local data for wrappy@https://registry.npmjs.org/wrappy/-/wrappy-1.0.2.tgz. Extracting by manifest.
564 silly tarball no local data for once@https://registry.npmjs.org/once/-/once-1.4.0.tgz. Extracting by manifest.
565 silly tarball no local data for queue-microtask@https://registry.npmjs.org/queue-microtask/-/queue-microtask-1.2.3.tgz. Extracting by manifest.
566 silly tarball no local data for fs.realpath@https://registry.npmjs.org/fs.realpath/-/fs.realpath-1.0.0.tgz. Extracting by manifest.
567 silly tarball no local data for glob@https://registry.npmjs.org/glob/-/glob-7.2.3.tgz. Extracting by manifest.
568 silly tarball no local data for type-fest@https://registry.npmjs.org/type-fest/-/type-fest-0.20.2.tgz. Extracting by manifest.
569 silly tarball no local data for rimraf@https://registry.npmjs.org/rimraf/-/rimraf-3.0.2.tgz. Extracting by manifest.
570 silly tarball no local data for flat-cache@https://registry.npmjs.org/flat-cache/-/flat-cache-3.2.0.tgz. Extracting by manifest.
571 silly tarball no local data for reusify@https://registry.npmjs.org/reusify/-/reusify-1.1.0.tgz. Extracting by manifest.
572 silly tarball no local data for run-parallel@https://registry.npmjs.org/run-parallel/-/run-parallel-1.2.0.tgz. Extracting by manifest.
573 silly tarball no local data for @humanwhocodes/object-schema@https://registry.npmjs.org/@humanwhocodes/object-schema/-/object-schema-2.0.3.tgz. Extracting by manifest.
574 silly tarball no local data for fastq@https://registry.npmjs.org/fastq/-/fastq-1.19.1.tgz. Extracting by manifest.
575 silly tarball no local data for @nodelib/fs.stat@https://registry.npmjs.org/@nodelib/fs.stat/-/fs.stat-2.0.5.tgz. Extracting by manifest.
576 silly tarball no local data for @nodelib/fs.scandir@https://registry.npmjs.org/@nodelib/fs.scandir/-/fs.scandir-2.1.5.tgz. Extracting by manifest.
577 silly tarball no local data for strip-ansi@https://registry.npmjs.org/strip-ansi/-/strip-ansi-6.0.1.tgz. Extracting by manifest.
578 silly tarball no local data for text-table@https://registry.npmjs.org/text-table/-/text-table-0.2.0.tgz. Extracting by manifest.
579 silly tarball no local data for is-path-inside@https://registry.npmjs.org/is-path-inside/-/is-path-inside-3.0.3.tgz. Extracting by manifest.
580 silly tarball no local data for graphemer@https://registry.npmjs.org/graphemer/-/graphemer-1.4.0.tgz. Extracting by manifest.
581 silly tarball no local data for file-entry-cache@https://registry.npmjs.org/file-entry-cache/-/file-entry-cache-6.0.1.tgz. Extracting by manifest.
582 silly tarball no local data for globals@https://registry.npmjs.org/globals/-/globals-13.24.0.tgz. Extracting by manifest.
583 silly tarball no local data for espree@https://registry.npmjs.org/espree/-/espree-9.6.1.tgz. Extracting by manifest.
584 silly tarball no local data for eslint-scope@https://registry.npmjs.org/eslint-scope/-/eslint-scope-7.2.2.tgz. Extracting by manifest.
585 silly tarball no local data for @ungap/structured-clone@https://registry.npmjs.org/@ungap/structured-clone/-/structured-clone-1.3.0.tgz. Extracting by manifest.
586 silly tarball no local data for @eslint/eslintrc@https://registry.npmjs.org/@eslint/eslintrc/-/eslintrc-2.1.4.tgz. Extracting by manifest.
587 silly tarball no local data for @nodelib/fs.walk@https://registry.npmjs.org/@nodelib/fs.walk/-/fs.walk-1.2.8.tgz. Extracting by manifest.
588 silly tarball no local data for @humanwhocodes/config-array@https://registry.npmjs.org/@humanwhocodes/config-array/-/config-array-0.13.0.tgz. Extracting by manifest.
589 silly tarball no local data for @eslint/js@https://registry.npmjs.org/@eslint/js/-/js-8.57.1.tgz. Extracting by manifest.
590 silly tarball no local data for eslint-plugin-react-hooks@https://registry.npmjs.org/eslint-plugin-react-hooks/-/eslint-plugin-react-hooks-4.6.2.tgz. Extracting by manifest.
591 silly tarball no local data for vite@https://registry.npmjs.org/vite/-/vite-5.4.14.tgz. Extracting by manifest.
592 silly tarball no local data for eslint@https://registry.npmjs.org/eslint/-/eslint-8.57.1.tgz. Extracting by manifest.
593 silly tarball no local data for doctrine@https://registry.npmjs.org/doctrine/-/doctrine-3.0.0.tgz. Extracting by manifest.
594 http fetch POST 200 https://registry.npmjs.org/-/npm/v1/security/advisories/bulk 1105ms
595 silly audit report {
595 silly audit report   esbuild: [
595 silly audit report     {
595 silly audit report       id: 1102341,
595 silly audit report       url: 'https://github.com/advisories/GHSA-67mh-4wv8-2f99',
595 silly audit report       title: 'esbuild enables any website to send any requests to the development server and read the response',
595 silly audit report       severity: 'moderate',
595 silly audit report       vulnerable_versions: '<=0.24.2',
595 silly audit report       cwe: [Array],
595 silly audit report       cvss: [Object]
595 silly audit report     }
595 silly audit report   ]
595 silly audit report }
596 silly packumentCache corgi:https://registry.npmjs.org/esbuild cache-miss
597 http fetch GET 200 https://registry.npmjs.org/reusify/-/reusify-1.1.0.tgz 1931ms (cache miss)
598 http fetch GET 200 https://registry.npmjs.org/run-parallel/-/run-parallel-1.2.0.tgz 1993ms (cache miss)
599 http fetch GET 200 https://registry.npmjs.org/inherits/-/inherits-2.0.4.tgz 2083ms (cache miss)
600 http fetch GET 200 https://registry.npmjs.org/once/-/once-1.4.0.tgz 2081ms (cache miss)
601 http fetch GET 200 https://registry.npmjs.org/wrappy/-/wrappy-1.0.2.tgz 2082ms (cache miss)
602 http fetch GET 200 https://registry.npmjs.org/@humanwhocodes/object-schema/-/object-schema-2.0.3.tgz 2070ms (cache miss)
603 warn deprecated @humanwhocodes/object-schema@2.0.3: Use @eslint/object-schema instead
604 http fetch GET 200 https://registry.npmjs.org/ansi-regex/-/ansi-regex-5.0.1.tgz 2126ms (cache miss)
605 http fetch GET 200 https://registry.npmjs.org/inflight/-/inflight-1.0.6.tgz 2125ms (cache miss)
606 warn deprecated inflight@1.0.6: This module is not supported, and leaks memory. Do not use it. Check out lru-cache if you want a good and tested way to coalesce async requests by a key value, which is much more comprehensive and powerful.
607 http fetch GET 200 https://registry.npmjs.org/path-is-absolute/-/path-is-absolute-1.0.1.tgz 2128ms (cache miss)
608 http fetch GET 200 https://registry.npmjs.org/globals/-/globals-13.24.0.tgz 2102ms (cache miss)
609 http fetch GET 200 https://registry.npmjs.org/queue-microtask/-/queue-microtask-1.2.3.tgz 2142ms (cache miss)
610 http fetch GET 200 https://registry.npmjs.org/strip-ansi/-/strip-ansi-6.0.1.tgz 2128ms (cache miss)
611 http fetch GET 200 https://registry.npmjs.org/is-path-inside/-/is-path-inside-3.0.3.tgz 2127ms (cache miss)
612 http fetch GET 200 https://registry.npmjs.org/fs.realpath/-/fs.realpath-1.0.0.tgz 2184ms (cache miss)
613 http fetch GET 200 https://registry.npmjs.org/@eslint/js/-/js-8.57.1.tgz 2152ms (cache miss)
614 http fetch GET 200 https://registry.npmjs.org/rimraf/-/rimraf-3.0.2.tgz 2196ms (cache miss)
615 warn deprecated rimraf@3.0.2: Rimraf versions prior to v4 are no longer supported
616 http fetch GET 200 https://registry.npmjs.org/@humanwhocodes/config-array/-/config-array-0.13.0.tgz 2190ms (cache miss)
617 warn deprecated @humanwhocodes/config-array@0.13.0: Use @eslint/config-array instead
618 http fetch GET 200 https://registry.npmjs.org/text-table/-/text-table-0.2.0.tgz 2211ms (cache miss)
619 http fetch GET 200 https://registry.npmjs.org/flat-cache/-/flat-cache-3.2.0.tgz 2242ms (cache miss)
620 http fetch GET 200 https://registry.npmjs.org/@nodelib/fs.stat/-/fs.stat-2.0.5.tgz 2270ms (cache miss)
621 http fetch GET 200 https://registry.npmjs.org/file-entry-cache/-/file-entry-cache-6.0.1.tgz 2265ms (cache miss)
622 http fetch GET 200 https://registry.npmjs.org/glob/-/glob-7.2.3.tgz 2318ms (cache miss)
623 warn deprecated glob@7.2.3: Glob versions prior to v9 are no longer supported
624 http fetch GET 200 https://registry.npmjs.org/fastq/-/fastq-1.19.1.tgz 2322ms (cache miss)
625 http fetch GET 200 https://registry.npmjs.org/@ungap/structured-clone/-/structured-clone-1.3.0.tgz 2325ms (cache miss)
626 http fetch GET 200 https://registry.npmjs.org/eslint-plugin-react-hooks/-/eslint-plugin-react-hooks-4.6.2.tgz 2334ms (cache miss)
627 http fetch GET 200 https://registry.npmjs.org/@nodelib/fs.scandir/-/fs.scandir-2.1.5.tgz 2377ms (cache miss)
628 http fetch GET 200 https://registry.npmjs.org/espree/-/espree-9.6.1.tgz 2402ms (cache miss)
629 http fetch GET 200 https://registry.npmjs.org/@nodelib/fs.walk/-/fs.walk-1.2.8.tgz 2399ms (cache miss)
630 http fetch GET 200 https://registry.npmjs.org/esbuild/-/esbuild-0.21.5.tgz 2437ms (cache miss)
631 http fetch GET 200 https://registry.npmjs.org/doctrine/-/doctrine-3.0.0.tgz 2364ms (cache miss)
632 http fetch GET 200 https://registry.npmjs.org/eslint-scope/-/eslint-scope-7.2.2.tgz 2447ms (cache miss)
633 http fetch GET 200 https://registry.npmjs.org/type-fest/-/type-fest-0.20.2.tgz 2675ms (cache miss)
634 http fetch GET 200 https://registry.npmjs.org/graphemer/-/graphemer-1.4.0.tgz 2719ms (cache miss)
635 http fetch GET 200 https://registry.npmjs.org/esbuild 1957ms (cache updated)
636 silly packumentCache corgi:https://registry.npmjs.org/esbuild set size:undefined disposed:false
637 silly packumentCache corgi:https://registry.npmjs.org/vite cache-miss
638 http fetch GET 200 https://registry.npmjs.org/@eslint/eslintrc/-/eslintrc-2.1.4.tgz 2850ms (cache miss)
639 http fetch GET 200 https://registry.npmjs.org/vite/-/vite-5.4.14.tgz 3445ms (cache miss)
640 http fetch GET 200 https://registry.npmjs.org/vite 657ms (cache updated)
641 silly packumentCache corgi:https://registry.npmjs.org/vite set size:undefined disposed:false
642 silly packumentCache corgi:https://registry.npmjs.org/@vitejs%2fplugin-react cache-miss
643 http fetch GET 200 https://registry.npmjs.org/@vitejs%2fplugin-react 129ms (cache updated)
644 silly packumentCache corgi:https://registry.npmjs.org/@vitejs%2fplugin-react set size:undefined disposed:false
645 http fetch GET 200 https://registry.npmjs.org/@esbuild/linux-x64/-/linux-x64-0.21.5.tgz 4172ms (cache miss)
646 http fetch GET 200 https://registry.npmjs.org/eslint/-/eslint-8.57.1.tgz 4118ms (cache miss)
647 warn deprecated eslint@8.57.1: This version is no longer supported. Please see https://eslint.org/version-support for other options.
648 info run esbuild@0.21.5 postinstall node_modules/esbuild node install.js
649 info run esbuild@0.21.5 postinstall { code: 0, signal: null }
650 silly ADD
651 silly ADD
652 silly ADD
653 silly ADD
654 silly ADD
655 silly ADD
656 silly ADD node_modules/@esbuild/linux-x64
657 silly ADD
658 silly ADD
659 silly ADD
660 silly ADD
661 silly ADD
662 silly ADD
663 silly ADD
664 silly ADD
665 silly ADD
666 silly ADD
667 silly ADD
668 silly ADD
669 silly ADD
670 silly ADD
671 silly ADD
672 silly ADD
673 silly ADD node_modules/esbuild
674 silly ADD node_modules/punycode
675 silly ADD node_modules/ansi-regex
676 silly ADD node_modules/queue-microtask
677 silly ADD node_modules/wrappy
678 silly ADD node_modules/path-is-absolute
679 silly ADD node_modules/once
680 silly ADD node_modules/inherits
681 silly ADD node_modules/inflight
682 silly ADD node_modules/fs.realpath
683 silly ADD node_modules/glob
684 silly ADD node_modules/scheduler
685 silly ADD node_modules/callsites
686 silly ADD node_modules/json-buffer
687 silly ADD node_modules/argparse
688 silly ADD node_modules/resolve-from
689 silly ADD node_modules/parent-module
690 silly ADD node_modules/type-fest
691 silly ADD node_modules/rimraf
692 silly ADD node_modules/keyv
693 silly ADD node_modules/flatted
694 silly ADD node_modules/flat-cache
695 silly ADD node_modules/reusify
696 silly ADD node_modules/acorn-jsx
697 silly ADD node_modules/acorn
698 silly ADD node_modules/esrecurse
699 silly ADD node_modules/uri-js
700 silly ADD node_modules/json-schema-traverse
701 silly ADD node_modules/fast-json-stable-stringify
702 silly ADD node_modules/run-parallel
703 silly ADD node_modules/@nodelib/fs.stat
704 silly ADD node_modules/fastq
705 silly ADD node_modules/@nodelib/fs.scandir
706 silly ADD node_modules/@humanwhocodes/object-schema
707 silly ADD node_modules/strip-json-comments
708 silly ADD node_modules/import-fresh
709 silly ADD node_modules/text-table
710 silly ADD node_modules/strip-ansi
711 silly ADD node_modules/js-yaml
712 silly ADD node_modules/is-path-inside
713 silly ADD node_modules/ignore
714 silly ADD node_modules/graphemer
715 silly ADD node_modules/globals
716 silly ADD node_modules/file-entry-cache
717 silly ADD node_modules/fast-deep-equal
718 silly ADD node_modules/espree
719 silly ADD node_modules/eslint-visitor-keys
720 silly ADD node_modules/eslint-scope
721 silly ADD node_modules/ajv
722 silly ADD node_modules/@ungap/structured-clone
723 silly ADD node_modules/@nodelib/fs.walk
724 silly ADD node_modules/@humanwhocodes/config-array
725 silly ADD node_modules/@eslint/js
726 silly ADD node_modules/@eslint/eslintrc
727 silly ADD node_modules/vite
728 silly ADD node_modules/react-dom
729 silly ADD node_modules/react
730 silly ADD node_modules/eslint-plugin-react-hooks
731 silly ADD node_modules/eslint
732 silly ADD node_modules/eslint/node_modules/doctrine
733 silly ADD node_modules/yocto-queue
734 silly ADD node_modules/yallist
735 silly ADD node_modules/word-wrap
736 silly ADD node_modules/which-typed-array
737 silly ADD node_modules/which-collection
738 silly ADD node_modules/which-builtin-type
739 silly ADD node_modules/which-boxed-primitive
740 silly ADD node_modules/which
741 silly ADD node_modules/update-browserslist-db
742 silly ADD node_modules/unbox-primitive
743 silly ADD node_modules/typed-array-length
744 silly ADD node_modules/typed-array-byte-offset
745 silly ADD node_modules/typed-array-byte-length
746 silly ADD node_modules/typed-array-buffer
747 silly ADD node_modules/type-check
748 silly ADD node_modules/supports-preserve-symlinks-flag
749 silly ADD node_modules/supports-color
750 silly ADD node_modules/string.prototype.trimstart
751 silly ADD node_modules/string.prototype.trimend
752 silly ADD node_modules/string.prototype.trim
753 silly ADD node_modules/string.prototype.repeat
754 silly ADD node_modules/string.prototype.matchall
755 silly ADD node_modules/source-map-js
756 silly ADD node_modules/side-channel-weakmap
757 silly ADD node_modules/side-channel-map
758 silly ADD node_modules/side-channel-list
759 silly ADD node_modules/side-channel
760 silly ADD node_modules/shebang-regex
761 silly ADD node_modules/shebang-command
762 silly ADD node_modules/set-proto
763 silly ADD node_modules/set-function-name
764 silly ADD node_modules/set-function-length
765 silly ADD node_modules/semver
766 silly ADD node_modules/safe-regex-test
767 silly ADD node_modules/safe-push-apply
768 silly ADD node_modules/safe-array-concat
769 silly ADD node_modules/rollup
770 silly ADD node_modules/resolve
771 silly ADD node_modules/regexp.prototype.flags
772 silly ADD node_modules/reflect.getprototypeof
773 silly ADD node_modules/react-router-dom
774 silly ADD node_modules/react-router
775 silly ADD node_modules/react-refresh
776 silly ADD node_modules/react-is
777 silly ADD node_modules/proxy-from-env
778 silly ADD node_modules/prop-types
779 silly ADD node_modules/prelude-ls
780 silly ADD node_modules/postcss
781 silly ADD node_modules/possible-typed-array-names
782 silly ADD node_modules/picocolors
783 silly ADD node_modules/path-parse
784 silly ADD node_modules/path-key
785 silly ADD node_modules/path-exists
786 silly ADD node_modules/p-locate
787 silly ADD node_modules/p-limit
788 silly ADD node_modules/own-keys
789 silly ADD node_modules/optionator
790 silly ADD node_modules/object.values
791 silly ADD node_modules/object.fromentries
792 silly ADD node_modules/object.entries
793 silly ADD node_modules/object.assign
794 silly ADD node_modules/object-keys
795 silly ADD node_modules/object-inspect
796 silly ADD node_modules/object-assign
797 silly ADD node_modules/node-releases
798 silly ADD node_modules/natural-compare
799 silly ADD node_modules/nanoid
800 silly ADD node_modules/ms
801 silly ADD node_modules/minimatch
802 silly ADD node_modules/mime-types
803 silly ADD node_modules/mime-db
804 silly ADD node_modules/math-intrinsics
805 silly ADD node_modules/lru-cache
806 silly ADD node_modules/loose-envify
807 silly ADD node_modules/lodash.merge
808 silly ADD node_modules/locate-path
809 silly ADD node_modules/levn
810 silly ADD node_modules/jsx-ast-utils
811 silly ADD node_modules/json5
812 silly ADD node_modules/json-stable-stringify-without-jsonify
813 silly ADD node_modules/jsesc
814 silly ADD node_modules/js-tokens
815 silly ADD node_modules/iterator.prototype
816 silly ADD node_modules/isexe
817 silly ADD node_modules/isarray
818 silly ADD node_modules/is-weakset
819 silly ADD node_modules/is-weakref
820 silly ADD node_modules/is-weakmap
821 silly ADD node_modules/is-typed-array
822 silly ADD node_modules/is-symbol
823 silly ADD node_modules/is-string
824 silly ADD node_modules/is-shared-array-buffer
825 silly ADD node_modules/is-set
826 silly ADD node_modules/is-regex
827 silly ADD node_modules/is-number-object
828 silly ADD node_modules/is-map
829 silly ADD node_modules/is-glob
830 silly ADD node_modules/is-generator-function
831 silly ADD node_modules/is-finalizationregistry
832 silly ADD node_modules/is-extglob
833 silly ADD node_modules/is-date-object
834 silly ADD node_modules/is-data-view
835 silly ADD node_modules/is-core-module
836 silly ADD node_modules/is-callable
837 silly ADD node_modules/is-boolean-object
838 silly ADD node_modules/is-bigint
839 silly ADD node_modules/is-async-function
840 silly ADD node_modules/is-array-buffer
841 silly ADD node_modules/internal-slot
842 silly ADD node_modules/imurmurhash
843 silly ADD node_modules/hasown
844 silly ADD node_modules/has-tostringtag
845 silly ADD node_modules/has-symbols
846 silly ADD node_modules/has-proto
847 silly ADD node_modules/has-property-descriptors
848 silly ADD node_modules/has-flag
849 silly ADD node_modules/has-bigints
850 silly ADD node_modules/gopd
851 silly ADD node_modules/globalthis
852 silly ADD node_modules/glob-parent
853 silly ADD node_modules/get-symbol-description
854 silly ADD node_modules/get-proto
855 silly ADD node_modules/get-intrinsic
856 silly ADD node_modules/gensync
857 silly ADD node_modules/functions-have-names
858 silly ADD node_modules/function.prototype.name
859 silly ADD node_modules/function-bind
860 silly ADD
861 silly ADD node_modules/form-data
862 silly ADD node_modules/for-each
863 silly ADD node_modules/follow-redirects
864 silly ADD node_modules/find-up
865 silly ADD node_modules/fast-levenshtein
866 silly ADD node_modules/esutils
867 silly ADD node_modules/estraverse
868 silly ADD node_modules/esquery
869 silly ADD node_modules/eslint-plugin-react-refresh
870 silly ADD node_modules/eslint-plugin-react
871 silly ADD node_modules/escape-string-regexp
872 silly ADD node_modules/escalade
873 silly ADD node_modules/es-to-primitive
874 silly ADD node_modules/es-shim-unscopables
875 silly ADD node_modules/es-set-tostringtag
876 silly ADD node_modules/es-object-atoms
877 silly ADD node_modules/es-iterator-helpers
878 silly ADD node_modules/es-errors
879 silly ADD node_modules/es-define-property
880 silly ADD node_modules/es-abstract
881 silly ADD node_modules/electron-to-chromium
882 silly ADD node_modules/dunder-proto
883 silly ADD node_modules/doctrine
884 silly ADD node_modules/delayed-stream
885 silly ADD node_modules/define-properties
886 silly ADD node_modules/define-data-property
887 silly ADD node_modules/deep-is
888 silly ADD node_modules/debug
889 silly ADD node_modules/data-view-byte-offset
890 silly ADD node_modules/data-view-byte-length
891 silly ADD node_modules/data-view-buffer
892 silly ADD node_modules/cross-spawn
893 silly ADD node_modules/convert-source-map
894 silly ADD node_modules/concat-map
895 silly ADD node_modules/combined-stream
896 silly ADD node_modules/color-name
897 silly ADD node_modules/color-convert
898 silly ADD node_modules/chalk
899 silly ADD node_modules/caniuse-lite
900 silly ADD node_modules/call-bound
901 silly ADD node_modules/call-bind-apply-helpers
902 silly ADD node_modules/call-bind
903 silly ADD node_modules/browserslist
904 silly ADD node_modules/brace-expansion
905 silly ADD node_modules/balanced-match
906 silly ADD node_modules/axios
907 silly ADD node_modules/available-typed-arrays
908 silly ADD node_modules/asynckit
909 silly ADD node_modules/async-function
910 silly ADD node_modules/arraybuffer.prototype.slice
911 silly ADD node_modules/array.prototype.tosorted
912 silly ADD node_modules/array.prototype.flatmap
913 silly ADD node_modules/array.prototype.flat
914 silly ADD node_modules/array.prototype.findlast
915 silly ADD node_modules/array-includes
916 silly ADD node_modules/array-buffer-byte-length
917 silly ADD node_modules/ansi-styles
918 silly ADD node_modules/@vitejs/plugin-react
919 silly ADD node_modules/@types/estree
920 silly ADD node_modules/@types/babel__traverse
921 silly ADD node_modules/@types/babel__template
922 silly ADD node_modules/@types/babel__generator
923 silly ADD node_modules/@types/babel__core
924 silly ADD
925 silly ADD
926 silly ADD
927 silly ADD node_modules/@rollup/rollup-linux-x64-musl
928 silly ADD node_modules/@rollup/rollup-linux-x64-gnu
929 silly ADD
930 silly ADD
931 silly ADD
932 silly ADD
933 silly ADD
934 silly ADD
935 silly ADD
936 silly ADD
937 silly ADD
938 silly ADD
939 silly ADD
940 silly ADD
941 silly ADD
942 silly ADD
943 silly ADD node_modules/@remix-run/router
944 silly ADD node_modules/@jridgewell/trace-mapping
945 silly ADD node_modules/@jridgewell/sourcemap-codec
946 silly ADD node_modules/@jridgewell/set-array
947 silly ADD node_modules/@jridgewell/resolve-uri
948 silly ADD node_modules/@jridgewell/gen-mapping
949 silly ADD node_modules/@humanwhocodes/module-importer
950 silly ADD node_modules/@eslint-community/regexpp
951 silly ADD node_modules/@eslint-community/eslint-utils
952 silly ADD node_modules/@babel/types
953 silly ADD node_modules/@babel/traverse
954 silly ADD node_modules/@babel/traverse/node_modules/globals
955 silly ADD node_modules/@babel/template
956 silly ADD node_modules/@babel/plugin-transform-react-jsx-source
957 silly ADD node_modules/@babel/plugin-transform-react-jsx-self
958 silly ADD node_modules/@babel/parser
959 silly ADD node_modules/@babel/helpers
960 silly ADD node_modules/@babel/helper-validator-option
961 silly ADD node_modules/@babel/helper-validator-identifier
962 silly ADD node_modules/@babel/helper-string-parser
963 silly ADD node_modules/@babel/helper-plugin-utils
964 silly ADD node_modules/@babel/helper-module-transforms
965 silly ADD node_modules/@babel/helper-module-imports
966 silly ADD node_modules/@babel/helper-compilation-targets
967 silly ADD node_modules/@babel/generator
968 silly ADD node_modules/@babel/core
969 silly ADD node_modules/@babel/compat-data
970 silly ADD node_modules/@babel/code-frame
971 silly ADD node_modules/@ampproject/remapping
972 verbose cwd /home/rodriguezcasmarialuisa/blog-frontend
973 verbose os Linux 6.8.0-1021-gcp
974 verbose node v18.20.6
975 verbose npm  v10.8.2
976 verbose exit 0
977 info ok
