0 verbose cli /usr/bin/node /usr/bin/npm
1 info using npm@10.8.2
2 info using node@v18.20.6
3 silly config load:file:/usr/lib/node_modules/npm/npmrc
4 silly config load:file:/home/rodriguezcasmarialuisa/blog-backend/blog-frontend/.npmrc
5 silly config load:file:/home/rodriguezcasmarialuisa/.npmrc
6 silly config load:file:/usr/etc/npmrc
7 verbose title npm install axios react-router-dom
8 verbose argv "install" "axios" "react-router-dom"
9 verbose logfile logs-max:10 dir:/home/rodriguezcasmarialuisa/.npm/_logs/2025-02-18T17_26_06_831Z-
10 verbose logfile /home/rodriguezcasmarialuisa/.npm/_logs/2025-02-18T17_26_06_831Z-debug-0.log
11 silly packumentCache heap:2102132736 maxSize:525533184 maxEntrySize:262766592
12 silly logfile done cleaning log files
13 silly idealTree buildDeps
14 silly fetch manifest axios@^1.7.9
15 silly packumentCache full:https://registry.npmjs.org/axios cache-miss
16 http fetch GET 200 https://registry.npmjs.org/axios 147ms (cache hit)
17 silly packumentCache full:https://registry.npmjs.org/axios set size:606378 disposed:false
18 silly fetch manifest react-router-dom@^6.29.0
19 silly packumentCache full:https://registry.npmjs.org/react-router-dom cache-miss
20 http fetch GET 200 https://registry.npmjs.org/react-router-dom 10ms (cache hit)
21 silly packumentCache full:https://registry.npmjs.org/react-router-dom set size:1515074 disposed:false
22 silly fetch manifest react@^19.0.0
23 silly packumentCache full:https://registry.npmjs.org/react cache-miss
24 http fetch GET 200 https://registry.npmjs.org/react 25ms (cache hit)
25 silly packumentCache full:https://registry.npmjs.org/react set size:5449999 disposed:false
26 silly fetch manifest react-dom@^19.0.0
27 silly packumentCache full:https://registry.npmjs.org/react-dom cache-miss
28 http fetch GET 200 https://registry.npmjs.org/react-dom 24ms (cache hit)
29 silly packumentCache full:https://registry.npmjs.org/react-dom set size:6813754 disposed:false
30 silly placeDep ROOT axios@1.7.9 REPLACE for: blog-frontend@0.0.0 want: ^1.7.9
31 silly placeDep ROOT react-router-dom@6.29.0 REPLACE for: blog-frontend@0.0.0 want: ^6.29.0
32 silly reify moves {}
33 silly audit bulk request {
33 silly audit   '@ampproject/remapping': [ '2.3.0' ],
33 silly audit   '@babel/code-frame': [ '7.26.2' ],
33 silly audit   '@babel/compat-data': [ '7.26.8' ],
33 silly audit   '@babel/core': [ '7.26.9' ],
33 silly audit   '@babel/generator': [ '7.26.9' ],
33 silly audit   '@babel/helper-compilation-targets': [ '7.26.5' ],
33 silly audit   '@babel/helper-module-imports': [ '7.25.9' ],
33 silly audit   '@babel/helper-module-transforms': [ '7.26.0' ],
33 silly audit   '@babel/helper-plugin-utils': [ '7.26.5' ],
33 silly audit   '@babel/helper-string-parser': [ '7.25.9' ],
33 silly audit   '@babel/helper-validator-identifier': [ '7.25.9' ],
33 silly audit   '@babel/helper-validator-option': [ '7.25.9' ],
33 silly audit   '@babel/helpers': [ '7.26.9' ],
33 silly audit   '@babel/parser': [ '7.26.9' ],
33 silly audit   '@babel/plugin-transform-react-jsx-self': [ '7.25.9' ],
33 silly audit   '@babel/plugin-transform-react-jsx-source': [ '7.25.9' ],
33 silly audit   '@babel/template': [ '7.26.9' ],
33 silly audit   '@babel/traverse': [ '7.26.9' ],
33 silly audit   globals: [ '11.12.0', '14.0.0', '15.15.0' ],
33 silly audit   '@babel/types': [ '7.26.9' ],
33 silly audit   '@esbuild/aix-ppc64': [ '0.24.2' ],
33 silly audit   '@esbuild/android-arm': [ '0.24.2' ],
33 silly audit   '@esbuild/android-arm64': [ '0.24.2' ],
33 silly audit   '@esbuild/android-x64': [ '0.24.2' ],
33 silly audit   '@esbuild/darwin-arm64': [ '0.24.2' ],
33 silly audit   '@esbuild/darwin-x64': [ '0.24.2' ],
33 silly audit   '@esbuild/freebsd-arm64': [ '0.24.2' ],
33 silly audit   '@esbuild/freebsd-x64': [ '0.24.2' ],
33 silly audit   '@esbuild/linux-arm': [ '0.24.2' ],
33 silly audit   '@esbuild/linux-arm64': [ '0.24.2' ],
33 silly audit   '@esbuild/linux-ia32': [ '0.24.2' ],
33 silly audit   '@esbuild/linux-loong64': [ '0.24.2' ],
33 silly audit   '@esbuild/linux-mips64el': [ '0.24.2' ],
33 silly audit   '@esbuild/linux-ppc64': [ '0.24.2' ],
33 silly audit   '@esbuild/linux-riscv64': [ '0.24.2' ],
33 silly audit   '@esbuild/linux-s390x': [ '0.24.2' ],
33 silly audit   '@esbuild/linux-x64': [ '0.24.2' ],
33 silly audit   '@esbuild/netbsd-arm64': [ '0.24.2' ],
33 silly audit   '@esbuild/netbsd-x64': [ '0.24.2' ],
33 silly audit   '@esbuild/openbsd-arm64': [ '0.24.2' ],
33 silly audit   '@esbuild/openbsd-x64': [ '0.24.2' ],
33 silly audit   '@esbuild/sunos-x64': [ '0.24.2' ],
33 silly audit   '@esbuild/win32-arm64': [ '0.24.2' ],
33 silly audit   '@esbuild/win32-ia32': [ '0.24.2' ],
33 silly audit   '@esbuild/win32-x64': [ '0.24.2' ],
33 silly audit   '@eslint-community/eslint-utils': [ '4.4.1' ],
33 silly audit   'eslint-visitor-keys': [ '3.4.3', '4.2.0' ],
33 silly audit   '@eslint-community/regexpp': [ '4.12.1' ],
33 silly audit   '@eslint/config-array': [ '0.19.2' ],
33 silly audit   '@eslint/core': [ '0.11.0', '0.10.0' ],
33 silly audit   '@eslint/eslintrc': [ '3.2.0' ],
33 silly audit   '@eslint/js': [ '9.20.0' ],
33 silly audit   '@eslint/object-schema': [ '2.1.6' ],
33 silly audit   '@eslint/plugin-kit': [ '0.2.5' ],
33 silly audit   '@humanfs/core': [ '0.19.1' ],
33 silly audit   '@humanfs/node': [ '0.16.6' ],
33 silly audit   '@humanwhocodes/retry': [ '0.3.1', '0.4.1' ],
33 silly audit   '@humanwhocodes/module-importer': [ '1.0.1' ],
33 silly audit   '@jridgewell/gen-mapping': [ '0.3.8' ],
33 silly audit   '@jridgewell/resolve-uri': [ '3.1.2' ],
33 silly audit   '@jridgewell/set-array': [ '1.2.1' ],
33 silly audit   '@jridgewell/sourcemap-codec': [ '1.5.0' ],
33 silly audit   '@jridgewell/trace-mapping': [ '0.3.25' ],
33 silly audit   '@remix-run/router': [ '1.22.0' ],
33 silly audit   '@rollup/rollup-android-arm-eabi': [ '4.34.8' ],
33 silly audit   '@rollup/rollup-android-arm64': [ '4.34.8' ],
33 silly audit   '@rollup/rollup-darwin-arm64': [ '4.34.8' ],
33 silly audit   '@rollup/rollup-darwin-x64': [ '4.34.8' ],
33 silly audit   '@rollup/rollup-freebsd-arm64': [ '4.34.8' ],
33 silly audit   '@rollup/rollup-freebsd-x64': [ '4.34.8' ],
33 silly audit   '@rollup/rollup-linux-arm-gnueabihf': [ '4.34.8' ],
33 silly audit   '@rollup/rollup-linux-arm-musleabihf': [ '4.34.8' ],
33 silly audit   '@rollup/rollup-linux-arm64-gnu': [ '4.34.8' ],
33 silly audit   '@rollup/rollup-linux-arm64-musl': [ '4.34.8' ],
33 silly audit   '@rollup/rollup-linux-loongarch64-gnu': [ '4.34.8' ],
33 silly audit   '@rollup/rollup-linux-powerpc64le-gnu': [ '4.34.8' ],
33 silly audit   '@rollup/rollup-linux-riscv64-gnu': [ '4.34.8' ],
33 silly audit   '@rollup/rollup-linux-s390x-gnu': [ '4.34.8' ],
33 silly audit   '@rollup/rollup-linux-x64-gnu': [ '4.34.8' ],
33 silly audit   '@rollup/rollup-linux-x64-musl': [ '4.34.8' ],
33 silly audit   '@rollup/rollup-win32-arm64-msvc': [ '4.34.8' ],
33 silly audit   '@rollup/rollup-win32-ia32-msvc': [ '4.34.8' ],
33 silly audit   '@rollup/rollup-win32-x64-msvc': [ '4.34.8' ],
33 silly audit   '@types/babel__core': [ '7.20.5' ],
33 silly audit   '@types/babel__generator': [ '7.6.8' ],
33 silly audit   '@types/babel__template': [ '7.4.4' ],
33 silly audit   '@types/babel__traverse': [ '7.20.6' ],
33 silly audit   '@types/estree': [ '1.0.6' ],
33 silly audit   '@types/json-schema': [ '7.0.15' ],
33 silly audit   '@types/react': [ '19.0.10' ],
33 silly audit   '@types/react-dom': [ '19.0.4' ],
33 silly audit   '@vitejs/plugin-react': [ '4.3.4' ],
33 silly audit   acorn: [ '8.14.0' ],
33 silly audit   'acorn-jsx': [ '5.3.2' ],
33 silly audit   ajv: [ '6.12.6' ],
33 silly audit   'ansi-styles': [ '4.3.0' ],
33 silly audit   argparse: [ '2.0.1' ],
33 silly audit   'array-buffer-byte-length': [ '1.0.2' ],
33 silly audit   'array-includes': [ '3.1.8' ],
33 silly audit   'array.prototype.findlast': [ '1.2.5' ],
33 silly audit   'array.prototype.flat': [ '1.3.3' ],
33 silly audit   'array.prototype.flatmap': [ '1.3.3' ],
33 silly audit   'array.prototype.tosorted': [ '1.1.4' ],
33 silly audit   'arraybuffer.prototype.slice': [ '1.0.4' ],
33 silly audit   'async-function': [ '1.0.0' ],
33 silly audit   asynckit: [ '0.4.0' ],
33 silly audit   'available-typed-arrays': [ '1.0.7' ],
33 silly audit   'balanced-match': [ '1.0.2' ],
33 silly audit   'brace-expansion': [ '1.1.11' ],
33 silly audit   browserslist: [ '4.24.4' ],
33 silly audit   'call-bind': [ '1.0.8' ],
33 silly audit   'call-bind-apply-helpers': [ '1.0.2' ],
33 silly audit   'call-bound': [ '1.0.3' ],
33 silly audit   callsites: [ '3.1.0' ],
33 silly audit   'caniuse-lite': [ '1.0.30001700' ],
33 silly audit   chalk: [ '4.1.2' ],
33 silly audit   'color-convert': [ '2.0.1' ],
33 silly audit   'color-name': [ '1.1.4' ],
33 silly audit   'combined-stream': [ '1.0.8' ],
33 silly audit   'concat-map': [ '0.0.1' ],
33 silly audit   'convert-source-map': [ '2.0.0' ],
33 silly audit   'cross-spawn': [ '7.0.6' ],
33 silly audit   csstype: [ '3.1.3' ],
33 silly audit   'data-view-buffer': [ '1.0.2' ],
33 silly audit   'data-view-byte-length': [ '1.0.2' ],
33 silly audit   'data-view-byte-offset': [ '1.0.1' ],
33 silly audit   debug: [ '4.4.0' ],
33 silly audit   'deep-is': [ '0.1.4' ],
33 silly audit   'define-data-property': [ '1.1.4' ],
33 silly audit   'define-properties': [ '1.2.1' ],
33 silly audit   'delayed-stream': [ '1.0.0' ],
33 silly audit   doctrine: [ '2.1.0' ],
33 silly audit   'dunder-proto': [ '1.0.1' ],
33 silly audit   'electron-to-chromium': [ '1.5.102' ],
33 silly audit   'es-abstract': [ '1.23.9' ],
33 silly audit   'es-define-property': [ '1.0.1' ],
33 silly audit   'es-errors': [ '1.3.0' ],
33 silly audit   'es-iterator-helpers': [ '1.2.1' ],
33 silly audit   'es-object-atoms': [ '1.1.1' ],
33 silly audit   'es-set-tostringtag': [ '2.1.0' ],
33 silly audit   'es-shim-unscopables': [ '1.1.0' ],
33 silly audit   'es-to-primitive': [ '1.3.0' ],
33 silly audit   esbuild: [ '0.24.2' ],
33 silly audit   escalade: [ '3.2.0' ],
33 silly audit   'escape-string-regexp': [ '4.0.0' ],
33 silly audit   eslint: [ '9.20.1' ],
33 silly audit   'eslint-plugin-react': [ '7.37.4' ],
33 silly audit   'eslint-plugin-react-hooks': [ '5.1.0' ],
33 silly audit   'eslint-plugin-react-refresh': [ '0.4.19' ],
33 silly audit   'eslint-scope': [ '8.2.0' ],
33 silly audit   espree: [ '10.3.0' ],
33 silly audit   esquery: [ '1.6.0' ],
33 silly audit   esrecurse: [ '4.3.0' ],
33 silly audit   estraverse: [ '5.3.0' ],
33 silly audit   esutils: [ '2.0.3' ],
33 silly audit   'fast-deep-equal': [ '3.1.3' ],
33 silly audit   'fast-json-stable-stringify': [ '2.1.0' ],
33 silly audit   'fast-levenshtein': [ '2.0.6' ],
33 silly audit   'file-entry-cache': [ '8.0.0' ],
33 silly audit   'find-up': [ '5.0.0' ],
33 silly audit   'flat-cache': [ '4.0.1' ],
33 silly audit   flatted: [ '3.3.3' ],
33 silly audit   'follow-redirects': [ '1.15.9' ],
33 silly audit   'for-each': [ '0.3.5' ],
33 silly audit   'form-data': [ '4.0.2' ],
33 silly audit   fsevents: [ '2.3.3' ],
33 silly audit   'function-bind': [ '1.1.2' ],
33 silly audit   'function.prototype.name': [ '1.1.8' ],
33 silly audit   'functions-have-names': [ '1.2.3' ],
33 silly audit   gensync: [ '1.0.0-beta.2' ],
33 silly audit   'get-intrinsic': [ '1.2.7' ],
33 silly audit   'get-proto': [ '1.0.1' ],
33 silly audit   'get-symbol-description': [ '1.1.0' ],
33 silly audit   'glob-parent': [ '6.0.2' ],
33 silly audit   globalthis: [ '1.0.4' ],
33 silly audit   gopd: [ '1.2.0' ],
33 silly audit   'has-bigints': [ '1.1.0' ],
33 silly audit   'has-flag': [ '4.0.0' ],
33 silly audit   'has-property-descriptors': [ '1.0.2' ],
33 silly audit   'has-proto': [ '1.2.0' ],
33 silly audit   'has-symbols': [ '1.1.0' ],
33 silly audit   'has-tostringtag': [ '1.0.2' ],
33 silly audit   hasown: [ '2.0.2' ],
33 silly audit   ignore: [ '5.3.2' ],
33 silly audit   'import-fresh': [ '3.3.1' ],
33 silly audit   imurmurhash: [ '0.1.4' ],
33 silly audit   'internal-slot': [ '1.1.0' ],
33 silly audit   'is-array-buffer': [ '3.0.5' ],
33 silly audit   'is-async-function': [ '2.1.1' ],
33 silly audit   'is-bigint': [ '1.1.0' ],
33 silly audit   'is-boolean-object': [ '1.2.2' ],
33 silly audit   'is-callable': [ '1.2.7' ],
33 silly audit   'is-core-module': [ '2.16.1' ],
33 silly audit   'is-data-view': [ '1.0.2' ],
33 silly audit   'is-date-object': [ '1.1.0' ],
33 silly audit   'is-extglob': [ '2.1.1' ],
33 silly audit   'is-finalizationregistry': [ '1.1.1' ],
33 silly audit   'is-generator-function': [ '1.1.0' ],
33 silly audit   'is-glob': [ '4.0.3' ],
33 silly audit   'is-map': [ '2.0.3' ],
33 silly audit   'is-number-object': [ '1.1.1' ],
33 silly audit   'is-regex': [ '1.2.1' ],
33 silly audit   'is-set': [ '2.0.3' ],
33 silly audit   'is-shared-array-buffer': [ '1.0.4' ],
33 silly audit   'is-string': [ '1.1.1' ],
33 silly audit   'is-symbol': [ '1.1.1' ],
33 silly audit   'is-typed-array': [ '1.1.15' ],
33 silly audit   'is-weakmap': [ '2.0.2' ],
33 silly audit   'is-weakref': [ '1.1.1' ],
33 silly audit   'is-weakset': [ '2.0.4' ],
33 silly audit   isarray: [ '2.0.5' ],
33 silly audit   isexe: [ '2.0.0' ],
33 silly audit   'iterator.prototype': [ '1.1.5' ],
33 silly audit   'js-tokens': [ '4.0.0' ],
33 silly audit   'js-yaml': [ '4.1.0' ],
33 silly audit   jsesc: [ '3.1.0' ],
33 silly audit   'json-buffer': [ '3.0.1' ],
33 silly audit   'json-schema-traverse': [ '0.4.1' ],
33 silly audit   'json-stable-stringify-without-jsonify': [ '1.0.1' ],
33 silly audit   json5: [ '2.2.3' ],
33 silly audit   'jsx-ast-utils': [ '3.3.5' ],
33 silly audit   keyv: [ '4.5.4' ],
33 silly audit   levn: [ '0.4.1' ],
33 silly audit   'locate-path': [ '6.0.0' ],
33 silly audit   'lodash.merge': [ '4.6.2' ],
33 silly audit   'loose-envify': [ '1.4.0' ],
33 silly audit   'lru-cache': [ '5.1.1' ],
33 silly audit   'math-intrinsics': [ '1.1.0' ],
33 silly audit   'mime-db': [ '1.52.0' ],
33 silly audit   'mime-types': [ '2.1.35' ],
33 silly audit   minimatch: [ '3.1.2' ],
33 silly audit   ms: [ '2.1.3' ],
33 silly audit   nanoid: [ '3.3.8' ],
33 silly audit   'natural-compare': [ '1.4.0' ],
33 silly audit   'node-releases': [ '2.0.19' ],
33 silly audit   'object-assign': [ '4.1.1' ],
33 silly audit   'object-inspect': [ '1.13.4' ],
33 silly audit   'object-keys': [ '1.1.1' ],
33 silly audit   'object.assign': [ '4.1.7' ],
33 silly audit   'object.entries': [ '1.1.8' ],
33 silly audit   'object.fromentries': [ '2.0.8' ],
33 silly audit   'object.values': [ '1.2.1' ],
33 silly audit   optionator: [ '0.9.4' ],
33 silly audit   'own-keys': [ '1.0.1' ],
33 silly audit   'p-limit': [ '3.1.0' ],
33 silly audit   'p-locate': [ '5.0.0' ],
33 silly audit   'parent-module': [ '1.0.1' ],
33 silly audit   'path-exists': [ '4.0.0' ],
33 silly audit   'path-key': [ '3.1.1' ],
33 silly audit   'path-parse': [ '1.0.7' ],
33 silly audit   picocolors: [ '1.1.1' ],
33 silly audit   'possible-typed-array-names': [ '1.1.0' ],
33 silly audit   postcss: [ '8.5.2' ],
33 silly audit   'prelude-ls': [ '1.2.1' ],
33 silly audit   'prop-types': [ '15.8.1' ],
33 silly audit   'proxy-from-env': [ '1.1.0' ],
33 silly audit   punycode: [ '2.3.1' ],
33 silly audit   react: [ '19.0.0' ],
33 silly audit   'react-dom': [ '19.0.0' ],
33 silly audit   'react-is': [ '16.13.1' ],
33 silly audit   'react-refresh': [ '0.14.2' ],
33 silly audit   'react-router': [ '6.29.0' ],
33 silly audit   'reflect.getprototypeof': [ '1.0.10' ],
33 silly audit   'regexp.prototype.flags': [ '1.5.4' ],
33 silly audit   resolve: [ '2.0.0-next.5' ],
33 silly audit   'resolve-from': [ '4.0.0' ],
33 silly audit   rollup: [ '4.34.8' ],
33 silly audit   'safe-array-concat': [ '1.1.3' ],
33 silly audit   'safe-push-apply': [ '1.0.0' ],
33 silly audit   'safe-regex-test': [ '1.1.0' ],
33 silly audit   scheduler: [ '0.25.0' ],
33 silly audit   semver: [ '6.3.1' ],
33 silly audit   'set-function-length': [ '1.2.2' ],
33 silly audit   'set-function-name': [ '2.0.2' ],
33 silly audit   'set-proto': [ '1.0.0' ],
33 silly audit   'shebang-command': [ '2.0.0' ],
33 silly audit   'shebang-regex': [ '3.0.0' ],
33 silly audit   'side-channel': [ '1.1.0' ],
33 silly audit   'side-channel-list': [ '1.0.0' ],
33 silly audit   'side-channel-map': [ '1.0.1' ],
33 silly audit   'side-channel-weakmap': [ '1.0.2' ],
33 silly audit   'source-map-js': [ '1.2.1' ],
33 silly audit   'string.prototype.matchall': [ '4.0.12' ],
33 silly audit   'string.prototype.repeat': [ '1.0.0' ],
33 silly audit   'string.prototype.trim': [ '1.2.10' ],
33 silly audit   'string.prototype.trimend': [ '1.0.9' ],
33 silly audit   'string.prototype.trimstart': [ '1.0.8' ],
33 silly audit   'strip-json-comments': [ '3.1.1' ],
33 silly audit   'supports-color': [ '7.2.0' ],
33 silly audit   'supports-preserve-symlinks-flag': [ '1.0.0' ],
33 silly audit   'type-check': [ '0.4.0' ],
33 silly audit   'typed-array-buffer': [ '1.0.3' ],
33 silly audit   'typed-array-byte-length': [ '1.0.3' ],
33 silly audit   'typed-array-byte-offset': [ '1.0.4' ],
33 silly audit   'typed-array-length': [ '1.0.7' ],
33 silly audit   'unbox-primitive': [ '1.1.0' ],
33 silly audit   'update-browserslist-db': [ '1.1.2' ],
33 silly audit   'uri-js': [ '4.4.1' ],
33 silly audit   vite: [ '6.1.0' ],
33 silly audit   which: [ '2.0.2' ],
33 silly audit   'which-boxed-primitive': [ '1.1.1' ],
33 silly audit   'which-builtin-type': [ '1.2.1' ],
33 silly audit   'which-collection': [ '1.0.2' ],
33 silly audit   'which-typed-array': [ '1.1.18' ],
33 silly audit   'word-wrap': [ '1.2.5' ],
33 silly audit   yallist: [ '3.1.1' ],
33 silly audit   'yocto-queue': [ '0.1.0' ],
33 silly audit   axios: [ '1.7.9' ],
33 silly audit   'react-router-dom': [ '6.29.0' ]
33 silly audit }
34 verbose reify failed optional dependency /home/rodriguezcasmarialuisa/blog-backend/blog-frontend/node_modules/fsevents
35 silly reify mark deleted [
35 silly reify   '/home/rodriguezcasmarialuisa/blog-backend/blog-frontend/node_modules/fsevents'
35 silly reify ]
36 verbose reify failed optional dependency /home/rodriguezcasmarialuisa/blog-backend/blog-frontend/node_modules/@rollup/rollup-win32-x64-msvc
37 silly reify mark deleted [
37 silly reify   '/home/rodriguezcasmarialuisa/blog-backend/blog-frontend/node_modules/@rollup/rollup-win32-x64-msvc'
37 silly reify ]
38 verbose reify failed optional dependency /home/rodriguezcasmarialuisa/blog-backend/blog-frontend/node_modules/@rollup/rollup-win32-ia32-msvc
39 silly reify mark deleted [
39 silly reify   '/home/rodriguezcasmarialuisa/blog-backend/blog-frontend/node_modules/@rollup/rollup-win32-ia32-msvc'
39 silly reify ]
40 verbose reify failed optional dependency /home/rodriguezcasmarialuisa/blog-backend/blog-frontend/node_modules/@rollup/rollup-win32-arm64-msvc
41 silly reify mark deleted [
41 silly reify   '/home/rodriguezcasmarialuisa/blog-backend/blog-frontend/node_modules/@rollup/rollup-win32-arm64-msvc'
41 silly reify ]
42 verbose reify failed optional dependency /home/rodriguezcasmarialuisa/blog-backend/blog-frontend/node_modules/@rollup/rollup-linux-s390x-gnu
43 silly reify mark deleted [
43 silly reify   '/home/rodriguezcasmarialuisa/blog-backend/blog-frontend/node_modules/@rollup/rollup-linux-s390x-gnu'
43 silly reify ]
44 verbose reify failed optional dependency /home/rodriguezcasmarialuisa/blog-backend/blog-frontend/node_modules/@rollup/rollup-linux-riscv64-gnu
45 silly reify mark deleted [
45 silly reify   '/home/rodriguezcasmarialuisa/blog-backend/blog-frontend/node_modules/@rollup/rollup-linux-riscv64-gnu'
45 silly reify ]
46 verbose reify failed optional dependency /home/rodriguezcasmarialuisa/blog-backend/blog-frontend/node_modules/@rollup/rollup-linux-powerpc64le-gnu
47 silly reify mark deleted [
47 silly reify   '/home/rodriguezcasmarialuisa/blog-backend/blog-frontend/node_modules/@rollup/rollup-linux-powerpc64le-gnu'
47 silly reify ]
48 verbose reify failed optional dependency /home/rodriguezcasmarialuisa/blog-backend/blog-frontend/node_modules/@rollup/rollup-linux-loongarch64-gnu
49 silly reify mark deleted [
49 silly reify   '/home/rodriguezcasmarialuisa/blog-backend/blog-frontend/node_modules/@rollup/rollup-linux-loongarch64-gnu'
49 silly reify ]
50 verbose reify failed optional dependency /home/rodriguezcasmarialuisa/blog-backend/blog-frontend/node_modules/@rollup/rollup-linux-arm64-musl
51 silly reify mark deleted [
51 silly reify   '/home/rodriguezcasmarialuisa/blog-backend/blog-frontend/node_modules/@rollup/rollup-linux-arm64-musl'
51 silly reify ]
52 verbose reify failed optional dependency /home/rodriguezcasmarialuisa/blog-backend/blog-frontend/node_modules/@rollup/rollup-linux-arm64-gnu
53 silly reify mark deleted [
53 silly reify   '/home/rodriguezcasmarialuisa/blog-backend/blog-frontend/node_modules/@rollup/rollup-linux-arm64-gnu'
53 silly reify ]
54 verbose reify failed optional dependency /home/rodriguezcasmarialuisa/blog-backend/blog-frontend/node_modules/@rollup/rollup-linux-arm-musleabihf
55 silly reify mark deleted [
55 silly reify   '/home/rodriguezcasmarialuisa/blog-backend/blog-frontend/node_modules/@rollup/rollup-linux-arm-musleabihf'
55 silly reify ]
56 verbose reify failed optional dependency /home/rodriguezcasmarialuisa/blog-backend/blog-frontend/node_modules/@rollup/rollup-linux-arm-gnueabihf
57 silly reify mark deleted [
57 silly reify   '/home/rodriguezcasmarialuisa/blog-backend/blog-frontend/node_modules/@rollup/rollup-linux-arm-gnueabihf'
57 silly reify ]
58 verbose reify failed optional dependency /home/rodriguezcasmarialuisa/blog-backend/blog-frontend/node_modules/@rollup/rollup-freebsd-x64
59 silly reify mark deleted [
59 silly reify   '/home/rodriguezcasmarialuisa/blog-backend/blog-frontend/node_modules/@rollup/rollup-freebsd-x64'
59 silly reify ]
60 verbose reify failed optional dependency /home/rodriguezcasmarialuisa/blog-backend/blog-frontend/node_modules/@rollup/rollup-freebsd-arm64
61 silly reify mark deleted [
61 silly reify   '/home/rodriguezcasmarialuisa/blog-backend/blog-frontend/node_modules/@rollup/rollup-freebsd-arm64'
61 silly reify ]
62 verbose reify failed optional dependency /home/rodriguezcasmarialuisa/blog-backend/blog-frontend/node_modules/@rollup/rollup-darwin-x64
63 silly reify mark deleted [
63 silly reify   '/home/rodriguezcasmarialuisa/blog-backend/blog-frontend/node_modules/@rollup/rollup-darwin-x64'
63 silly reify ]
64 verbose reify failed optional dependency /home/rodriguezcasmarialuisa/blog-backend/blog-frontend/node_modules/@rollup/rollup-darwin-arm64
65 silly reify mark deleted [
65 silly reify   '/home/rodriguezcasmarialuisa/blog-backend/blog-frontend/node_modules/@rollup/rollup-darwin-arm64'
65 silly reify ]
66 verbose reify failed optional dependency /home/rodriguezcasmarialuisa/blog-backend/blog-frontend/node_modules/@rollup/rollup-android-arm64
67 silly reify mark deleted [
67 silly reify   '/home/rodriguezcasmarialuisa/blog-backend/blog-frontend/node_modules/@rollup/rollup-android-arm64'
67 silly reify ]
68 verbose reify failed optional dependency /home/rodriguezcasmarialuisa/blog-backend/blog-frontend/node_modules/@rollup/rollup-android-arm-eabi
69 silly reify mark deleted [
69 silly reify   '/home/rodriguezcasmarialuisa/blog-backend/blog-frontend/node_modules/@rollup/rollup-android-arm-eabi'
69 silly reify ]
70 verbose reify failed optional dependency /home/rodriguezcasmarialuisa/blog-backend/blog-frontend/node_modules/@esbuild/win32-x64
71 silly reify mark deleted [
71 silly reify   '/home/rodriguezcasmarialuisa/blog-backend/blog-frontend/node_modules/@esbuild/win32-x64'
71 silly reify ]
72 verbose reify failed optional dependency /home/rodriguezcasmarialuisa/blog-backend/blog-frontend/node_modules/@esbuild/win32-ia32
73 silly reify mark deleted [
73 silly reify   '/home/rodriguezcasmarialuisa/blog-backend/blog-frontend/node_modules/@esbuild/win32-ia32'
73 silly reify ]
74 verbose reify failed optional dependency /home/rodriguezcasmarialuisa/blog-backend/blog-frontend/node_modules/@esbuild/win32-arm64
75 silly reify mark deleted [
75 silly reify   '/home/rodriguezcasmarialuisa/blog-backend/blog-frontend/node_modules/@esbuild/win32-arm64'
75 silly reify ]
76 verbose reify failed optional dependency /home/rodriguezcasmarialuisa/blog-backend/blog-frontend/node_modules/@esbuild/sunos-x64
77 silly reify mark deleted [
77 silly reify   '/home/rodriguezcasmarialuisa/blog-backend/blog-frontend/node_modules/@esbuild/sunos-x64'
77 silly reify ]
78 verbose reify failed optional dependency /home/rodriguezcasmarialuisa/blog-backend/blog-frontend/node_modules/@esbuild/openbsd-x64
79 silly reify mark deleted [
79 silly reify   '/home/rodriguezcasmarialuisa/blog-backend/blog-frontend/node_modules/@esbuild/openbsd-x64'
79 silly reify ]
80 verbose reify failed optional dependency /home/rodriguezcasmarialuisa/blog-backend/blog-frontend/node_modules/@esbuild/openbsd-arm64
81 silly reify mark deleted [
81 silly reify   '/home/rodriguezcasmarialuisa/blog-backend/blog-frontend/node_modules/@esbuild/openbsd-arm64'
81 silly reify ]
82 verbose reify failed optional dependency /home/rodriguezcasmarialuisa/blog-backend/blog-frontend/node_modules/@esbuild/netbsd-x64
83 silly reify mark deleted [
83 silly reify   '/home/rodriguezcasmarialuisa/blog-backend/blog-frontend/node_modules/@esbuild/netbsd-x64'
83 silly reify ]
84 verbose reify failed optional dependency /home/rodriguezcasmarialuisa/blog-backend/blog-frontend/node_modules/@esbuild/netbsd-arm64
85 silly reify mark deleted [
85 silly reify   '/home/rodriguezcasmarialuisa/blog-backend/blog-frontend/node_modules/@esbuild/netbsd-arm64'
85 silly reify ]
86 verbose reify failed optional dependency /home/rodriguezcasmarialuisa/blog-backend/blog-frontend/node_modules/@esbuild/linux-s390x
87 silly reify mark deleted [
87 silly reify   '/home/rodriguezcasmarialuisa/blog-backend/blog-frontend/node_modules/@esbuild/linux-s390x'
87 silly reify ]
88 verbose reify failed optional dependency /home/rodriguezcasmarialuisa/blog-backend/blog-frontend/node_modules/@esbuild/linux-riscv64
89 silly reify mark deleted [
89 silly reify   '/home/rodriguezcasmarialuisa/blog-backend/blog-frontend/node_modules/@esbuild/linux-riscv64'
89 silly reify ]
90 verbose reify failed optional dependency /home/rodriguezcasmarialuisa/blog-backend/blog-frontend/node_modules/@esbuild/linux-ppc64
91 silly reify mark deleted [
91 silly reify   '/home/rodriguezcasmarialuisa/blog-backend/blog-frontend/node_modules/@esbuild/linux-ppc64'
91 silly reify ]
92 verbose reify failed optional dependency /home/rodriguezcasmarialuisa/blog-backend/blog-frontend/node_modules/@esbuild/linux-mips64el
93 silly reify mark deleted [
93 silly reify   '/home/rodriguezcasmarialuisa/blog-backend/blog-frontend/node_modules/@esbuild/linux-mips64el'
93 silly reify ]
94 verbose reify failed optional dependency /home/rodriguezcasmarialuisa/blog-backend/blog-frontend/node_modules/@esbuild/linux-loong64
95 silly reify mark deleted [
95 silly reify   '/home/rodriguezcasmarialuisa/blog-backend/blog-frontend/node_modules/@esbuild/linux-loong64'
95 silly reify ]
96 verbose reify failed optional dependency /home/rodriguezcasmarialuisa/blog-backend/blog-frontend/node_modules/@esbuild/linux-ia32
97 silly reify mark deleted [
97 silly reify   '/home/rodriguezcasmarialuisa/blog-backend/blog-frontend/node_modules/@esbuild/linux-ia32'
97 silly reify ]
98 verbose reify failed optional dependency /home/rodriguezcasmarialuisa/blog-backend/blog-frontend/node_modules/@esbuild/linux-arm64
99 silly reify mark deleted [
99 silly reify   '/home/rodriguezcasmarialuisa/blog-backend/blog-frontend/node_modules/@esbuild/linux-arm64'
99 silly reify ]
100 verbose reify failed optional dependency /home/rodriguezcasmarialuisa/blog-backend/blog-frontend/node_modules/@esbuild/linux-arm
101 silly reify mark deleted [
101 silly reify   '/home/rodriguezcasmarialuisa/blog-backend/blog-frontend/node_modules/@esbuild/linux-arm'
101 silly reify ]
102 verbose reify failed optional dependency /home/rodriguezcasmarialuisa/blog-backend/blog-frontend/node_modules/@esbuild/freebsd-x64
103 silly reify mark deleted [
103 silly reify   '/home/rodriguezcasmarialuisa/blog-backend/blog-frontend/node_modules/@esbuild/freebsd-x64'
103 silly reify ]
104 verbose reify failed optional dependency /home/rodriguezcasmarialuisa/blog-backend/blog-frontend/node_modules/@esbuild/freebsd-arm64
105 silly reify mark deleted [
105 silly reify   '/home/rodriguezcasmarialuisa/blog-backend/blog-frontend/node_modules/@esbuild/freebsd-arm64'
105 silly reify ]
106 verbose reify failed optional dependency /home/rodriguezcasmarialuisa/blog-backend/blog-frontend/node_modules/@esbuild/darwin-x64
107 silly reify mark deleted [
107 silly reify   '/home/rodriguezcasmarialuisa/blog-backend/blog-frontend/node_modules/@esbuild/darwin-x64'
107 silly reify ]
108 verbose reify failed optional dependency /home/rodriguezcasmarialuisa/blog-backend/blog-frontend/node_modules/@esbuild/darwin-arm64
109 silly reify mark deleted [
109 silly reify   '/home/rodriguezcasmarialuisa/blog-backend/blog-frontend/node_modules/@esbuild/darwin-arm64'
109 silly reify ]
110 verbose reify failed optional dependency /home/rodriguezcasmarialuisa/blog-backend/blog-frontend/node_modules/@esbuild/android-x64
111 silly reify mark deleted [
111 silly reify   '/home/rodriguezcasmarialuisa/blog-backend/blog-frontend/node_modules/@esbuild/android-x64'
111 silly reify ]
112 verbose reify failed optional dependency /home/rodriguezcasmarialuisa/blog-backend/blog-frontend/node_modules/@esbuild/android-arm64
113 silly reify mark deleted [
113 silly reify   '/home/rodriguezcasmarialuisa/blog-backend/blog-frontend/node_modules/@esbuild/android-arm64'
113 silly reify ]
114 verbose reify failed optional dependency /home/rodriguezcasmarialuisa/blog-backend/blog-frontend/node_modules/@esbuild/android-arm
115 silly reify mark deleted [
115 silly reify   '/home/rodriguezcasmarialuisa/blog-backend/blog-frontend/node_modules/@esbuild/android-arm'
115 silly reify ]
116 verbose reify failed optional dependency /home/rodriguezcasmarialuisa/blog-backend/blog-frontend/node_modules/@esbuild/aix-ppc64
117 silly reify mark deleted [
117 silly reify   '/home/rodriguezcasmarialuisa/blog-backend/blog-frontend/node_modules/@esbuild/aix-ppc64'
117 silly reify ]
118 http fetch POST 200 https://registry.npmjs.org/-/npm/v1/security/advisories/bulk 496ms
119 silly audit report {
119 silly audit report   esbuild: [
119 silly audit report     {
119 silly audit report       id: 1102341,
119 silly audit report       url: 'https://github.com/advisories/GHSA-67mh-4wv8-2f99',
119 silly audit report       title: 'esbuild enables any website to send any requests to the development server and read the response',
119 silly audit report       severity: 'moderate',
119 silly audit report       vulnerable_versions: '<=0.24.2',
119 silly audit report       cwe: [Array],
119 silly audit report       cvss: [Object]
119 silly audit report     }
119 silly audit report   ]
119 silly audit report }
120 silly packumentCache corgi:https://registry.npmjs.org/esbuild cache-miss
121 http fetch GET 200 https://registry.npmjs.org/esbuild 9ms (cache hit)
122 silly packumentCache corgi:https://registry.npmjs.org/esbuild set size:854012 disposed:false
123 silly packumentCache corgi:https://registry.npmjs.org/vite cache-miss
124 http fetch GET 200 https://registry.npmjs.org/vite 14ms (cache hit)
125 silly packumentCache corgi:https://registry.npmjs.org/vite set size:1894885 disposed:false
126 silly packumentCache corgi:https://registry.npmjs.org/@vitejs%2fplugin-react cache-miss
127 http fetch GET 200 https://registry.npmjs.org/@vitejs%2fplugin-react 120ms (cache hit)
128 silly packumentCache corgi:https://registry.npmjs.org/@vitejs%2fplugin-react set size:83349 disposed:false
129 silly ADD
130 silly ADD
131 silly ADD
132 silly ADD
133 silly ADD
134 silly ADD
135 silly ADD
136 silly ADD
137 silly ADD
138 silly ADD
139 silly ADD
140 silly ADD
141 silly ADD
142 silly ADD
143 silly ADD
144 silly ADD
145 silly ADD
146 silly ADD
147 silly ADD
148 silly ADD
149 silly ADD
150 silly ADD
151 silly ADD
152 silly ADD
153 silly ADD
154 silly ADD
155 silly ADD
156 silly ADD
157 silly ADD
158 silly ADD
159 silly ADD
160 silly ADD
161 silly ADD
162 silly ADD
163 silly ADD
164 silly ADD
165 silly ADD
166 silly ADD
167 silly ADD
168 silly ADD
169 silly ADD
170 silly ADD
171 verbose cwd /home/rodriguezcasmarialuisa/blog-backend/blog-frontend
172 verbose os Linux 6.8.0-1021-gcp
173 verbose node v18.20.6
174 verbose npm  v10.8.2
175 verbose exit 0
176 info ok
