0 verbose cli [
0 verbose cli   '/usr/bin/node',
0 verbose cli   '/usr/share/nodejs/npm/bin/npm-cli.js',
0 verbose cli   'exec',
0 verbose cli   '--',
0 verbose cli   'create-vite@latest',
0 verbose cli   'blog-frontend',
0 verbose cli   '--template',
0 verbose cli   'react'
0 verbose cli ]
1 info using npm@8.5.1
2 info using node@v12.22.9
3 timing npm:load:whichnode Completed in 0ms
4 timing config:load:defaults Completed in 2ms
5 timing config:load:file:/usr/share/nodejs/npm/npmrc Completed in 3ms
6 timing config:load:builtin Completed in 3ms
7 timing config:load:cli Completed in 2ms
8 timing config:load:env Completed in 0ms
9 timing config:load:file:/home/rodriguezcasmarialuisa/blog-backend/.npmrc Completed in 1ms
10 timing config:load:project Completed in 2ms
11 timing config:load:file:/home/rodriguezcasmarialuisa/.npmrc Completed in 0ms
12 timing config:load:user Completed in 0ms
13 timing config:load:file:/etc/npmrc Completed in 0ms
14 timing config:load:global Completed in 0ms
15 timing config:load:validate Completed in 1ms
16 timing config:load:credentials Completed in 1ms
17 timing config:load:setEnvs Completed in 1ms
18 timing config:load Completed in 13ms
19 timing npm:load:configload Completed in 14ms
20 timing npm:load:setTitle Completed in 1ms
21 timing config:load:flatten Completed in 3ms
22 timing npm:load:display Completed in 5ms
23 verbose logfile /home/rodriguezcasmarialuisa/.npm/_logs/2025-02-18T17_18_41_278Z-debug-0.log
24 timing npm:load:logFile Completed in 6ms
25 timing npm:load:timers Completed in 0ms
26 timing npm:load:configScope Completed in 0ms
27 timing npm:load Completed in 27ms
28 http fetch GET 200 https://registry.npmjs.org/create-vite 159ms (cache miss)
29 timing arborist:ctor Completed in 1ms
30 timing arborist:ctor Completed in 0ms
31 timing arborist:ctor Completed in 0ms
32 timing idealTree:init Completed in 5ms
33 http fetch GET 200 https://registry.npmjs.org/create-vite 41ms (cache miss)
34 timing idealTree:userRequests Completed in 46ms
35 silly idealTree buildDeps
36 silly fetch manifest create-vite@6.2.0
37 silly placeDep ROOT create-vite@6.2.0 OK for:  want: 6.2.0
38 timing idealTree:#root Completed in 8ms
39 timing idealTree:node_modules/create-vite Completed in 0ms
40 timing idealTree:buildDeps Completed in 10ms
41 timing idealTree:fixDepFlags Completed in 1ms
42 warn EBADENGINE Unsupported engine {
42 warn EBADENGINE   package: 'create-vite@6.2.0',
42 warn EBADENGINE   required: { node: '^18.0.0 || ^20.0.0 || >=22.0.0' },
42 warn EBADENGINE   current: { node: 'v12.22.9', npm: '8.5.1' }
42 warn EBADENGINE }
43 timing idealTree Completed in 67ms
44 timing reify:loadTrees Completed in 68ms
45 timing reify:diffTrees Completed in 1ms
46 silly reify moves {}
47 timing reify:retireShallow Completed in 0ms
48 timing reify:createSparse Completed in 7ms
49 timing reify:loadBundles Completed in 0ms
50 silly audit bulk request { 'create-vite': [ '6.2.0' ] }
51 silly tarball no local data for create-vite@https://registry.npmjs.org/create-vite/-/create-vite-6.2.0.tgz. Extracting by manifest.
52 http fetch POST 200 https://registry.npmjs.org/-/npm/v1/security/advisories/bulk 106ms
53 timing auditReport:getReport Completed in 108ms
54 silly audit report {}
55 timing auditReport:init Completed in 0ms
56 timing reify:audit Completed in 109ms
57 http fetch GET 200 https://registry.npmjs.org/create-vite/-/create-vite-6.2.0.tgz 267ms (cache miss)
58 timing reifyNode:node_modules/create-vite Completed in 278ms
59 timing reify:unpack Completed in 279ms
60 timing reify:unretire Completed in 0ms
61 timing build:queue Completed in 1ms
62 timing build:link:node_modules/create-vite Completed in 4ms
63 timing build:link Completed in 4ms
64 timing build:deps Completed in 5ms
65 timing build Completed in 5ms
66 timing reify:build Completed in 6ms
67 timing reify:trash Completed in 0ms
68 timing reify:save Completed in 6ms
69 timing reify Completed in 377ms
70 timing command:exec Completed in 4325ms
71 verbose exit 1
72 timing npm Completed in 4610ms
73 verbose code 1
