0 verbose cli /usr/bin/node /usr/bin/npm
1 info using npm@10.8.2
2 info using node@v18.20.6
3 silly config load:file:/usr/lib/node_modules/npm/npmrc
4 silly config load:file:/home/rodriguezcasmarialuisa/blog-frontend/.npmrc
5 silly config load:file:/home/rodriguezcasmarialuisa/.npmrc
6 silly config load:file:/usr/etc/npmrc
7 verbose title npm run buildrm node_modules package-lock.json dist
8 verbose argv "run" "buildrm" "-rf" "node_modules" "package-lock.json" "dist"
9 verbose logfile logs-max:10 dir:/home/rodriguezcasmarialuisa/.npm/_logs/2025-02-21T19_10_26_208Z-
10 verbose logfile /home/rodriguezcasmarialuisa/.npm/_logs/2025-02-21T19_10_26_208Z-debug-0.log
11 silly logfile start cleaning logs, removing 1 files
12 silly logfile done cleaning log files
13 verbose stack Error: Missing script: "buildrm"
13 verbose stack
13 verbose stack Did you mean this?
13 verbose stack   npm run build # run the "build" package script
13 verbose stack
13 verbose stack To see a list of scripts, run:
13 verbose stack   npm run
13 verbose stack     at #run (/usr/lib/node_modules/npm/lib/commands/run-script.js:110:13)
13 verbose stack     at async RunScript.exec (/usr/lib/node_modules/npm/lib/commands/run-script.js:39:7)
13 verbose stack     at async Npm.exec (/usr/lib/node_modules/npm/lib/npm.js:207:9)
13 verbose stack     at async module.exports (/usr/lib/node_modules/npm/lib/cli/entry.js:74:5)
14 error Missing script: "buildrm"
14 error
14 error Did you mean this?
14 error   npm run build # run the "build" package script
14 error
14 error To see a list of scripts, run:
14 error   npm run
15 verbose cwd /home/rodriguezcasmarialuisa/blog-frontend
16 verbose os Linux 6.8.0-1021-gcp
17 verbose node v18.20.6
18 verbose npm  v10.8.2
19 verbose exit 1
20 verbose code 1
21 error A complete log of this run can be found in: /home/rodriguezcasmarialuisa/.npm/_logs/2025-02-21T19_10_26_208Z-debug-0.log
