0 verbose cli /usr/bin/node /usr/bin/npm
1 info using npm@10.8.2
2 info using node@v18.20.6
3 silly config load:file:/usr/lib/node_modules/npm/npmrc
4 silly config load:file:/home/rodriguezcasmarialuisa/blog-backend/blog-frontend/.npmrc
5 silly config load:file:/home/rodriguezcasmarialuisa/.npmrc
6 silly config load:file:/usr/etc/npmrc
7 verbose title npm install axios react-router-dom
8 verbose argv "install" "axios" "react-router-dom"
9 verbose logfile logs-max:10 dir:/home/rodriguezcasmarialuisa/.npm/_logs/2025-02-18T17_25_25_613Z-
10 verbose logfile /home/rodriguezcasmarialuisa/.npm/_logs/2025-02-18T17_25_25_613Z-debug-0.log
11 silly packumentCache heap:2102132736 maxSize:525533184 maxEntrySize:262766592
12 silly logfile done cleaning log files
13 silly idealTree buildDeps
14 silly fetch manifest axios@*
15 silly packumentCache full:https://registry.npmjs.org/axios cache-miss
16 http fetch GET 200 https://registry.npmjs.org/axios 252ms (cache miss)
17 silly packumentCache full:https://registry.npmjs.org/axios set size:undefined disposed:false
18 silly fetch manifest react-router-dom@*
19 silly packumentCache full:https://registry.npmjs.org/react-router-dom cache-miss
20 http fetch GET 200 https://registry.npmjs.org/react-router-dom 86ms (cache miss)
21 silly packumentCache full:https://registry.npmjs.org/react-router-dom set size:undefined disposed:false
22 silly fetch manifest react@^19.0.0
23 silly packumentCache full:https://registry.npmjs.org/react cache-miss
24 http fetch GET 200 https://registry.npmjs.org/react 26ms (cache hit)
25 silly packumentCache full:https://registry.npmjs.org/react set size:5449999 disposed:false
26 silly fetch manifest react-dom@^19.0.0
27 silly packumentCache full:https://registry.npmjs.org/react-dom cache-miss
28 http fetch GET 200 https://registry.npmjs.org/react-dom 27ms (cache hit)
29 silly packumentCache full:https://registry.npmjs.org/react-dom set size:6813754 disposed:false
30 silly placeDep ROOT axios@1.7.9 OK for: blog-frontend@0.0.0 want: *
31 silly placeDep ROOT react-router-dom@6.29.0 OK for: blog-frontend@0.0.0 want: *
32 silly fetch manifest form-data@^4.0.0
33 silly packumentCache full:https://registry.npmjs.org/form-data cache-miss
34 http fetch GET 200 https://registry.npmjs.org/form-data 50ms (cache miss)
35 silly packumentCache full:https://registry.npmjs.org/form-data set size:undefined disposed:false
36 silly fetch manifest proxy-from-env@^1.1.0
37 silly packumentCache full:https://registry.npmjs.org/proxy-from-env cache-miss
38 http fetch GET 200 https://registry.npmjs.org/proxy-from-env 41ms (cache miss)
39 silly packumentCache full:https://registry.npmjs.org/proxy-from-env set size:undefined disposed:false
40 silly fetch manifest follow-redirects@^1.15.6
41 silly packumentCache full:https://registry.npmjs.org/follow-redirects cache-miss
42 http fetch GET 200 https://registry.npmjs.org/follow-redirects 42ms (cache miss)
43 silly packumentCache full:https://registry.npmjs.org/follow-redirects set size:undefined disposed:false
44 silly fetch manifest react-router@6.29.0
45 silly packumentCache full:https://registry.npmjs.org/react-router cache-miss
46 http fetch GET 200 https://registry.npmjs.org/react-router 98ms (cache miss)
47 silly packumentCache full:https://registry.npmjs.org/react-router set size:undefined disposed:false
48 silly fetch manifest @remix-run/router@1.22.0
49 silly packumentCache full:https://registry.npmjs.org/@remix-run%2frouter cache-miss
50 http fetch GET 200 https://registry.npmjs.org/@remix-run%2frouter 75ms (cache miss)
51 silly packumentCache full:https://registry.npmjs.org/@remix-run%2frouter set size:undefined disposed:false
52 silly placeDep ROOT follow-redirects@1.15.9 OK for: axios@1.7.9 want: ^1.15.6
53 silly placeDep ROOT form-data@4.0.2 OK for: axios@1.7.9 want: ^4.0.0
54 silly placeDep ROOT proxy-from-env@1.1.0 OK for: axios@1.7.9 want: ^1.1.0
55 silly fetch manifest asynckit@^0.4.0
56 silly packumentCache full:https://registry.npmjs.org/asynckit cache-miss
57 http fetch GET 200 https://registry.npmjs.org/asynckit 48ms (cache miss)
58 silly packumentCache full:https://registry.npmjs.org/asynckit set size:undefined disposed:false
59 silly fetch manifest combined-stream@^1.0.8
60 silly packumentCache full:https://registry.npmjs.org/combined-stream cache-miss
61 http fetch GET 200 https://registry.npmjs.org/combined-stream 45ms (cache miss)
62 silly packumentCache full:https://registry.npmjs.org/combined-stream set size:undefined disposed:false
63 silly fetch manifest mime-types@^2.1.12
64 silly packumentCache full:https://registry.npmjs.org/mime-types cache-miss
65 http fetch GET 200 https://registry.npmjs.org/mime-types 43ms (cache miss)
66 silly packumentCache full:https://registry.npmjs.org/mime-types set size:undefined disposed:false
67 silly placeDep ROOT asynckit@0.4.0 OK for: form-data@4.0.2 want: ^0.4.0
68 silly placeDep ROOT combined-stream@1.0.8 OK for: form-data@4.0.2 want: ^1.0.8
69 silly placeDep ROOT mime-types@2.1.35 OK for: form-data@4.0.2 want: ^2.1.12
70 silly fetch manifest delayed-stream@~1.0.0
71 silly packumentCache full:https://registry.npmjs.org/delayed-stream cache-miss
72 http fetch GET 200 https://registry.npmjs.org/delayed-stream 50ms (cache miss)
73 silly packumentCache full:https://registry.npmjs.org/delayed-stream set size:undefined disposed:false
74 silly fetch manifest mime-db@1.52.0
75 silly packumentCache full:https://registry.npmjs.org/mime-db cache-miss
76 http fetch GET 200 https://registry.npmjs.org/mime-db 57ms (cache miss)
77 silly packumentCache full:https://registry.npmjs.org/mime-db set size:undefined disposed:false
78 silly placeDep ROOT delayed-stream@1.0.0 OK for: combined-stream@1.0.8 want: ~1.0.0
79 silly placeDep ROOT mime-db@1.52.0 OK for: mime-types@2.1.35 want: 1.52.0
80 silly fetch manifest react@>=16.8
81 silly packumentCache full:https://registry.npmjs.org/react cache-miss
82 http fetch GET 200 https://registry.npmjs.org/react 20ms (cache hit)
83 silly packumentCache full:https://registry.npmjs.org/react set size:5449999 disposed:false
84 silly placeDep ROOT @remix-run/router@1.22.0 OK for: react-router-dom@6.29.0 want: 1.22.0
85 silly placeDep ROOT react-router@6.29.0 OK for: react-router-dom@6.29.0 want: 6.29.0
86 silly reify moves {}
87 silly audit bulk request {
87 silly audit   '@ampproject/remapping': [ '2.3.0' ],
87 silly audit   '@babel/code-frame': [ '7.26.2' ],
87 silly audit   '@babel/compat-data': [ '7.26.8' ],
87 silly audit   '@babel/core': [ '7.26.9' ],
87 silly audit   '@babel/generator': [ '7.26.9' ],
87 silly audit   '@babel/helper-compilation-targets': [ '7.26.5' ],
87 silly audit   '@babel/helper-module-imports': [ '7.25.9' ],
87 silly audit   '@babel/helper-module-transforms': [ '7.26.0' ],
87 silly audit   '@babel/helper-plugin-utils': [ '7.26.5' ],
87 silly audit   '@babel/helper-string-parser': [ '7.25.9' ],
87 silly audit   '@babel/helper-validator-identifier': [ '7.25.9' ],
87 silly audit   '@babel/helper-validator-option': [ '7.25.9' ],
87 silly audit   '@babel/helpers': [ '7.26.9' ],
87 silly audit   '@babel/parser': [ '7.26.9' ],
87 silly audit   '@babel/plugin-transform-react-jsx-self': [ '7.25.9' ],
87 silly audit   '@babel/plugin-transform-react-jsx-source': [ '7.25.9' ],
87 silly audit   '@babel/template': [ '7.26.9' ],
87 silly audit   '@babel/traverse': [ '7.26.9' ],
87 silly audit   globals: [ '11.12.0', '14.0.0', '15.15.0' ],
87 silly audit   '@babel/types': [ '7.26.9' ],
87 silly audit   '@esbuild/aix-ppc64': [ '0.24.2' ],
87 silly audit   '@esbuild/android-arm': [ '0.24.2' ],
87 silly audit   '@esbuild/android-arm64': [ '0.24.2' ],
87 silly audit   '@esbuild/android-x64': [ '0.24.2' ],
87 silly audit   '@esbuild/darwin-arm64': [ '0.24.2' ],
87 silly audit   '@esbuild/darwin-x64': [ '0.24.2' ],
87 silly audit   '@esbuild/freebsd-arm64': [ '0.24.2' ],
87 silly audit   '@esbuild/freebsd-x64': [ '0.24.2' ],
87 silly audit   '@esbuild/linux-arm': [ '0.24.2' ],
87 silly audit   '@esbuild/linux-arm64': [ '0.24.2' ],
87 silly audit   '@esbuild/linux-ia32': [ '0.24.2' ],
87 silly audit   '@esbuild/linux-loong64': [ '0.24.2' ],
87 silly audit   '@esbuild/linux-mips64el': [ '0.24.2' ],
87 silly audit   '@esbuild/linux-ppc64': [ '0.24.2' ],
87 silly audit   '@esbuild/linux-riscv64': [ '0.24.2' ],
87 silly audit   '@esbuild/linux-s390x': [ '0.24.2' ],
87 silly audit   '@esbuild/linux-x64': [ '0.24.2' ],
87 silly audit   '@esbuild/netbsd-arm64': [ '0.24.2' ],
87 silly audit   '@esbuild/netbsd-x64': [ '0.24.2' ],
87 silly audit   '@esbuild/openbsd-arm64': [ '0.24.2' ],
87 silly audit   '@esbuild/openbsd-x64': [ '0.24.2' ],
87 silly audit   '@esbuild/sunos-x64': [ '0.24.2' ],
87 silly audit   '@esbuild/win32-arm64': [ '0.24.2' ],
87 silly audit   '@esbuild/win32-ia32': [ '0.24.2' ],
87 silly audit   '@esbuild/win32-x64': [ '0.24.2' ],
87 silly audit   '@eslint-community/eslint-utils': [ '4.4.1' ],
87 silly audit   'eslint-visitor-keys': [ '3.4.3', '4.2.0' ],
87 silly audit   '@eslint-community/regexpp': [ '4.12.1' ],
87 silly audit   '@eslint/config-array': [ '0.19.2' ],
87 silly audit   '@eslint/core': [ '0.11.0', '0.10.0' ],
87 silly audit   '@eslint/eslintrc': [ '3.2.0' ],
87 silly audit   '@eslint/js': [ '9.20.0' ],
87 silly audit   '@eslint/object-schema': [ '2.1.6' ],
87 silly audit   '@eslint/plugin-kit': [ '0.2.5' ],
87 silly audit   '@humanfs/core': [ '0.19.1' ],
87 silly audit   '@humanfs/node': [ '0.16.6' ],
87 silly audit   '@humanwhocodes/retry': [ '0.3.1', '0.4.1' ],
87 silly audit   '@humanwhocodes/module-importer': [ '1.0.1' ],
87 silly audit   '@jridgewell/gen-mapping': [ '0.3.8' ],
87 silly audit   '@jridgewell/resolve-uri': [ '3.1.2' ],
87 silly audit   '@jridgewell/set-array': [ '1.2.1' ],
87 silly audit   '@jridgewell/sourcemap-codec': [ '1.5.0' ],
87 silly audit   '@jridgewell/trace-mapping': [ '0.3.25' ],
87 silly audit   '@rollup/rollup-android-arm-eabi': [ '4.34.8' ],
87 silly audit   '@rollup/rollup-android-arm64': [ '4.34.8' ],
87 silly audit   '@rollup/rollup-darwin-arm64': [ '4.34.8' ],
87 silly audit   '@rollup/rollup-darwin-x64': [ '4.34.8' ],
87 silly audit   '@rollup/rollup-freebsd-arm64': [ '4.34.8' ],
87 silly audit   '@rollup/rollup-freebsd-x64': [ '4.34.8' ],
87 silly audit   '@rollup/rollup-linux-arm-gnueabihf': [ '4.34.8' ],
87 silly audit   '@rollup/rollup-linux-arm-musleabihf': [ '4.34.8' ],
87 silly audit   '@rollup/rollup-linux-arm64-gnu': [ '4.34.8' ],
87 silly audit   '@rollup/rollup-linux-arm64-musl': [ '4.34.8' ],
87 silly audit   '@rollup/rollup-linux-loongarch64-gnu': [ '4.34.8' ],
87 silly audit   '@rollup/rollup-linux-powerpc64le-gnu': [ '4.34.8' ],
87 silly audit   '@rollup/rollup-linux-riscv64-gnu': [ '4.34.8' ],
87 silly audit   '@rollup/rollup-linux-s390x-gnu': [ '4.34.8' ],
87 silly audit   '@rollup/rollup-linux-x64-gnu': [ '4.34.8' ],
87 silly audit   '@rollup/rollup-linux-x64-musl': [ '4.34.8' ],
87 silly audit   '@rollup/rollup-win32-arm64-msvc': [ '4.34.8' ],
87 silly audit   '@rollup/rollup-win32-ia32-msvc': [ '4.34.8' ],
87 silly audit   '@rollup/rollup-win32-x64-msvc': [ '4.34.8' ],
87 silly audit   '@types/babel__core': [ '7.20.5' ],
87 silly audit   '@types/babel__generator': [ '7.6.8' ],
87 silly audit   '@types/babel__template': [ '7.4.4' ],
87 silly audit   '@types/babel__traverse': [ '7.20.6' ],
87 silly audit   '@types/estree': [ '1.0.6' ],
87 silly audit   '@types/json-schema': [ '7.0.15' ],
87 silly audit   '@types/react': [ '19.0.10' ],
87 silly audit   '@types/react-dom': [ '19.0.4' ],
87 silly audit   '@vitejs/plugin-react': [ '4.3.4' ],
87 silly audit   acorn: [ '8.14.0' ],
87 silly audit   'acorn-jsx': [ '5.3.2' ],
87 silly audit   ajv: [ '6.12.6' ],
87 silly audit   'ansi-styles': [ '4.3.0' ],
87 silly audit   argparse: [ '2.0.1' ],
87 silly audit   'array-buffer-byte-length': [ '1.0.2' ],
87 silly audit   'array-includes': [ '3.1.8' ],
87 silly audit   'array.prototype.findlast': [ '1.2.5' ],
87 silly audit   'array.prototype.flat': [ '1.3.3' ],
87 silly audit   'array.prototype.flatmap': [ '1.3.3' ],
87 silly audit   'array.prototype.tosorted': [ '1.1.4' ],
87 silly audit   'arraybuffer.prototype.slice': [ '1.0.4' ],
87 silly audit   'async-function': [ '1.0.0' ],
87 silly audit   'available-typed-arrays': [ '1.0.7' ],
87 silly audit   'balanced-match': [ '1.0.2' ],
87 silly audit   'brace-expansion': [ '1.1.11' ],
87 silly audit   browserslist: [ '4.24.4' ],
87 silly audit   'call-bind': [ '1.0.8' ],
87 silly audit   'call-bind-apply-helpers': [ '1.0.2' ],
87 silly audit   'call-bound': [ '1.0.3' ],
87 silly audit   callsites: [ '3.1.0' ],
87 silly audit   'caniuse-lite': [ '1.0.30001700' ],
87 silly audit   chalk: [ '4.1.2' ],
87 silly audit   'color-convert': [ '2.0.1' ],
87 silly audit   'color-name': [ '1.1.4' ],
87 silly audit   'concat-map': [ '0.0.1' ],
87 silly audit   'convert-source-map': [ '2.0.0' ],
87 silly audit   'cross-spawn': [ '7.0.6' ],
87 silly audit   csstype: [ '3.1.3' ],
87 silly audit   'data-view-buffer': [ '1.0.2' ],
87 silly audit   'data-view-byte-length': [ '1.0.2' ],
87 silly audit   'data-view-byte-offset': [ '1.0.1' ],
87 silly audit   debug: [ '4.4.0' ],
87 silly audit   'deep-is': [ '0.1.4' ],
87 silly audit   'define-data-property': [ '1.1.4' ],
87 silly audit   'define-properties': [ '1.2.1' ],
87 silly audit   doctrine: [ '2.1.0' ],
87 silly audit   'dunder-proto': [ '1.0.1' ],
87 silly audit   'electron-to-chromium': [ '1.5.102' ],
87 silly audit   'es-abstract': [ '1.23.9' ],
87 silly audit   'es-define-property': [ '1.0.1' ],
87 silly audit   'es-errors': [ '1.3.0' ],
87 silly audit   'es-iterator-helpers': [ '1.2.1' ],
87 silly audit   'es-object-atoms': [ '1.1.1' ],
87 silly audit   'es-set-tostringtag': [ '2.1.0' ],
87 silly audit   'es-shim-unscopables': [ '1.1.0' ],
87 silly audit   'es-to-primitive': [ '1.3.0' ],
87 silly audit   esbuild: [ '0.24.2' ],
87 silly audit   escalade: [ '3.2.0' ],
87 silly audit   'escape-string-regexp': [ '4.0.0' ],
87 silly audit   eslint: [ '9.20.1' ],
87 silly audit   'eslint-plugin-react': [ '7.37.4' ],
87 silly audit   'eslint-plugin-react-hooks': [ '5.1.0' ],
87 silly audit   'eslint-plugin-react-refresh': [ '0.4.19' ],
87 silly audit   'eslint-scope': [ '8.2.0' ],
87 silly audit   espree: [ '10.3.0' ],
87 silly audit   esquery: [ '1.6.0' ],
87 silly audit   esrecurse: [ '4.3.0' ],
87 silly audit   estraverse: [ '5.3.0' ],
87 silly audit   esutils: [ '2.0.3' ],
87 silly audit   'fast-deep-equal': [ '3.1.3' ],
87 silly audit   'fast-json-stable-stringify': [ '2.1.0' ],
87 silly audit   'fast-levenshtein': [ '2.0.6' ],
87 silly audit   'file-entry-cache': [ '8.0.0' ],
87 silly audit   'find-up': [ '5.0.0' ],
87 silly audit   'flat-cache': [ '4.0.1' ],
87 silly audit   flatted: [ '3.3.3' ],
87 silly audit   'for-each': [ '0.3.5' ],
87 silly audit   fsevents: [ '2.3.3' ],
87 silly audit   'function-bind': [ '1.1.2' ],
87 silly audit   'function.prototype.name': [ '1.1.8' ],
87 silly audit   'functions-have-names': [ '1.2.3' ],
87 silly audit   gensync: [ '1.0.0-beta.2' ],
87 silly audit   'get-intrinsic': [ '1.2.7' ],
87 silly audit   'get-proto': [ '1.0.1' ],
87 silly audit   'get-symbol-description': [ '1.1.0' ],
87 silly audit   'glob-parent': [ '6.0.2' ],
87 silly audit   globalthis: [ '1.0.4' ],
87 silly audit   gopd: [ '1.2.0' ],
87 silly audit   'has-bigints': [ '1.1.0' ],
87 silly audit   'has-flag': [ '4.0.0' ],
87 silly audit   'has-property-descriptors': [ '1.0.2' ],
87 silly audit   'has-proto': [ '1.2.0' ],
87 silly audit   'has-symbols': [ '1.1.0' ],
87 silly audit   'has-tostringtag': [ '1.0.2' ],
87 silly audit   hasown: [ '2.0.2' ],
87 silly audit   ignore: [ '5.3.2' ],
87 silly audit   'import-fresh': [ '3.3.1' ],
87 silly audit   imurmurhash: [ '0.1.4' ],
87 silly audit   'internal-slot': [ '1.1.0' ],
87 silly audit   'is-array-buffer': [ '3.0.5' ],
87 silly audit   'is-async-function': [ '2.1.1' ],
87 silly audit   'is-bigint': [ '1.1.0' ],
87 silly audit   'is-boolean-object': [ '1.2.2' ],
87 silly audit   'is-callable': [ '1.2.7' ],
87 silly audit   'is-core-module': [ '2.16.1' ],
87 silly audit   'is-data-view': [ '1.0.2' ],
87 silly audit   'is-date-object': [ '1.1.0' ],
87 silly audit   'is-extglob': [ '2.1.1' ],
87 silly audit   'is-finalizationregistry': [ '1.1.1' ],
87 silly audit   'is-generator-function': [ '1.1.0' ],
87 silly audit   'is-glob': [ '4.0.3' ],
87 silly audit   'is-map': [ '2.0.3' ],
87 silly audit   'is-number-object': [ '1.1.1' ],
87 silly audit   'is-regex': [ '1.2.1' ],
87 silly audit   'is-set': [ '2.0.3' ],
87 silly audit   'is-shared-array-buffer': [ '1.0.4' ],
87 silly audit   'is-string': [ '1.1.1' ],
87 silly audit   'is-symbol': [ '1.1.1' ],
87 silly audit   'is-typed-array': [ '1.1.15' ],
87 silly audit   'is-weakmap': [ '2.0.2' ],
87 silly audit   'is-weakref': [ '1.1.1' ],
87 silly audit   'is-weakset': [ '2.0.4' ],
87 silly audit   isarray: [ '2.0.5' ],
87 silly audit   isexe: [ '2.0.0' ],
87 silly audit   'iterator.prototype': [ '1.1.5' ],
87 silly audit   'js-tokens': [ '4.0.0' ],
87 silly audit   'js-yaml': [ '4.1.0' ],
87 silly audit   jsesc: [ '3.1.0' ],
87 silly audit   'json-buffer': [ '3.0.1' ],
87 silly audit   'json-schema-traverse': [ '0.4.1' ],
87 silly audit   'json-stable-stringify-without-jsonify': [ '1.0.1' ],
87 silly audit   json5: [ '2.2.3' ],
87 silly audit   'jsx-ast-utils': [ '3.3.5' ],
87 silly audit   keyv: [ '4.5.4' ],
87 silly audit   levn: [ '0.4.1' ],
87 silly audit   'locate-path': [ '6.0.0' ],
87 silly audit   'lodash.merge': [ '4.6.2' ],
87 silly audit   'loose-envify': [ '1.4.0' ],
87 silly audit   'lru-cache': [ '5.1.1' ],
87 silly audit   'math-intrinsics': [ '1.1.0' ],
87 silly audit   minimatch: [ '3.1.2' ],
87 silly audit   ms: [ '2.1.3' ],
87 silly audit   nanoid: [ '3.3.8' ],
87 silly audit   'natural-compare': [ '1.4.0' ],
87 silly audit   'node-releases': [ '2.0.19' ],
87 silly audit   'object-assign': [ '4.1.1' ],
87 silly audit   'object-inspect': [ '1.13.4' ],
87 silly audit   'object-keys': [ '1.1.1' ],
87 silly audit   'object.assign': [ '4.1.7' ],
87 silly audit   'object.entries': [ '1.1.8' ],
87 silly audit   'object.fromentries': [ '2.0.8' ],
87 silly audit   'object.values': [ '1.2.1' ],
87 silly audit   optionator: [ '0.9.4' ],
87 silly audit   'own-keys': [ '1.0.1' ],
87 silly audit   'p-limit': [ '3.1.0' ],
87 silly audit   'p-locate': [ '5.0.0' ],
87 silly audit   'parent-module': [ '1.0.1' ],
87 silly audit   'path-exists': [ '4.0.0' ],
87 silly audit   'path-key': [ '3.1.1' ],
87 silly audit   'path-parse': [ '1.0.7' ],
87 silly audit   picocolors: [ '1.1.1' ],
87 silly audit   'possible-typed-array-names': [ '1.1.0' ],
87 silly audit   postcss: [ '8.5.2' ],
87 silly audit   'prelude-ls': [ '1.2.1' ],
87 silly audit   'prop-types': [ '15.8.1' ],
87 silly audit   punycode: [ '2.3.1' ],
87 silly audit   react: [ '19.0.0' ],
87 silly audit   'react-dom': [ '19.0.0' ],
87 silly audit   'react-is': [ '16.13.1' ],
87 silly audit   'react-refresh': [ '0.14.2' ],
87 silly audit   'reflect.getprototypeof': [ '1.0.10' ],
87 silly audit   'regexp.prototype.flags': [ '1.5.4' ],
87 silly audit   resolve: [ '2.0.0-next.5' ],
87 silly audit   'resolve-from': [ '4.0.0' ],
87 silly audit   rollup: [ '4.34.8' ],
87 silly audit   'safe-array-concat': [ '1.1.3' ],
87 silly audit   'safe-push-apply': [ '1.0.0' ],
87 silly audit   'safe-regex-test': [ '1.1.0' ],
87 silly audit   scheduler: [ '0.25.0' ],
87 silly audit   semver: [ '6.3.1' ],
87 silly audit   'set-function-length': [ '1.2.2' ],
87 silly audit   'set-function-name': [ '2.0.2' ],
87 silly audit   'set-proto': [ '1.0.0' ],
87 silly audit   'shebang-command': [ '2.0.0' ],
87 silly audit   'shebang-regex': [ '3.0.0' ],
87 silly audit   'side-channel': [ '1.1.0' ],
87 silly audit   'side-channel-list': [ '1.0.0' ],
87 silly audit   'side-channel-map': [ '1.0.1' ],
87 silly audit   'side-channel-weakmap': [ '1.0.2' ],
87 silly audit   'source-map-js': [ '1.2.1' ],
87 silly audit   'string.prototype.matchall': [ '4.0.12' ],
87 silly audit   'string.prototype.repeat': [ '1.0.0' ],
87 silly audit   'string.prototype.trim': [ '1.2.10' ],
87 silly audit   'string.prototype.trimend': [ '1.0.9' ],
87 silly audit   'string.prototype.trimstart': [ '1.0.8' ],
87 silly audit   'strip-json-comments': [ '3.1.1' ],
87 silly audit   'supports-color': [ '7.2.0' ],
87 silly audit   'supports-preserve-symlinks-flag': [ '1.0.0' ],
87 silly audit   'type-check': [ '0.4.0' ],
87 silly audit   'typed-array-buffer': [ '1.0.3' ],
87 silly audit   'typed-array-byte-length': [ '1.0.3' ],
87 silly audit   'typed-array-byte-offset': [ '1.0.4' ],
87 silly audit   'typed-array-length': [ '1.0.7' ],
87 silly audit   'unbox-primitive': [ '1.1.0' ],
87 silly audit   'update-browserslist-db': [ '1.1.2' ],
87 silly audit   'uri-js': [ '4.4.1' ],
87 silly audit   vite: [ '6.1.0' ],
87 silly audit   which: [ '2.0.2' ],
87 silly audit   'which-boxed-primitive': [ '1.1.1' ],
87 silly audit   'which-builtin-type': [ '1.2.1' ],
87 silly audit   'which-collection': [ '1.0.2' ],
87 silly audit   'which-typed-array': [ '1.1.18' ],
87 silly audit   'word-wrap': [ '1.2.5' ],
87 silly audit   yallist: [ '3.1.1' ],
87 silly audit   'yocto-queue': [ '0.1.0' ],
87 silly audit   axios: [ '1.7.9' ],
87 silly audit   'react-router-dom': [ '6.29.0' ],
87 silly audit   'follow-redirects': [ '1.15.9' ],
87 silly audit   'form-data': [ '4.0.2' ],
87 silly audit   'proxy-from-env': [ '1.1.0' ],
87 silly audit   asynckit: [ '0.4.0' ],
87 silly audit   'combined-stream': [ '1.0.8' ],
87 silly audit   'mime-types': [ '2.1.35' ],
87 silly audit   'delayed-stream': [ '1.0.0' ],
87 silly audit   'mime-db': [ '1.52.0' ],
87 silly audit   '@remix-run/router': [ '1.22.0' ],
87 silly audit   'react-router': [ '6.29.0' ]
87 silly audit }
88 verbose reify failed optional dependency /home/rodriguezcasmarialuisa/blog-backend/blog-frontend/node_modules/fsevents
89 silly reify mark deleted [
89 silly reify   '/home/rodriguezcasmarialuisa/blog-backend/blog-frontend/node_modules/fsevents'
89 silly reify ]
90 verbose reify failed optional dependency /home/rodriguezcasmarialuisa/blog-backend/blog-frontend/node_modules/@rollup/rollup-win32-x64-msvc
91 silly reify mark deleted [
91 silly reify   '/home/rodriguezcasmarialuisa/blog-backend/blog-frontend/node_modules/@rollup/rollup-win32-x64-msvc'
91 silly reify ]
92 verbose reify failed optional dependency /home/rodriguezcasmarialuisa/blog-backend/blog-frontend/node_modules/@rollup/rollup-win32-ia32-msvc
93 silly reify mark deleted [
93 silly reify   '/home/rodriguezcasmarialuisa/blog-backend/blog-frontend/node_modules/@rollup/rollup-win32-ia32-msvc'
93 silly reify ]
94 verbose reify failed optional dependency /home/rodriguezcasmarialuisa/blog-backend/blog-frontend/node_modules/@rollup/rollup-win32-arm64-msvc
95 silly reify mark deleted [
95 silly reify   '/home/rodriguezcasmarialuisa/blog-backend/blog-frontend/node_modules/@rollup/rollup-win32-arm64-msvc'
95 silly reify ]
96 verbose reify failed optional dependency /home/rodriguezcasmarialuisa/blog-backend/blog-frontend/node_modules/@rollup/rollup-linux-s390x-gnu
97 silly reify mark deleted [
97 silly reify   '/home/rodriguezcasmarialuisa/blog-backend/blog-frontend/node_modules/@rollup/rollup-linux-s390x-gnu'
97 silly reify ]
98 verbose reify failed optional dependency /home/rodriguezcasmarialuisa/blog-backend/blog-frontend/node_modules/@rollup/rollup-linux-riscv64-gnu
99 silly reify mark deleted [
99 silly reify   '/home/rodriguezcasmarialuisa/blog-backend/blog-frontend/node_modules/@rollup/rollup-linux-riscv64-gnu'
99 silly reify ]
100 verbose reify failed optional dependency /home/rodriguezcasmarialuisa/blog-backend/blog-frontend/node_modules/@rollup/rollup-linux-powerpc64le-gnu
101 silly reify mark deleted [
101 silly reify   '/home/rodriguezcasmarialuisa/blog-backend/blog-frontend/node_modules/@rollup/rollup-linux-powerpc64le-gnu'
101 silly reify ]
102 verbose reify failed optional dependency /home/rodriguezcasmarialuisa/blog-backend/blog-frontend/node_modules/@rollup/rollup-linux-loongarch64-gnu
103 silly reify mark deleted [
103 silly reify   '/home/rodriguezcasmarialuisa/blog-backend/blog-frontend/node_modules/@rollup/rollup-linux-loongarch64-gnu'
103 silly reify ]
104 verbose reify failed optional dependency /home/rodriguezcasmarialuisa/blog-backend/blog-frontend/node_modules/@rollup/rollup-linux-arm64-musl
105 silly reify mark deleted [
105 silly reify   '/home/rodriguezcasmarialuisa/blog-backend/blog-frontend/node_modules/@rollup/rollup-linux-arm64-musl'
105 silly reify ]
106 verbose reify failed optional dependency /home/rodriguezcasmarialuisa/blog-backend/blog-frontend/node_modules/@rollup/rollup-linux-arm64-gnu
107 silly reify mark deleted [
107 silly reify   '/home/rodriguezcasmarialuisa/blog-backend/blog-frontend/node_modules/@rollup/rollup-linux-arm64-gnu'
107 silly reify ]
108 verbose reify failed optional dependency /home/rodriguezcasmarialuisa/blog-backend/blog-frontend/node_modules/@rollup/rollup-linux-arm-musleabihf
109 silly reify mark deleted [
109 silly reify   '/home/rodriguezcasmarialuisa/blog-backend/blog-frontend/node_modules/@rollup/rollup-linux-arm-musleabihf'
109 silly reify ]
110 verbose reify failed optional dependency /home/rodriguezcasmarialuisa/blog-backend/blog-frontend/node_modules/@rollup/rollup-linux-arm-gnueabihf
111 silly reify mark deleted [
111 silly reify   '/home/rodriguezcasmarialuisa/blog-backend/blog-frontend/node_modules/@rollup/rollup-linux-arm-gnueabihf'
111 silly reify ]
112 verbose reify failed optional dependency /home/rodriguezcasmarialuisa/blog-backend/blog-frontend/node_modules/@rollup/rollup-freebsd-x64
113 silly reify mark deleted [
113 silly reify   '/home/rodriguezcasmarialuisa/blog-backend/blog-frontend/node_modules/@rollup/rollup-freebsd-x64'
113 silly reify ]
114 verbose reify failed optional dependency /home/rodriguezcasmarialuisa/blog-backend/blog-frontend/node_modules/@rollup/rollup-freebsd-arm64
115 silly reify mark deleted [
115 silly reify   '/home/rodriguezcasmarialuisa/blog-backend/blog-frontend/node_modules/@rollup/rollup-freebsd-arm64'
115 silly reify ]
116 verbose reify failed optional dependency /home/rodriguezcasmarialuisa/blog-backend/blog-frontend/node_modules/@rollup/rollup-darwin-x64
117 silly reify mark deleted [
117 silly reify   '/home/rodriguezcasmarialuisa/blog-backend/blog-frontend/node_modules/@rollup/rollup-darwin-x64'
117 silly reify ]
118 verbose reify failed optional dependency /home/rodriguezcasmarialuisa/blog-backend/blog-frontend/node_modules/@rollup/rollup-darwin-arm64
119 silly reify mark deleted [
119 silly reify   '/home/rodriguezcasmarialuisa/blog-backend/blog-frontend/node_modules/@rollup/rollup-darwin-arm64'
119 silly reify ]
120 verbose reify failed optional dependency /home/rodriguezcasmarialuisa/blog-backend/blog-frontend/node_modules/@rollup/rollup-android-arm64
121 silly reify mark deleted [
121 silly reify   '/home/rodriguezcasmarialuisa/blog-backend/blog-frontend/node_modules/@rollup/rollup-android-arm64'
121 silly reify ]
122 verbose reify failed optional dependency /home/rodriguezcasmarialuisa/blog-backend/blog-frontend/node_modules/@rollup/rollup-android-arm-eabi
123 silly reify mark deleted [
123 silly reify   '/home/rodriguezcasmarialuisa/blog-backend/blog-frontend/node_modules/@rollup/rollup-android-arm-eabi'
123 silly reify ]
124 verbose reify failed optional dependency /home/rodriguezcasmarialuisa/blog-backend/blog-frontend/node_modules/@esbuild/win32-x64
125 silly reify mark deleted [
125 silly reify   '/home/rodriguezcasmarialuisa/blog-backend/blog-frontend/node_modules/@esbuild/win32-x64'
125 silly reify ]
126 verbose reify failed optional dependency /home/rodriguezcasmarialuisa/blog-backend/blog-frontend/node_modules/@esbuild/win32-ia32
127 silly reify mark deleted [
127 silly reify   '/home/rodriguezcasmarialuisa/blog-backend/blog-frontend/node_modules/@esbuild/win32-ia32'
127 silly reify ]
128 verbose reify failed optional dependency /home/rodriguezcasmarialuisa/blog-backend/blog-frontend/node_modules/@esbuild/win32-arm64
129 silly reify mark deleted [
129 silly reify   '/home/rodriguezcasmarialuisa/blog-backend/blog-frontend/node_modules/@esbuild/win32-arm64'
129 silly reify ]
130 verbose reify failed optional dependency /home/rodriguezcasmarialuisa/blog-backend/blog-frontend/node_modules/@esbuild/sunos-x64
131 silly reify mark deleted [
131 silly reify   '/home/rodriguezcasmarialuisa/blog-backend/blog-frontend/node_modules/@esbuild/sunos-x64'
131 silly reify ]
132 verbose reify failed optional dependency /home/rodriguezcasmarialuisa/blog-backend/blog-frontend/node_modules/@esbuild/openbsd-x64
133 silly reify mark deleted [
133 silly reify   '/home/rodriguezcasmarialuisa/blog-backend/blog-frontend/node_modules/@esbuild/openbsd-x64'
133 silly reify ]
134 verbose reify failed optional dependency /home/rodriguezcasmarialuisa/blog-backend/blog-frontend/node_modules/@esbuild/openbsd-arm64
135 silly reify mark deleted [
135 silly reify   '/home/rodriguezcasmarialuisa/blog-backend/blog-frontend/node_modules/@esbuild/openbsd-arm64'
135 silly reify ]
136 verbose reify failed optional dependency /home/rodriguezcasmarialuisa/blog-backend/blog-frontend/node_modules/@esbuild/netbsd-x64
137 silly reify mark deleted [
137 silly reify   '/home/rodriguezcasmarialuisa/blog-backend/blog-frontend/node_modules/@esbuild/netbsd-x64'
137 silly reify ]
138 verbose reify failed optional dependency /home/rodriguezcasmarialuisa/blog-backend/blog-frontend/node_modules/@esbuild/netbsd-arm64
139 silly reify mark deleted [
139 silly reify   '/home/rodriguezcasmarialuisa/blog-backend/blog-frontend/node_modules/@esbuild/netbsd-arm64'
139 silly reify ]
140 verbose reify failed optional dependency /home/rodriguezcasmarialuisa/blog-backend/blog-frontend/node_modules/@esbuild/linux-s390x
141 silly reify mark deleted [
141 silly reify   '/home/rodriguezcasmarialuisa/blog-backend/blog-frontend/node_modules/@esbuild/linux-s390x'
141 silly reify ]
142 verbose reify failed optional dependency /home/rodriguezcasmarialuisa/blog-backend/blog-frontend/node_modules/@esbuild/linux-riscv64
143 silly reify mark deleted [
143 silly reify   '/home/rodriguezcasmarialuisa/blog-backend/blog-frontend/node_modules/@esbuild/linux-riscv64'
143 silly reify ]
144 verbose reify failed optional dependency /home/rodriguezcasmarialuisa/blog-backend/blog-frontend/node_modules/@esbuild/linux-ppc64
145 silly reify mark deleted [
145 silly reify   '/home/rodriguezcasmarialuisa/blog-backend/blog-frontend/node_modules/@esbuild/linux-ppc64'
145 silly reify ]
146 verbose reify failed optional dependency /home/rodriguezcasmarialuisa/blog-backend/blog-frontend/node_modules/@esbuild/linux-mips64el
147 silly reify mark deleted [
147 silly reify   '/home/rodriguezcasmarialuisa/blog-backend/blog-frontend/node_modules/@esbuild/linux-mips64el'
147 silly reify ]
148 verbose reify failed optional dependency /home/rodriguezcasmarialuisa/blog-backend/blog-frontend/node_modules/@esbuild/linux-loong64
149 silly reify mark deleted [
149 silly reify   '/home/rodriguezcasmarialuisa/blog-backend/blog-frontend/node_modules/@esbuild/linux-loong64'
149 silly reify ]
150 verbose reify failed optional dependency /home/rodriguezcasmarialuisa/blog-backend/blog-frontend/node_modules/@esbuild/linux-ia32
151 silly reify mark deleted [
151 silly reify   '/home/rodriguezcasmarialuisa/blog-backend/blog-frontend/node_modules/@esbuild/linux-ia32'
151 silly reify ]
152 verbose reify failed optional dependency /home/rodriguezcasmarialuisa/blog-backend/blog-frontend/node_modules/@esbuild/linux-arm64
153 silly reify mark deleted [
153 silly reify   '/home/rodriguezcasmarialuisa/blog-backend/blog-frontend/node_modules/@esbuild/linux-arm64'
153 silly reify ]
154 verbose reify failed optional dependency /home/rodriguezcasmarialuisa/blog-backend/blog-frontend/node_modules/@esbuild/linux-arm
155 silly reify mark deleted [
155 silly reify   '/home/rodriguezcasmarialuisa/blog-backend/blog-frontend/node_modules/@esbuild/linux-arm'
155 silly reify ]
156 verbose reify failed optional dependency /home/rodriguezcasmarialuisa/blog-backend/blog-frontend/node_modules/@esbuild/freebsd-x64
157 silly reify mark deleted [
157 silly reify   '/home/rodriguezcasmarialuisa/blog-backend/blog-frontend/node_modules/@esbuild/freebsd-x64'
157 silly reify ]
158 verbose reify failed optional dependency /home/rodriguezcasmarialuisa/blog-backend/blog-frontend/node_modules/@esbuild/freebsd-arm64
159 silly reify mark deleted [
159 silly reify   '/home/rodriguezcasmarialuisa/blog-backend/blog-frontend/node_modules/@esbuild/freebsd-arm64'
159 silly reify ]
160 verbose reify failed optional dependency /home/rodriguezcasmarialuisa/blog-backend/blog-frontend/node_modules/@esbuild/darwin-x64
161 silly reify mark deleted [
161 silly reify   '/home/rodriguezcasmarialuisa/blog-backend/blog-frontend/node_modules/@esbuild/darwin-x64'
161 silly reify ]
162 verbose reify failed optional dependency /home/rodriguezcasmarialuisa/blog-backend/blog-frontend/node_modules/@esbuild/darwin-arm64
163 silly reify mark deleted [
163 silly reify   '/home/rodriguezcasmarialuisa/blog-backend/blog-frontend/node_modules/@esbuild/darwin-arm64'
163 silly reify ]
164 verbose reify failed optional dependency /home/rodriguezcasmarialuisa/blog-backend/blog-frontend/node_modules/@esbuild/android-x64
165 silly reify mark deleted [
165 silly reify   '/home/rodriguezcasmarialuisa/blog-backend/blog-frontend/node_modules/@esbuild/android-x64'
165 silly reify ]
166 verbose reify failed optional dependency /home/rodriguezcasmarialuisa/blog-backend/blog-frontend/node_modules/@esbuild/android-arm64
167 silly reify mark deleted [
167 silly reify   '/home/rodriguezcasmarialuisa/blog-backend/blog-frontend/node_modules/@esbuild/android-arm64'
167 silly reify ]
168 verbose reify failed optional dependency /home/rodriguezcasmarialuisa/blog-backend/blog-frontend/node_modules/@esbuild/android-arm
169 silly reify mark deleted [
169 silly reify   '/home/rodriguezcasmarialuisa/blog-backend/blog-frontend/node_modules/@esbuild/android-arm'
169 silly reify ]
170 verbose reify failed optional dependency /home/rodriguezcasmarialuisa/blog-backend/blog-frontend/node_modules/@esbuild/aix-ppc64
171 silly reify mark deleted [
171 silly reify   '/home/rodriguezcasmarialuisa/blog-backend/blog-frontend/node_modules/@esbuild/aix-ppc64'
171 silly reify ]
172 silly tarball no local data for react-router@https://registry.npmjs.org/react-router/-/react-router-6.29.0.tgz. Extracting by manifest.
173 silly tarball no local data for @remix-run/router@https://registry.npmjs.org/@remix-run/router/-/router-1.22.0.tgz. Extracting by manifest.
174 silly tarball no local data for mime-db@https://registry.npmjs.org/mime-db/-/mime-db-1.52.0.tgz. Extracting by manifest.
175 silly tarball no local data for delayed-stream@https://registry.npmjs.org/delayed-stream/-/delayed-stream-1.0.0.tgz. Extracting by manifest.
176 silly tarball no local data for mime-types@https://registry.npmjs.org/mime-types/-/mime-types-2.1.35.tgz. Extracting by manifest.
177 silly tarball no local data for combined-stream@https://registry.npmjs.org/combined-stream/-/combined-stream-1.0.8.tgz. Extracting by manifest.
178 silly tarball no local data for asynckit@https://registry.npmjs.org/asynckit/-/asynckit-0.4.0.tgz. Extracting by manifest.
179 silly tarball no local data for proxy-from-env@https://registry.npmjs.org/proxy-from-env/-/proxy-from-env-1.1.0.tgz. Extracting by manifest.
180 silly tarball no local data for form-data@https://registry.npmjs.org/form-data/-/form-data-4.0.2.tgz. Extracting by manifest.
181 silly tarball no local data for follow-redirects@https://registry.npmjs.org/follow-redirects/-/follow-redirects-1.15.9.tgz. Extracting by manifest.
182 silly tarball no local data for react-router-dom@https://registry.npmjs.org/react-router-dom/-/react-router-dom-6.29.0.tgz. Extracting by manifest.
183 silly tarball no local data for axios@https://registry.npmjs.org/axios/-/axios-1.7.9.tgz. Extracting by manifest.
184 silly tarball no local data for @rollup/rollup-linux-x64-musl@https://registry.npmjs.org/@rollup/rollup-linux-x64-musl/-/rollup-linux-x64-musl-4.34.8.tgz. Extracting by manifest.
185 http fetch POST 200 https://registry.npmjs.org/-/npm/v1/security/advisories/bulk 134ms
186 silly audit report {
186 silly audit report   esbuild: [
186 silly audit report     {
186 silly audit report       id: 1102341,
186 silly audit report       url: 'https://github.com/advisories/GHSA-67mh-4wv8-2f99',
186 silly audit report       title: 'esbuild enables any website to send any requests to the development server and read the response',
186 silly audit report       severity: 'moderate',
186 silly audit report       vulnerable_versions: '<=0.24.2',
186 silly audit report       cwe: [Array],
186 silly audit report       cvss: [Object]
186 silly audit report     }
186 silly audit report   ]
186 silly audit report }
187 silly packumentCache corgi:https://registry.npmjs.org/esbuild cache-miss
188 http fetch GET 200 https://registry.npmjs.org/esbuild 176ms (cache hit)
189 silly packumentCache corgi:https://registry.npmjs.org/esbuild set size:854012 disposed:false
190 silly packumentCache corgi:https://registry.npmjs.org/vite cache-miss
191 http fetch GET 200 https://registry.npmjs.org/delayed-stream/-/delayed-stream-1.0.0.tgz 340ms (cache miss)
192 http fetch GET 200 https://registry.npmjs.org/mime-types/-/mime-types-2.1.35.tgz 343ms (cache miss)
193 http fetch GET 200 https://registry.npmjs.org/proxy-from-env/-/proxy-from-env-1.1.0.tgz 345ms (cache miss)
194 http fetch GET 200 https://registry.npmjs.org/combined-stream/-/combined-stream-1.0.8.tgz 349ms (cache miss)
195 http fetch GET 200 https://registry.npmjs.org/follow-redirects/-/follow-redirects-1.15.9.tgz 361ms (cache miss)
196 http fetch GET 200 https://registry.npmjs.org/form-data/-/form-data-4.0.2.tgz 362ms (cache miss)
197 http fetch GET 200 https://registry.npmjs.org/vite 74ms (cache hit)
198 silly packumentCache corgi:https://registry.npmjs.org/vite set size:1894885 disposed:false
199 silly packumentCache corgi:https://registry.npmjs.org/@vitejs%2fplugin-react cache-miss
200 http fetch GET 200 https://registry.npmjs.org/asynckit/-/asynckit-0.4.0.tgz 531ms (cache miss)
201 http fetch GET 200 https://registry.npmjs.org/mime-db/-/mime-db-1.52.0.tgz 540ms (cache miss)
202 http fetch GET 200 https://registry.npmjs.org/@vitejs%2fplugin-react 153ms (cache hit)
203 silly packumentCache corgi:https://registry.npmjs.org/@vitejs%2fplugin-react set size:83349 disposed:false
204 http fetch GET 200 https://registry.npmjs.org/react-router-dom/-/react-router-dom-6.29.0.tgz 669ms (cache miss)
205 http fetch GET 200 https://registry.npmjs.org/react-router/-/react-router-6.29.0.tgz 680ms (cache miss)
206 http fetch GET 200 https://registry.npmjs.org/@rollup/rollup-linux-x64-musl/-/rollup-linux-x64-musl-4.34.8.tgz 736ms (cache miss)
207 http fetch GET 200 https://registry.npmjs.org/@remix-run/router/-/router-1.22.0.tgz 756ms (cache miss)
208 http fetch GET 200 https://registry.npmjs.org/axios/-/axios-1.7.9.tgz 764ms (cache miss)
209 silly ADD node_modules/react-router
210 silly ADD node_modules/@remix-run/router
211 silly ADD node_modules/mime-db
212 silly ADD node_modules/delayed-stream
213 silly ADD node_modules/mime-types
214 silly ADD node_modules/combined-stream
215 silly ADD node_modules/asynckit
216 silly ADD node_modules/proxy-from-env
217 silly ADD node_modules/form-data
218 silly ADD node_modules/follow-redirects
219 silly ADD node_modules/react-router-dom
220 silly ADD node_modules/axios
221 silly ADD
222 silly ADD
223 silly ADD
224 silly ADD
225 silly ADD node_modules/@rollup/rollup-linux-x64-musl
226 silly ADD
227 silly ADD
228 silly ADD
229 silly ADD
230 silly ADD
231 silly ADD
232 silly ADD
233 silly ADD
234 silly ADD
235 silly ADD
236 silly ADD
237 silly ADD
238 silly ADD
239 silly ADD
240 silly ADD
241 silly ADD
242 silly ADD
243 silly ADD
244 silly ADD
245 silly ADD
246 silly ADD
247 silly ADD
248 silly ADD
249 silly ADD
250 silly ADD
251 silly ADD
252 silly ADD
253 silly ADD
254 silly ADD
255 silly ADD
256 silly ADD
257 silly ADD
258 silly ADD
259 silly ADD
260 silly ADD
261 silly ADD
262 silly ADD
263 silly ADD
264 verbose cwd /home/rodriguezcasmarialuisa/blog-backend/blog-frontend
265 verbose os Linux 6.8.0-1021-gcp
266 verbose node v18.20.6
267 verbose npm  v10.8.2
268 verbose exit 0
269 info ok
